Analysis & Synthesis report for SDRAM
Fri Feb 14 10:26:05 2025
Quartus Prime Version 23.1std.0 Build 991 11/28/2023 SC Lite Edition


---------------------
; Table of Contents ;
---------------------
  1. Legal Notice
  2. Analysis & Synthesis Summary
  3. Analysis & Synthesis Settings
  4. Parallel Compilation
  5. Analysis & Synthesis Source Files Read
  6. Analysis & Synthesis Resource Usage Summary
  7. Analysis & Synthesis Resource Utilization by Entity
  8. Analysis & Synthesis IP Cores Summary
  9. General Register Statistics
 10. Source assignments for RAM1:myram|altsyncram:altsyncram_component|altsyncram_nqe1:auto_generated
 11. Parameter Settings for User Entity Instance: RAM1:myram|altsyncram:altsyncram_component
 12. altsyncram Parameter Settings by Entity Instance
 13. Port Connectivity Checks: "RAM1:myram"
 14. Post-Synthesis Netlist Statistics for Top Partition
 15. Elapsed Time Per Partition
 16. Analysis & Synthesis Messages



----------------
; Legal Notice ;
----------------
Copyright (C) 2023  Intel Corporation. All rights reserved.
Your use of Intel Corporation's design tools, logic functions 
and other software and tools, and any partner logic 
functions, and any output files from any of the foregoing 
(including device programming or simulation files), and any 
associated documentation or information are expressly subject 
to the terms and conditions of the Intel Program License 
Subscription Agreement, the Intel Quartus Prime License Agreement,
the Intel FPGA IP License Agreement, or other applicable license
agreement, including, without limitation, that your use is for
the sole purpose of programming logic devices manufactured by
Intel and sold by Intel or its authorized distributors.  Please
refer to the applicable agreement for further details, at
https://fpgasoftware.intel.com/eula.



+-------------------------------------------------------------------------------------+
; Analysis & Synthesis Summary                                                        ;
+------------------------------------+------------------------------------------------+
; Analysis & Synthesis Status        ; Successful - Fri Feb 14 10:26:05 2025          ;
; Quartus Prime Version              ; 23.1std.0 Build 991 11/28/2023 SC Lite Edition ;
; Revision Name                      ; SDRAM                                          ;
; Top-level Entity Name              ; SDRAM_1                                        ;
; Family                             ; MAX 10                                         ;
; Total logic elements               ; 0                                              ;
;     Total combinational functions  ; 0                                              ;
;     Dedicated logic registers      ; 0                                              ;
; Total registers                    ; 0                                              ;
; Total pins                         ; 185                                            ;
; Total virtual pins                 ; 0                                              ;
; Total memory bits                  ; 0                                              ;
; Embedded Multiplier 9-bit elements ; 0                                              ;
; Total PLLs                         ; 0                                              ;
; UFM blocks                         ; 0                                              ;
; ADC blocks                         ; 0                                              ;
+------------------------------------+------------------------------------------------+


+------------------------------------------------------------------------------------------------------------+
; Analysis & Synthesis Settings                                                                              ;
+------------------------------------------------------------------+--------------------+--------------------+
; Option                                                           ; Setting            ; Default Value      ;
+------------------------------------------------------------------+--------------------+--------------------+
; Device                                                           ; 10M50DAF484C6GES   ;                    ;
; Top-level entity name                                            ; SDRAM_1            ; SDRAM              ;
; Family name                                                      ; MAX 10             ; Cyclone V          ;
; Use smart compilation                                            ; Off                ; Off                ;
; Enable parallel Assembler and Timing Analyzer during compilation ; On                 ; On                 ;
; Enable compact report table                                      ; Off                ; Off                ;
; Restructure Multiplexers                                         ; Auto               ; Auto               ;
; Create Debugging Nodes for IP Cores                              ; Off                ; Off                ;
; Preserve fewer node names                                        ; On                 ; On                 ;
; Intel FPGA IP Evaluation Mode                                    ; Enable             ; Enable             ;
; Verilog Version                                                  ; Verilog_2001       ; Verilog_2001       ;
; VHDL Version                                                     ; VHDL_1993          ; VHDL_1993          ;
; State Machine Processing                                         ; Auto               ; Auto               ;
; Safe State Machine                                               ; Off                ; Off                ;
; Extract Verilog State Machines                                   ; On                 ; On                 ;
; Extract VHDL State Machines                                      ; On                 ; On                 ;
; Ignore Verilog initial constructs                                ; Off                ; Off                ;
; Iteration limit for constant Verilog loops                       ; 5000               ; 5000               ;
; Iteration limit for non-constant Verilog loops                   ; 250                ; 250                ;
; Add Pass-Through Logic to Inferred RAMs                          ; On                 ; On                 ;
; Infer RAMs from Raw Logic                                        ; On                 ; On                 ;
; Parallel Synthesis                                               ; On                 ; On                 ;
; DSP Block Balancing                                              ; Auto               ; Auto               ;
; NOT Gate Push-Back                                               ; On                 ; On                 ;
; Power-Up Don't Care                                              ; On                 ; On                 ;
; Remove Redundant Logic Cells                                     ; Off                ; Off                ;
; Remove Duplicate Registers                                       ; On                 ; On                 ;
; Ignore CARRY Buffers                                             ; Off                ; Off                ;
; Ignore CASCADE Buffers                                           ; Off                ; Off                ;
; Ignore GLOBAL Buffers                                            ; Off                ; Off                ;
; Ignore ROW GLOBAL Buffers                                        ; Off                ; Off                ;
; Ignore LCELL Buffers                                             ; Off                ; Off                ;
; Ignore SOFT Buffers                                              ; On                 ; On                 ;
; Limit AHDL Integers to 32 Bits                                   ; Off                ; Off                ;
; Optimization Technique                                           ; Balanced           ; Balanced           ;
; Carry Chain Length                                               ; 70                 ; 70                 ;
; Auto Carry Chains                                                ; On                 ; On                 ;
; Auto Open-Drain Pins                                             ; On                 ; On                 ;
; Perform WYSIWYG Primitive Resynthesis                            ; Off                ; Off                ;
; Auto ROM Replacement                                             ; On                 ; On                 ;
; Auto RAM Replacement                                             ; On                 ; On                 ;
; Auto DSP Block Replacement                                       ; On                 ; On                 ;
; Auto Shift Register Replacement                                  ; Auto               ; Auto               ;
; Allow Shift Register Merging across Hierarchies                  ; Auto               ; Auto               ;
; Auto Clock Enable Replacement                                    ; On                 ; On                 ;
; Strict RAM Replacement                                           ; Off                ; Off                ;
; Allow Synchronous Control Signals                                ; On                 ; On                 ;
; Force Use of Synchronous Clear Signals                           ; Off                ; Off                ;
; Auto RAM Block Balancing                                         ; On                 ; On                 ;
; Auto RAM to Logic Cell Conversion                                ; Off                ; Off                ;
; Auto Resource Sharing                                            ; Off                ; Off                ;
; Allow Any RAM Size For Recognition                               ; Off                ; Off                ;
; Allow Any ROM Size For Recognition                               ; Off                ; Off                ;
; Allow Any Shift Register Size For Recognition                    ; Off                ; Off                ;
; Use LogicLock Constraints during Resource Balancing              ; On                 ; On                 ;
; Ignore translate_off and synthesis_off directives                ; Off                ; Off                ;
; Timing-Driven Synthesis                                          ; On                 ; On                 ;
; Report Parameter Settings                                        ; On                 ; On                 ;
; Report Source Assignments                                        ; On                 ; On                 ;
; Report Connectivity Checks                                       ; On                 ; On                 ;
; Ignore Maximum Fan-Out Assignments                               ; Off                ; Off                ;
; Synchronization Register Chain Length                            ; 2                  ; 2                  ;
; Power Optimization During Synthesis                              ; Normal compilation ; Normal compilation ;
; HDL message level                                                ; Level2             ; Level2             ;
; Suppress Register Optimization Related Messages                  ; Off                ; Off                ;
; Number of Removed Registers Reported in Synthesis Report         ; 5000               ; 5000               ;
; Number of Swept Nodes Reported in Synthesis Report               ; 5000               ; 5000               ;
; Number of Inverted Registers Reported in Synthesis Report        ; 100                ; 100                ;
; Clock MUX Protection                                             ; On                 ; On                 ;
; Auto Gated Clock Conversion                                      ; Off                ; Off                ;
; Block Design Naming                                              ; Auto               ; Auto               ;
; SDC constraint protection                                        ; Off                ; Off                ;
; Synthesis Effort                                                 ; Auto               ; Auto               ;
; Shift Register Replacement - Allow Asynchronous Clear Signal     ; On                 ; On                 ;
; Pre-Mapping Resynthesis Optimization                             ; Off                ; Off                ;
; Analysis & Synthesis Message Level                               ; Medium             ; Medium             ;
; Disable Register Merging Across Hierarchies                      ; Auto               ; Auto               ;
; Resource Aware Inference For Block RAM                           ; On                 ; On                 ;
+------------------------------------------------------------------+--------------------+--------------------+


+------------------------------------------+
; Parallel Compilation                     ;
+----------------------------+-------------+
; Processors                 ; Number      ;
+----------------------------+-------------+
; Number detected on machine ; 8           ;
; Maximum allowed            ; 4           ;
;                            ;             ;
; Average used               ; 1.00        ;
; Maximum used               ; 1           ;
;                            ;             ;
; Usage by Processor         ; % Time Used ;
;     Processor 1            ; 100.0%      ;
+----------------------------+-------------+


+-----------------------------------------------------------------------------------------------------------------------------------------------------------------------------------------+
; Analysis & Synthesis Source Files Read                                                                                                                                                  ;
+----------------------------------+-----------------+------------------------------+-------------------------------------------------------------------------------------------+---------+
; File Name with User-Entered Path ; Used in Netlist ; File Type                    ; File Name with Absolute Path                                                              ; Library ;
+----------------------------------+-----------------+------------------------------+-------------------------------------------------------------------------------------------+---------+
; SDRAM_1.v                        ; yes             ; User Verilog HDL File        ; C:/Users/DNLD/Documents/Projects/DE10_projects/DE10_Lite_SDRAM/RTL/SDRAM_1.v              ;         ;
; RAM1.v                           ; yes             ; User Wizard-Generated File   ; C:/Users/DNLD/Documents/Projects/DE10_projects/DE10_Lite_SDRAM/RTL/RAM1.v                 ;         ;
; altsyncram.tdf                   ; yes             ; Megafunction                 ; c:/intelfpga_lite/23.1std/quartus/libraries/megafunctions/altsyncram.tdf                  ;         ;
; stratix_ram_block.inc            ; yes             ; Megafunction                 ; c:/intelfpga_lite/23.1std/quartus/libraries/megafunctions/stratix_ram_block.inc           ;         ;
; lpm_mux.inc                      ; yes             ; Megafunction                 ; c:/intelfpga_lite/23.1std/quartus/libraries/megafunctions/lpm_mux.inc                     ;         ;
; lpm_decode.inc                   ; yes             ; Megafunction                 ; c:/intelfpga_lite/23.1std/quartus/libraries/megafunctions/lpm_decode.inc                  ;         ;
; aglobal231.inc                   ; yes             ; Megafunction                 ; c:/intelfpga_lite/23.1std/quartus/libraries/megafunctions/aglobal231.inc                  ;         ;
; a_rdenreg.inc                    ; yes             ; Megafunction                 ; c:/intelfpga_lite/23.1std/quartus/libraries/megafunctions/a_rdenreg.inc                   ;         ;
; altrom.inc                       ; yes             ; Megafunction                 ; c:/intelfpga_lite/23.1std/quartus/libraries/megafunctions/altrom.inc                      ;         ;
; altram.inc                       ; yes             ; Megafunction                 ; c:/intelfpga_lite/23.1std/quartus/libraries/megafunctions/altram.inc                      ;         ;
; altdpram.inc                     ; yes             ; Megafunction                 ; c:/intelfpga_lite/23.1std/quartus/libraries/megafunctions/altdpram.inc                    ;         ;
; db/altsyncram_nqe1.tdf           ; yes             ; Auto-Generated Megafunction  ; C:/Users/DNLD/Documents/Projects/DE10_projects/DE10_Lite_SDRAM/RTL/db/altsyncram_nqe1.tdf ;         ;
+----------------------------------+-----------------+------------------------------+-------------------------------------------------------------------------------------------+---------+


+-----------------------------------------------------------------+
; Analysis & Synthesis Resource Usage Summary                     ;
+---------------------------------------------+-------------------+
; Resource                                    ; Usage             ;
+---------------------------------------------+-------------------+
;                                             ;                   ;
; Total combinational functions               ; 0                 ;
; Logic element usage by number of LUT inputs ;                   ;
;     -- 4 input functions                    ; 0                 ;
;     -- 3 input functions                    ; 0                 ;
;     -- <=2 input functions                  ; 0                 ;
;                                             ;                   ;
; Logic elements by mode                      ;                   ;
;     -- normal mode                          ; 0                 ;
;     -- arithmetic mode                      ; 0                 ;
;                                             ;                   ;
; Total registers                             ; 0                 ;
;     -- Dedicated logic registers            ; 0                 ;
;     -- I/O registers                        ; 0                 ;
;                                             ;                   ;
; I/O pins                                    ; 185               ;
;                                             ;                   ;
; Embedded Multiplier 9-bit elements          ; 0                 ;
;                                             ;                   ;
; Maximum fan-out node                        ; DRAM_DQ[0]~output ;
; Maximum fan-out                             ; 1                 ;
; Total fan-out                               ; 256               ;
; Average fan-out                             ; 0.58              ;
+---------------------------------------------+-------------------+


+------------------------------------------------------------------------------------------------------------------------------------------------------------------------------------------------------------------------------------+
; Analysis & Synthesis Resource Utilization by Entity                                                                                                                                                                                ;
+----------------------------+---------------------+---------------------------+-------------+------------+--------------+---------+-----------+------+--------------+------------+---------------------+-------------+--------------+
; Compilation Hierarchy Node ; Combinational ALUTs ; Dedicated Logic Registers ; Memory Bits ; UFM Blocks ; DSP Elements ; DSP 9x9 ; DSP 18x18 ; Pins ; Virtual Pins ; ADC blocks ; Full Hierarchy Name ; Entity Name ; Library Name ;
+----------------------------+---------------------+---------------------------+-------------+------------+--------------+---------+-----------+------+--------------+------------+---------------------+-------------+--------------+
; |SDRAM_1                   ; 0 (0)               ; 0 (0)                     ; 0           ; 0          ; 0            ; 0       ; 0         ; 185  ; 0            ; 0          ; |SDRAM_1            ; SDRAM_1     ; work         ;
+----------------------------+---------------------+---------------------------+-------------+------------+--------------+---------+-----------+------+--------------+------------+---------------------+-------------+--------------+
Note: For table entries with two numbers listed, the numbers in parentheses indicate the number of resources of the given type used by the specific entity alone. The numbers listed outside of parentheses indicate the total resources of the given type used by the specific entity and all of its sub-entities in the hierarchy.


+-------------------------------------------------------------------------------------------------------+
; Analysis & Synthesis IP Cores Summary                                                                 ;
+--------+--------------+---------+--------------+--------------+---------------------+-----------------+
; Vendor ; IP Core Name ; Version ; Release Date ; License Type ; Entity Instance     ; IP Include File ;
+--------+--------------+---------+--------------+--------------+---------------------+-----------------+
; Altera ; RAM: 1-PORT  ; 23.1    ; N/A          ; N/A          ; |SDRAM_1|RAM1:myram ; RAM1.v          ;
+--------+--------------+---------+--------------+--------------+---------------------+-----------------+


+------------------------------------------------------+
; General Register Statistics                          ;
+----------------------------------------------+-------+
; Statistic                                    ; Value ;
+----------------------------------------------+-------+
; Total registers                              ; 0     ;
; Number of registers using Synchronous Clear  ; 0     ;
; Number of registers using Synchronous Load   ; 0     ;
; Number of registers using Asynchronous Clear ; 0     ;
; Number of registers using Asynchronous Load  ; 0     ;
; Number of registers using Clock Enable       ; 0     ;
; Number of registers using Preset             ; 0     ;
+----------------------------------------------+-------+


+--------------------------------------------------------------------------------------------------+
; Source assignments for RAM1:myram|altsyncram:altsyncram_component|altsyncram_nqe1:auto_generated ;
+---------------------------------+--------------------+------+------------------------------------+
; Assignment                      ; Value              ; From ; To                                 ;
+---------------------------------+--------------------+------+------------------------------------+
; OPTIMIZE_POWER_DURING_SYNTHESIS ; NORMAL_COMPILATION ; -    ; -                                  ;
+---------------------------------+--------------------+------+------------------------------------+


+-----------------------------------------------------------------------------------------+
; Parameter Settings for User Entity Instance: RAM1:myram|altsyncram:altsyncram_component ;
+------------------------------------+----------------------+-----------------------------+
; Parameter Name                     ; Value                ; Type                        ;
+------------------------------------+----------------------+-----------------------------+
; BYTE_SIZE_BLOCK                    ; 8                    ; Untyped                     ;
; AUTO_CARRY_CHAINS                  ; ON                   ; AUTO_CARRY                  ;
; IGNORE_CARRY_BUFFERS               ; OFF                  ; IGNORE_CARRY                ;
; AUTO_CASCADE_CHAINS                ; ON                   ; AUTO_CASCADE                ;
; IGNORE_CASCADE_BUFFERS             ; OFF                  ; IGNORE_CASCADE              ;
; WIDTH_BYTEENA                      ; 1                    ; Untyped                     ;
; OPERATION_MODE                     ; SINGLE_PORT          ; Untyped                     ;
; WIDTH_A                            ; 16                   ; Signed Integer              ;
; WIDTHAD_A                          ; 8                    ; Signed Integer              ;
; NUMWORDS_A                         ; 256                  ; Signed Integer              ;
; OUTDATA_REG_A                      ; CLOCK0               ; Untyped                     ;
; ADDRESS_ACLR_A                     ; NONE                 ; Untyped                     ;
; OUTDATA_ACLR_A                     ; NONE                 ; Untyped                     ;
; WRCONTROL_ACLR_A                   ; NONE                 ; Untyped                     ;
; INDATA_ACLR_A                      ; NONE                 ; Untyped                     ;
; BYTEENA_ACLR_A                     ; NONE                 ; Untyped                     ;
; WIDTH_B                            ; 1                    ; Untyped                     ;
; WIDTHAD_B                          ; 1                    ; Untyped                     ;
; NUMWORDS_B                         ; 1                    ; Untyped                     ;
; INDATA_REG_B                       ; CLOCK1               ; Untyped                     ;
; WRCONTROL_WRADDRESS_REG_B          ; CLOCK1               ; Untyped                     ;
; RDCONTROL_REG_B                    ; CLOCK1               ; Untyped                     ;
; ADDRESS_REG_B                      ; CLOCK1               ; Untyped                     ;
; OUTDATA_REG_B                      ; UNREGISTERED         ; Untyped                     ;
; BYTEENA_REG_B                      ; CLOCK1               ; Untyped                     ;
; INDATA_ACLR_B                      ; NONE                 ; Untyped                     ;
; WRCONTROL_ACLR_B                   ; NONE                 ; Untyped                     ;
; ADDRESS_ACLR_B                     ; NONE                 ; Untyped                     ;
; OUTDATA_ACLR_B                     ; NONE                 ; Untyped                     ;
; RDCONTROL_ACLR_B                   ; NONE                 ; Untyped                     ;
; BYTEENA_ACLR_B                     ; NONE                 ; Untyped                     ;
; WIDTH_BYTEENA_A                    ; 1                    ; Signed Integer              ;
; WIDTH_BYTEENA_B                    ; 1                    ; Untyped                     ;
; RAM_BLOCK_TYPE                     ; AUTO                 ; Untyped                     ;
; BYTE_SIZE                          ; 8                    ; Untyped                     ;
; READ_DURING_WRITE_MODE_MIXED_PORTS ; DONT_CARE            ; Untyped                     ;
; READ_DURING_WRITE_MODE_PORT_A      ; NEW_DATA_NO_NBE_READ ; Untyped                     ;
; READ_DURING_WRITE_MODE_PORT_B      ; NEW_DATA_NO_NBE_READ ; Untyped                     ;
; INIT_FILE                          ; UNUSED               ; Untyped                     ;
; INIT_FILE_LAYOUT                   ; PORT_A               ; Untyped                     ;
; MAXIMUM_DEPTH                      ; 0                    ; Untyped                     ;
; CLOCK_ENABLE_INPUT_A               ; BYPASS               ; Untyped                     ;
; CLOCK_ENABLE_INPUT_B               ; NORMAL               ; Untyped                     ;
; CLOCK_ENABLE_OUTPUT_A              ; BYPASS               ; Untyped                     ;
; CLOCK_ENABLE_OUTPUT_B              ; NORMAL               ; Untyped                     ;
; CLOCK_ENABLE_CORE_A                ; USE_INPUT_CLKEN      ; Untyped                     ;
; CLOCK_ENABLE_CORE_B                ; USE_INPUT_CLKEN      ; Untyped                     ;
; ENABLE_ECC                         ; FALSE                ; Untyped                     ;
; ECC_PIPELINE_STAGE_ENABLED         ; FALSE                ; Untyped                     ;
; WIDTH_ECCSTATUS                    ; 3                    ; Untyped                     ;
; DEVICE_FAMILY                      ; MAX 10               ; Untyped                     ;
; CBXI_PARAMETER                     ; altsyncram_nqe1      ; Untyped                     ;
+------------------------------------+----------------------+-----------------------------+
Note: In order to hide this table in the UI and the text report file, please set the "Show Parameter Settings in Synthesis Report" option in "Analysis and Synthesis Settings -> More Settings" to "Off".


+----------------------------------------------------------------------------------------+
; altsyncram Parameter Settings by Entity Instance                                       ;
+-------------------------------------------+--------------------------------------------+
; Name                                      ; Value                                      ;
+-------------------------------------------+--------------------------------------------+
; Number of entity instances                ; 1                                          ;
; Entity Instance                           ; RAM1:myram|altsyncram:altsyncram_component ;
;     -- OPERATION_MODE                     ; SINGLE_PORT                                ;
;     -- WIDTH_A                            ; 16                                         ;
;     -- NUMWORDS_A                         ; 256                                        ;
;     -- OUTDATA_REG_A                      ; CLOCK0                                     ;
;     -- WIDTH_B                            ; 1                                          ;
;     -- NUMWORDS_B                         ; 1                                          ;
;     -- ADDRESS_REG_B                      ; CLOCK1                                     ;
;     -- OUTDATA_REG_B                      ; UNREGISTERED                               ;
;     -- RAM_BLOCK_TYPE                     ; AUTO                                       ;
;     -- READ_DURING_WRITE_MODE_MIXED_PORTS ; DONT_CARE                                  ;
+-------------------------------------------+--------------------------------------------+


+----------------------------------------------------------------------------------------------------------------------------------------------+
; Port Connectivity Checks: "RAM1:myram"                                                                                                       ;
+---------------+--------+----------+----------------------------------------------------------------------------------------------------------+
; Port          ; Type   ; Severity ; Details                                                                                                  ;
+---------------+--------+----------+----------------------------------------------------------------------------------------------------------+
; address[5..4] ; Input  ; Info     ; Stuck at VCC                                                                                             ;
; address[2..0] ; Input  ; Info     ; Stuck at VCC                                                                                             ;
; address[7..6] ; Input  ; Info     ; Stuck at GND                                                                                             ;
; address[3]    ; Input  ; Info     ; Stuck at GND                                                                                             ;
; data[15..5]   ; Input  ; Info     ; Stuck at GND                                                                                             ;
; data[3..1]    ; Input  ; Info     ; Stuck at GND                                                                                             ;
; data[4]       ; Input  ; Info     ; Stuck at VCC                                                                                             ;
; data[0]       ; Input  ; Info     ; Stuck at VCC                                                                                             ;
; wren          ; Input  ; Info     ; Stuck at GND                                                                                             ;
; q             ; Output ; Warning  ; Declared by entity but not connected by instance. Logic that only feeds a dangling port will be removed. ;
+---------------+--------+----------+----------------------------------------------------------------------------------------------------------+


+-----------------------------------------------------+
; Post-Synthesis Netlist Statistics for Top Partition ;
+-----------------------+-----------------------------+
; Type                  ; Count                       ;
+-----------------------+-----------------------------+
; boundary_port         ; 185                         ;
; cycloneiii_io_obuf    ; 71                          ;
; cycloneiii_lcell_comb ; 1                           ;
;     normal            ; 1                           ;
;         0 data inputs ; 1                           ;
;                       ;                             ;
; Max LUT depth         ; 0.00                        ;
; Average LUT depth     ; 0.00                        ;
+-----------------------+-----------------------------+


+-------------------------------+
; Elapsed Time Per Partition    ;
+----------------+--------------+
; Partition Name ; Elapsed Time ;
+----------------+--------------+
; Top            ; 00:00:00     ;
+----------------+--------------+


+-------------------------------+
; Analysis & Synthesis Messages ;
+-------------------------------+
Info: *******************************************************************
Info: Running Quartus Prime Analysis & Synthesis
    Info: Version 23.1std.0 Build 991 11/28/2023 SC Lite Edition
    Info: Processing started: Fri Feb 14 10:25:55 2025
Info: Command: quartus_map --read_settings_files=on --write_settings_files=off SDRAM -c SDRAM
Warning (18236): Number of processors has not been specified which may cause overloading on shared machines.  Set the global assignment NUM_PARALLEL_PROCESSORS in your QSF to an appropriate value for best performance.
Info (20030): Parallel compilation is enabled and will use 4 of the 4 processors detected
Info (12021): Found 1 design units, including 1 entities, in source file sdram_1.v
    Info (12023): Found entity 1: SDRAM_1 File: C:/Users/DNLD/Documents/Projects/DE10_projects/DE10_Lite_SDRAM/RTL/SDRAM_1.v Line: 29
Info (12021): Found 1 design units, including 1 entities, in source file ram1.v
    Info (12023): Found entity 1: RAM1 File: C:/Users/DNLD/Documents/Projects/DE10_projects/DE10_Lite_SDRAM/RTL/RAM1.v Line: 40
Info (12127): Elaborating entity "SDRAM_1" for the top level hierarchy
Warning (10030): Net "q[0]" at SDRAM_1.v(134) has no driver or initial value, using a default initial value '0' File: C:/Users/DNLD/Documents/Projects/DE10_projects/DE10_Lite_SDRAM/RTL/SDRAM_1.v Line: 134
Warning (10034): Output port "DRAM_ADDR" at SDRAM_1.v(46) has no driver File: C:/Users/DNLD/Documents/Projects/DE10_projects/DE10_Lite_SDRAM/RTL/SDRAM_1.v Line: 46
Warning (10034): Output port "DRAM_BA" at SDRAM_1.v(47) has no driver File: C:/Users/DNLD/Documents/Projects/DE10_projects/DE10_Lite_SDRAM/RTL/SDRAM_1.v Line: 47
Warning (10034): Output port "HEX0" at SDRAM_1.v(61) has no driver File: C:/Users/DNLD/Documents/Projects/DE10_projects/DE10_Lite_SDRAM/RTL/SDRAM_1.v Line: 61
Warning (10034): Output port "HEX1" at SDRAM_1.v(64) has no driver File: C:/Users/DNLD/Documents/Projects/DE10_projects/DE10_Lite_SDRAM/RTL/SDRAM_1.v Line: 64
Warning (10034): Output port "HEX2" at SDRAM_1.v(67) has no driver File: C:/Users/DNLD/Documents/Projects/DE10_projects/DE10_Lite_SDRAM/RTL/SDRAM_1.v Line: 67
Warning (10034): Output port "HEX3" at SDRAM_1.v(70) has no driver File: C:/Users/DNLD/Documents/Projects/DE10_projects/DE10_Lite_SDRAM/RTL/SDRAM_1.v Line: 70
Warning (10034): Output port "HEX4" at SDRAM_1.v(73) has no driver File: C:/Users/DNLD/Documents/Projects/DE10_projects/DE10_Lite_SDRAM/RTL/SDRAM_1.v Line: 73
Warning (10034): Output port "HEX5" at SDRAM_1.v(76) has no driver File: C:/Users/DNLD/Documents/Projects/DE10_projects/DE10_Lite_SDRAM/RTL/SDRAM_1.v Line: 76
Warning (10034): Output port "LEDR" at SDRAM_1.v(86) has no driver File: C:/Users/DNLD/Documents/Projects/DE10_projects/DE10_Lite_SDRAM/RTL/SDRAM_1.v Line: 86
Warning (10034): Output port "VGA_B" at SDRAM_1.v(96) has no driver File: C:/Users/DNLD/Documents/Projects/DE10_projects/DE10_Lite_SDRAM/RTL/SDRAM_1.v Line: 96
Warning (10034): Output port "VGA_G" at SDRAM_1.v(97) has no driver File: C:/Users/DNLD/Documents/Projects/DE10_projects/DE10_Lite_SDRAM/RTL/SDRAM_1.v Line: 97
Warning (10034): Output port "VGA_R" at SDRAM_1.v(99) has no driver File: C:/Users/DNLD/Documents/Projects/DE10_projects/DE10_Lite_SDRAM/RTL/SDRAM_1.v Line: 99
Warning (10034): Output port "DRAM_CAS_N" at SDRAM_1.v(48) has no driver File: C:/Users/DNLD/Documents/Projects/DE10_projects/DE10_Lite_SDRAM/RTL/SDRAM_1.v Line: 48
Warning (10034): Output port "DRAM_CKE" at SDRAM_1.v(49) has no driver File: C:/Users/DNLD/Documents/Projects/DE10_projects/DE10_Lite_SDRAM/RTL/SDRAM_1.v Line: 49
Warning (10034): Output port "DRAM_CLK" at SDRAM_1.v(50) has no driver File: C:/Users/DNLD/Documents/Projects/DE10_projects/DE10_Lite_SDRAM/RTL/SDRAM_1.v Line: 50
Warning (10034): Output port "DRAM_CS_N" at SDRAM_1.v(51) has no driver File: C:/Users/DNLD/Documents/Projects/DE10_projects/DE10_Lite_SDRAM/RTL/SDRAM_1.v Line: 51
Warning (10034): Output port "DRAM_LDQM" at SDRAM_1.v(53) has no driver File: C:/Users/DNLD/Documents/Projects/DE10_projects/DE10_Lite_SDRAM/RTL/SDRAM_1.v Line: 53
Warning (10034): Output port "DRAM_RAS_N" at SDRAM_1.v(54) has no driver File: C:/Users/DNLD/Documents/Projects/DE10_projects/DE10_Lite_SDRAM/RTL/SDRAM_1.v Line: 54
Warning (10034): Output port "DRAM_UDQM" at SDRAM_1.v(55) has no driver File: C:/Users/DNLD/Documents/Projects/DE10_projects/DE10_Lite_SDRAM/RTL/SDRAM_1.v Line: 55
Warning (10034): Output port "DRAM_WE_N" at SDRAM_1.v(56) has no driver File: C:/Users/DNLD/Documents/Projects/DE10_projects/DE10_Lite_SDRAM/RTL/SDRAM_1.v Line: 56
Warning (10034): Output port "VGA_HS" at SDRAM_1.v(98) has no driver File: C:/Users/DNLD/Documents/Projects/DE10_projects/DE10_Lite_SDRAM/RTL/SDRAM_1.v Line: 98
Warning (10034): Output port "VGA_VS" at SDRAM_1.v(100) has no driver File: C:/Users/DNLD/Documents/Projects/DE10_projects/DE10_Lite_SDRAM/RTL/SDRAM_1.v Line: 100
Warning (10034): Output port "GSENSOR_CS_N" at SDRAM_1.v(105) has no driver File: C:/Users/DNLD/Documents/Projects/DE10_projects/DE10_Lite_SDRAM/RTL/SDRAM_1.v Line: 105
Warning (10034): Output port "GSENSOR_SCLK" at SDRAM_1.v(107) has no driver File: C:/Users/DNLD/Documents/Projects/DE10_projects/DE10_Lite_SDRAM/RTL/SDRAM_1.v Line: 107
Info (12128): Elaborating entity "RAM1" for hierarchy "RAM1:myram" File: C:/Users/DNLD/Documents/Projects/DE10_projects/DE10_Lite_SDRAM/RTL/SDRAM_1.v Line: 138
Info (12128): Elaborating entity "altsyncram" for hierarchy "RAM1:myram|altsyncram:altsyncram_component" File: C:/Users/DNLD/Documents/Projects/DE10_projects/DE10_Lite_SDRAM/RTL/RAM1.v Line: 86
Info (12130): Elaborated megafunction instantiation "RAM1:myram|altsyncram:altsyncram_component" File: C:/Users/DNLD/Documents/Projects/DE10_projects/DE10_Lite_SDRAM/RTL/RAM1.v Line: 86
Info (12133): Instantiated megafunction "RAM1:myram|altsyncram:altsyncram_component" with the following parameter: File: C:/Users/DNLD/Documents/Projects/DE10_projects/DE10_Lite_SDRAM/RTL/RAM1.v Line: 86
    Info (12134): Parameter "clock_enable_input_a" = "BYPASS"
    Info (12134): Parameter "clock_enable_output_a" = "BYPASS"
    Info (12134): Parameter "intended_device_family" = "MAX 10"
    Info (12134): Parameter "lpm_hint" = "ENABLE_RUNTIME_MOD=NO"
    Info (12134): Parameter "lpm_type" = "altsyncram"
    Info (12134): Parameter "numwords_a" = "256"
    Info (12134): Parameter "operation_mode" = "SINGLE_PORT"
    Info (12134): Parameter "outdata_aclr_a" = "NONE"
    Info (12134): Parameter "outdata_reg_a" = "CLOCK0"
    Info (12134): Parameter "power_up_uninitialized" = "FALSE"
    Info (12134): Parameter "read_during_write_mode_port_a" = "NEW_DATA_NO_NBE_READ"
    Info (12134): Parameter "widthad_a" = "8"
    Info (12134): Parameter "width_a" = "16"
    Info (12134): Parameter "width_byteena_a" = "1"
Info (12021): Found 1 design units, including 1 entities, in source file db/altsyncram_nqe1.tdf
    Info (12023): Found entity 1: altsyncram_nqe1 File: C:/Users/DNLD/Documents/Projects/DE10_projects/DE10_Lite_SDRAM/RTL/db/altsyncram_nqe1.tdf Line: 28
Info (12128): Elaborating entity "altsyncram_nqe1" for hierarchy "RAM1:myram|altsyncram:altsyncram_component|altsyncram_nqe1:auto_generated" File: c:/intelfpga_lite/23.1std/quartus/libraries/megafunctions/altsyncram.tdf Line: 792
Warning (14284): Synthesized away the following node(s):
    Warning (14285): Synthesized away the following RAM node(s):
        Warning (14320): Synthesized away node "RAM1:myram|altsyncram:altsyncram_component|altsyncram_nqe1:auto_generated|q_a[0]" File: C:/Users/DNLD/Documents/Projects/DE10_projects/DE10_Lite_SDRAM/RTL/db/altsyncram_nqe1.tdf Line: 37
        Warning (14320): Synthesized away node "RAM1:myram|altsyncram:altsyncram_component|altsyncram_nqe1:auto_generated|q_a[1]" File: C:/Users/DNLD/Documents/Projects/DE10_projects/DE10_Lite_SDRAM/RTL/db/altsyncram_nqe1.tdf Line: 60
        Warning (14320): Synthesized away node "RAM1:myram|altsyncram:altsyncram_component|altsyncram_nqe1:auto_generated|q_a[2]" File: C:/Users/DNLD/Documents/Projects/DE10_projects/DE10_Lite_SDRAM/RTL/db/altsyncram_nqe1.tdf Line: 83
        Warning (14320): Synthesized away node "RAM1:myram|altsyncram:altsyncram_component|altsyncram_nqe1:auto_generated|q_a[3]" File: C:/Users/DNLD/Documents/Projects/DE10_projects/DE10_Lite_SDRAM/RTL/db/altsyncram_nqe1.tdf Line: 106
        Warning (14320): Synthesized away node "RAM1:myram|altsyncram:altsyncram_component|altsyncram_nqe1:auto_generated|q_a[4]" File: C:/Users/DNLD/Documents/Projects/DE10_projects/DE10_Lite_SDRAM/RTL/db/altsyncram_nqe1.tdf Line: 129
        Warning (14320): Synthesized away node "RAM1:myram|altsyncram:altsyncram_component|altsyncram_nqe1:auto_generated|q_a[5]" File: C:/Users/DNLD/Documents/Projects/DE10_projects/DE10_Lite_SDRAM/RTL/db/altsyncram_nqe1.tdf Line: 152
        Warning (14320): Synthesized away node "RAM1:myram|altsyncram:altsyncram_component|altsyncram_nqe1:auto_generated|q_a[6]" File: C:/Users/DNLD/Documents/Projects/DE10_projects/DE10_Lite_SDRAM/RTL/db/altsyncram_nqe1.tdf Line: 175
        Warning (14320): Synthesized away node "RAM1:myram|altsyncram:altsyncram_component|altsyncram_nqe1:auto_generated|q_a[7]" File: C:/Users/DNLD/Documents/Projects/DE10_projects/DE10_Lite_SDRAM/RTL/db/altsyncram_nqe1.tdf Line: 198
        Warning (14320): Synthesized away node "RAM1:myram|altsyncram:altsyncram_component|altsyncram_nqe1:auto_generated|q_a[8]" File: C:/Users/DNLD/Documents/Projects/DE10_projects/DE10_Lite_SDRAM/RTL/db/altsyncram_nqe1.tdf Line: 221
        Warning (14320): Synthesized away node "RAM1:myram|altsyncram:altsyncram_component|altsyncram_nqe1:auto_generated|q_a[9]" File: C:/Users/DNLD/Documents/Projects/DE10_projects/DE10_Lite_SDRAM/RTL/db/altsyncram_nqe1.tdf Line: 244
        Warning (14320): Synthesized away node "RAM1:myram|altsyncram:altsyncram_component|altsyncram_nqe1:auto_generated|q_a[10]" File: C:/Users/DNLD/Documents/Projects/DE10_projects/DE10_Lite_SDRAM/RTL/db/altsyncram_nqe1.tdf Line: 267
        Warning (14320): Synthesized away node "RAM1:myram|altsyncram:altsyncram_component|altsyncram_nqe1:auto_generated|q_a[11]" File: C:/Users/DNLD/Documents/Projects/DE10_projects/DE10_Lite_SDRAM/RTL/db/altsyncram_nqe1.tdf Line: 290
        Warning (14320): Synthesized away node "RAM1:myram|altsyncram:altsyncram_component|altsyncram_nqe1:auto_generated|q_a[12]" File: C:/Users/DNLD/Documents/Projects/DE10_projects/DE10_Lite_SDRAM/RTL/db/altsyncram_nqe1.tdf Line: 313
        Warning (14320): Synthesized away node "RAM1:myram|altsyncram:altsyncram_component|altsyncram_nqe1:auto_generated|q_a[13]" File: C:/Users/DNLD/Documents/Projects/DE10_projects/DE10_Lite_SDRAM/RTL/db/altsyncram_nqe1.tdf Line: 336
        Warning (14320): Synthesized away node "RAM1:myram|altsyncram:altsyncram_component|altsyncram_nqe1:auto_generated|q_a[14]" File: C:/Users/DNLD/Documents/Projects/DE10_projects/DE10_Lite_SDRAM/RTL/db/altsyncram_nqe1.tdf Line: 359
        Warning (14320): Synthesized away node "RAM1:myram|altsyncram:altsyncram_component|altsyncram_nqe1:auto_generated|q_a[15]" File: C:/Users/DNLD/Documents/Projects/DE10_projects/DE10_Lite_SDRAM/RTL/db/altsyncram_nqe1.tdf Line: 382
Warning (12241): 1 hierarchies have connectivity warnings - see the Connectivity Checks report folder
Warning (13039): The following bidirectional pins have no drivers
    Warning (13040): bidirectional pin "DRAM_DQ[0]" has no driver File: C:/Users/DNLD/Documents/Projects/DE10_projects/DE10_Lite_SDRAM/RTL/SDRAM_1.v Line: 52
    Warning (13040): bidirectional pin "DRAM_DQ[1]" has no driver File: C:/Users/DNLD/Documents/Projects/DE10_projects/DE10_Lite_SDRAM/RTL/SDRAM_1.v Line: 52
    Warning (13040): bidirectional pin "DRAM_DQ[2]" has no driver File: C:/Users/DNLD/Documents/Projects/DE10_projects/DE10_Lite_SDRAM/RTL/SDRAM_1.v Line: 52
    Warning (13040): bidirectional pin "DRAM_DQ[3]" has no driver File: C:/Users/DNLD/Documents/Projects/DE10_projects/DE10_Lite_SDRAM/RTL/SDRAM_1.v Line: 52
    Warning (13040): bidirectional pin "DRAM_DQ[4]" has no driver File: C:/Users/DNLD/Documents/Projects/DE10_projects/DE10_Lite_SDRAM/RTL/SDRAM_1.v Line: 52
    Warning (13040): bidirectional pin "DRAM_DQ[5]" has no driver File: C:/Users/DNLD/Documents/Projects/DE10_projects/DE10_Lite_SDRAM/RTL/SDRAM_1.v Line: 52
    Warning (13040): bidirectional pin "DRAM_DQ[6]" has no driver File: C:/Users/DNLD/Documents/Projects/DE10_projects/DE10_Lite_SDRAM/RTL/SDRAM_1.v Line: 52
    Warning (13040): bidirectional pin "DRAM_DQ[7]" has no driver File: C:/Users/DNLD/Documents/Projects/DE10_projects/DE10_Lite_SDRAM/RTL/SDRAM_1.v Line: 52
    Warning (13040): bidirectional pin "DRAM_DQ[8]" has no driver File: C:/Users/DNLD/Documents/Projects/DE10_projects/DE10_Lite_SDRAM/RTL/SDRAM_1.v Line: 52
    Warning (13040): bidirectional pin "DRAM_DQ[9]" has no driver File: C:/Users/DNLD/Documents/Projects/DE10_projects/DE10_Lite_SDRAM/RTL/SDRAM_1.v Line: 52
    Warning (13040): bidirectional pin "DRAM_DQ[10]" has no driver File: C:/Users/DNLD/Documents/Projects/DE10_projects/DE10_Lite_SDRAM/RTL/SDRAM_1.v Line: 52
    Warning (13040): bidirectional pin "DRAM_DQ[11]" has no driver File: C:/Users/DNLD/Documents/Projects/DE10_projects/DE10_Lite_SDRAM/RTL/SDRAM_1.v Line: 52
    Warning (13040): bidirectional pin "DRAM_DQ[12]" has no driver File: C:/Users/DNLD/Documents/Projects/DE10_projects/DE10_Lite_SDRAM/RTL/SDRAM_1.v Line: 52
    Warning (13040): bidirectional pin "DRAM_DQ[13]" has no driver File: C:/Users/DNLD/Documents/Projects/DE10_projects/DE10_Lite_SDRAM/RTL/SDRAM_1.v Line: 52
    Warning (13040): bidirectional pin "DRAM_DQ[14]" has no driver File: C:/Users/DNLD/Documents/Projects/DE10_projects/DE10_Lite_SDRAM/RTL/SDRAM_1.v Line: 52
    Warning (13040): bidirectional pin "DRAM_DQ[15]" has no driver File: C:/Users/DNLD/Documents/Projects/DE10_projects/DE10_Lite_SDRAM/RTL/SDRAM_1.v Line: 52
    Warning (13040): bidirectional pin "GSENSOR_SDI" has no driver File: C:/Users/DNLD/Documents/Projects/DE10_projects/DE10_Lite_SDRAM/RTL/SDRAM_1.v Line: 108
    Warning (13040): bidirectional pin "GSENSOR_SDO" has no driver File: C:/Users/DNLD/Documents/Projects/DE10_projects/DE10_Lite_SDRAM/RTL/SDRAM_1.v Line: 109
    Warning (13040): bidirectional pin "ARDUINO_IO[0]" has no driver File: C:/Users/DNLD/Documents/Projects/DE10_projects/DE10_Lite_SDRAM/RTL/SDRAM_1.v Line: 114
    Warning (13040): bidirectional pin "ARDUINO_IO[1]" has no driver File: C:/Users/DNLD/Documents/Projects/DE10_projects/DE10_Lite_SDRAM/RTL/SDRAM_1.v Line: 114
    Warning (13040): bidirectional pin "ARDUINO_IO[2]" has no driver File: C:/Users/DNLD/Documents/Projects/DE10_projects/DE10_Lite_SDRAM/RTL/SDRAM_1.v Line: 114
    Warning (13040): bidirectional pin "ARDUINO_IO[3]" has no driver File: C:/Users/DNLD/Documents/Projects/DE10_projects/DE10_Lite_SDRAM/RTL/SDRAM_1.v Line: 114
    Warning (13040): bidirectional pin "ARDUINO_IO[4]" has no driver File: C:/Users/DNLD/Documents/Projects/DE10_projects/DE10_Lite_SDRAM/RTL/SDRAM_1.v Line: 114
    Warning (13040): bidirectional pin "ARDUINO_IO[5]" has no driver File: C:/Users/DNLD/Documents/Projects/DE10_projects/DE10_Lite_SDRAM/RTL/SDRAM_1.v Line: 114
    Warning (13040): bidirectional pin "ARDUINO_IO[6]" has no driver File: C:/Users/DNLD/Documents/Projects/DE10_projects/DE10_Lite_SDRAM/RTL/SDRAM_1.v Line: 114
    Warning (13040): bidirectional pin "ARDUINO_IO[7]" has no driver File: C:/Users/DNLD/Documents/Projects/DE10_projects/DE10_Lite_SDRAM/RTL/SDRAM_1.v Line: 114
    Warning (13040): bidirectional pin "ARDUINO_IO[8]" has no driver File: C:/Users/DNLD/Documents/Projects/DE10_projects/DE10_Lite_SDRAM/RTL/SDRAM_1.v Line: 114
    Warning (13040): bidirectional pin "ARDUINO_IO[9]" has no driver File: C:/Users/DNLD/Documents/Projects/DE10_projects/DE10_Lite_SDRAM/RTL/SDRAM_1.v Line: 114
    Warning (13040): bidirectional pin "ARDUINO_IO[10]" has no driver File: C:/Users/DNLD/Documents/Projects/DE10_projects/DE10_Lite_SDRAM/RTL/SDRAM_1.v Line: 114
    Warning (13040): bidirectional pin "ARDUINO_IO[11]" has no driver File: C:/Users/DNLD/Documents/Projects/DE10_projects/DE10_Lite_SDRAM/RTL/SDRAM_1.v Line: 114
    Warning (13040): bidirectional pin "ARDUINO_IO[12]" has no driver File: C:/Users/DNLD/Documents/Projects/DE10_projects/DE10_Lite_SDRAM/RTL/SDRAM_1.v Line: 114
    Warning (13040): bidirectional pin "ARDUINO_IO[13]" has no driver File: C:/Users/DNLD/Documents/Projects/DE10_projects/DE10_Lite_SDRAM/RTL/SDRAM_1.v Line: 114
    Warning (13040): bidirectional pin "ARDUINO_IO[14]" has no driver File: C:/Users/DNLD/Documents/Projects/DE10_projects/DE10_Lite_SDRAM/RTL/SDRAM_1.v Line: 114
    Warning (13040): bidirectional pin "ARDUINO_IO[15]" has no driver File: C:/Users/DNLD/Documents/Projects/DE10_projects/DE10_Lite_SDRAM/RTL/SDRAM_1.v Line: 114
    Warning (13040): bidirectional pin "ARDUINO_RESET_N" has no driver File: C:/Users/DNLD/Documents/Projects/DE10_projects/DE10_Lite_SDRAM/RTL/SDRAM_1.v Line: 115
    Warning (13040): bidirectional pin "GPIO[0]" has no driver File: C:/Users/DNLD/Documents/Projects/DE10_projects/DE10_Lite_SDRAM/RTL/SDRAM_1.v Line: 122
    Warning (13040): bidirectional pin "GPIO[1]" has no driver File: C:/Users/DNLD/Documents/Projects/DE10_projects/DE10_Lite_SDRAM/RTL/SDRAM_1.v Line: 122
    Warning (13040): bidirectional pin "GPIO[2]" has no driver File: C:/Users/DNLD/Documents/Projects/DE10_projects/DE10_Lite_SDRAM/RTL/SDRAM_1.v Line: 122
    Warning (13040): bidirectional pin "GPIO[3]" has no driver File: C:/Users/DNLD/Documents/Projects/DE10_projects/DE10_Lite_SDRAM/RTL/SDRAM_1.v Line: 122
    Warning (13040): bidirectional pin "GPIO[4]" has no driver File: C:/Users/DNLD/Documents/Projects/DE10_projects/DE10_Lite_SDRAM/RTL/SDRAM_1.v Line: 122
    Warning (13040): bidirectional pin "GPIO[5]" has no driver File: C:/Users/DNLD/Documents/Projects/DE10_projects/DE10_Lite_SDRAM/RTL/SDRAM_1.v Line: 122
    Warning (13040): bidirectional pin "GPIO[6]" has no driver File: C:/Users/DNLD/Documents/Projects/DE10_projects/DE10_Lite_SDRAM/RTL/SDRAM_1.v Line: 122
    Warning (13040): bidirectional pin "GPIO[7]" has no driver File: C:/Users/DNLD/Documents/Projects/DE10_projects/DE10_Lite_SDRAM/RTL/SDRAM_1.v Line: 122
    Warning (13040): bidirectional pin "GPIO[8]" has no driver File: C:/Users/DNLD/Documents/Projects/DE10_projects/DE10_Lite_SDRAM/RTL/SDRAM_1.v Line: 122
    Warning (13040): bidirectional pin "GPIO[9]" has no driver File: C:/Users/DNLD/Documents/Projects/DE10_projects/DE10_Lite_SDRAM/RTL/SDRAM_1.v Line: 122
    Warning (13040): bidirectional pin "GPIO[10]" has no driver File: C:/Users/DNLD/Documents/Projects/DE10_projects/DE10_Lite_SDRAM/RTL/SDRAM_1.v Line: 122
    Warning (13040): bidirectional pin "GPIO[11]" has no driver File: C:/Users/DNLD/Documents/Projects/DE10_projects/DE10_Lite_SDRAM/RTL/SDRAM_1.v Line: 122
    Warning (13040): bidirectional pin "GPIO[12]" has no driver File: C:/Users/DNLD/Documents/Projects/DE10_projects/DE10_Lite_SDRAM/RTL/SDRAM_1.v Line: 122
    Warning (13040): bidirectional pin "GPIO[13]" has no driver File: C:/Users/DNLD/Documents/Projects/DE10_projects/DE10_Lite_SDRAM/RTL/SDRAM_1.v Line: 122
    Warning (13040): bidirectional pin "GPIO[14]" has no driver File: C:/Users/DNLD/Documents/Projects/DE10_projects/DE10_Lite_SDRAM/RTL/SDRAM_1.v Line: 122
    Warning (13040): bidirectional pin "GPIO[15]" has no driver File: C:/Users/DNLD/Documents/Projects/DE10_projects/DE10_Lite_SDRAM/RTL/SDRAM_1.v Line: 122
    Warning (13040): bidirectional pin "GPIO[16]" has no driver File: C:/Users/DNLD/Documents/Projects/DE10_projects/DE10_Lite_SDRAM/RTL/SDRAM_1.v Line: 122
    Warning (13040): bidirectional pin "GPIO[17]" has no driver File: C:/Users/DNLD/Documents/Projects/DE10_projects/DE10_Lite_SDRAM/RTL/SDRAM_1.v Line: 122
    Warning (13040): bidirectional pin "GPIO[18]" has no driver File: C:/Users/DNLD/Documents/Projects/DE10_projects/DE10_Lite_SDRAM/RTL/SDRAM_1.v Line: 122
    Warning (13040): bidirectional pin "GPIO[19]" has no driver File: C:/Users/DNLD/Documents/Projects/DE10_projects/DE10_Lite_SDRAM/RTL/SDRAM_1.v Line: 122
    Warning (13040): bidirectional pin "GPIO[20]" has no driver File: C:/Users/DNLD/Documents/Projects/DE10_projects/DE10_Lite_SDRAM/RTL/SDRAM_1.v Line: 122
    Warning (13040): bidirectional pin "GPIO[21]" has no driver File: C:/Users/DNLD/Documents/Projects/DE10_projects/DE10_Lite_SDRAM/RTL/SDRAM_1.v Line: 122
    Warning (13040): bidirectional pin "GPIO[22]" has no driver File: C:/Users/DNLD/Documents/Projects/DE10_projects/DE10_Lite_SDRAM/RTL/SDRAM_1.v Line: 122
    Warning (13040): bidirectional pin "GPIO[23]" has no driver File: C:/Users/DNLD/Documents/Projects/DE10_projects/DE10_Lite_SDRAM/RTL/SDRAM_1.v Line: 122
    Warning (13040): bidirectional pin "GPIO[24]" has no driver File: C:/Users/DNLD/Documents/Projects/DE10_projects/DE10_Lite_SDRAM/RTL/SDRAM_1.v Line: 122
    Warning (13040): bidirectional pin "GPIO[25]" has no driver File: C:/Users/DNLD/Documents/Projects/DE10_projects/DE10_Lite_SDRAM/RTL/SDRAM_1.v Line: 122
    Warning (13040): bidirectional pin "GPIO[26]" has no driver File: C:/Users/DNLD/Documents/Projects/DE10_projects/DE10_Lite_SDRAM/RTL/SDRAM_1.v Line: 122
    Warning (13040): bidirectional pin "GPIO[27]" has no driver File: C:/Users/DNLD/Documents/Projects/DE10_projects/DE10_Lite_SDRAM/RTL/SDRAM_1.v Line: 122
    Warning (13040): bidirectional pin "GPIO[28]" has no driver File: C:/Users/DNLD/Documents/Projects/DE10_projects/DE10_Lite_SDRAM/RTL/SDRAM_1.v Line: 122
    Warning (13040): bidirectional pin "GPIO[29]" has no driver File: C:/Users/DNLD/Documents/Projects/DE10_projects/DE10_Lite_SDRAM/RTL/SDRAM_1.v Line: 122
    Warning (13040): bidirectional pin "GPIO[30]" has no driver File: C:/Users/DNLD/Documents/Projects/DE10_projects/DE10_Lite_SDRAM/RTL/SDRAM_1.v Line: 122
    Warning (13040): bidirectional pin "GPIO[31]" has no driver File: C:/Users/DNLD/Documents/Projects/DE10_projects/DE10_Lite_SDRAM/RTL/SDRAM_1.v Line: 122
    Warning (13040): bidirectional pin "GPIO[32]" has no driver File: C:/Users/DNLD/Documents/Projects/DE10_projects/DE10_Lite_SDRAM/RTL/SDRAM_1.v Line: 122
    Warning (13040): bidirectional pin "GPIO[33]" has no driver File: C:/Users/DNLD/Documents/Projects/DE10_projects/DE10_Lite_SDRAM/RTL/SDRAM_1.v Line: 122
    Warning (13040): bidirectional pin "GPIO[34]" has no driver File: C:/Users/DNLD/Documents/Projects/DE10_projects/DE10_Lite_SDRAM/RTL/SDRAM_1.v Line: 122
    Warning (13040): bidirectional pin "GPIO[35]" has no driver File: C:/Users/DNLD/Documents/Projects/DE10_projects/DE10_Lite_SDRAM/RTL/SDRAM_1.v Line: 122
Warning (13024): Output pins are stuck at VCC or GND
    Warning (13410): Pin "DRAM_ADDR[0]" is stuck at GND File: C:/Users/DNLD/Documents/Projects/DE10_projects/DE10_Lite_SDRAM/RTL/SDRAM_1.v Line: 46
    Warning (13410): Pin "DRAM_ADDR[1]" is stuck at GND File: C:/Users/DNLD/Documents/Projects/DE10_projects/DE10_Lite_SDRAM/RTL/SDRAM_1.v Line: 46
    Warning (13410): Pin "DRAM_ADDR[2]" is stuck at GND File: C:/Users/DNLD/Documents/Projects/DE10_projects/DE10_Lite_SDRAM/RTL/SDRAM_1.v Line: 46
    Warning (13410): Pin "DRAM_ADDR[3]" is stuck at GND File: C:/Users/DNLD/Documents/Projects/DE10_projects/DE10_Lite_SDRAM/RTL/SDRAM_1.v Line: 46
    Warning (13410): Pin "DRAM_ADDR[4]" is stuck at GND File: C:/Users/DNLD/Documents/Projects/DE10_projects/DE10_Lite_SDRAM/RTL/SDRAM_1.v Line: 46
    Warning (13410): Pin "DRAM_ADDR[5]" is stuck at GND File: C:/Users/DNLD/Documents/Projects/DE10_projects/DE10_Lite_SDRAM/RTL/SDRAM_1.v Line: 46
    Warning (13410): Pin "DRAM_ADDR[6]" is stuck at GND File: C:/Users/DNLD/Documents/Projects/DE10_projects/DE10_Lite_SDRAM/RTL/SDRAM_1.v Line: 46
    Warning (13410): Pin "DRAM_ADDR[7]" is stuck at GND File: C:/Users/DNLD/Documents/Projects/DE10_projects/DE10_Lite_SDRAM/RTL/SDRAM_1.v Line: 46
    Warning (13410): Pin "DRAM_ADDR[8]" is stuck at GND File: C:/Users/DNLD/Documents/Projects/DE10_projects/DE10_Lite_SDRAM/RTL/SDRAM_1.v Line: 46
    Warning (13410): Pin "DRAM_ADDR[9]" is stuck at GND File: C:/Users/DNLD/Documents/Projects/DE10_projects/DE10_Lite_SDRAM/RTL/SDRAM_1.v Line: 46
    Warning (13410): Pin "DRAM_ADDR[10]" is stuck at GND File: C:/Users/DNLD/Documents/Projects/DE10_projects/DE10_Lite_SDRAM/RTL/SDRAM_1.v Line: 46
    Warning (13410): Pin "DRAM_ADDR[11]" is stuck at GND File: C:/Users/DNLD/Documents/Projects/DE10_projects/DE10_Lite_SDRAM/RTL/SDRAM_1.v Line: 46
    Warning (13410): Pin "DRAM_ADDR[12]" is stuck at GND File: C:/Users/DNLD/Documents/Projects/DE10_projects/DE10_Lite_SDRAM/RTL/SDRAM_1.v Line: 46
    Warning (13410): Pin "DRAM_BA[0]" is stuck at GND File: C:/Users/DNLD/Documents/Projects/DE10_projects/DE10_Lite_SDRAM/RTL/SDRAM_1.v Line: 47
    Warning (13410): Pin "DRAM_BA[1]" is stuck at GND File: C:/Users/DNLD/Documents/Projects/DE10_projects/DE10_Lite_SDRAM/RTL/SDRAM_1.v Line: 47
    Warning (13410): Pin "DRAM_CAS_N" is stuck at GND File: C:/Users/DNLD/Documents/Projects/DE10_projects/DE10_Lite_SDRAM/RTL/SDRAM_1.v Line: 48
    Warning (13410): Pin "DRAM_CKE" is stuck at GND File: C:/Users/DNLD/Documents/Projects/DE10_projects/DE10_Lite_SDRAM/RTL/SDRAM_1.v Line: 49
    Warning (13410): Pin "DRAM_CLK" is stuck at GND File: C:/Users/DNLD/Documents/Projects/DE10_projects/DE10_Lite_SDRAM/RTL/SDRAM_1.v Line: 50
    Warning (13410): Pin "DRAM_CS_N" is stuck at GND File: C:/Users/DNLD/Documents/Projects/DE10_projects/DE10_Lite_SDRAM/RTL/SDRAM_1.v Line: 51
    Warning (13410): Pin "DRAM_LDQM" is stuck at GND File: C:/Users/DNLD/Documents/Projects/DE10_projects/DE10_Lite_SDRAM/RTL/SDRAM_1.v Line: 53
    Warning (13410): Pin "DRAM_RAS_N" is stuck at GND File: C:/Users/DNLD/Documents/Projects/DE10_projects/DE10_Lite_SDRAM/RTL/SDRAM_1.v Line: 54
    Warning (13410): Pin "DRAM_UDQM" is stuck at GND File: C:/Users/DNLD/Documents/Projects/DE10_projects/DE10_Lite_SDRAM/RTL/SDRAM_1.v Line: 55
    Warning (13410): Pin "DRAM_WE_N" is stuck at GND File: C:/Users/DNLD/Documents/Projects/DE10_projects/DE10_Lite_SDRAM/RTL/SDRAM_1.v Line: 56
    Warning (13410): Pin "HEX0[0]" is stuck at GND File: C:/Users/DNLD/Documents/Projects/DE10_projects/DE10_Lite_SDRAM/RTL/SDRAM_1.v Line: 61
    Warning (13410): Pin "HEX0[1]" is stuck at GND File: C:/Users/DNLD/Documents/Projects/DE10_projects/DE10_Lite_SDRAM/RTL/SDRAM_1.v Line: 61
    Warning (13410): Pin "HEX0[2]" is stuck at GND File: C:/Users/DNLD/Documents/Projects/DE10_projects/DE10_Lite_SDRAM/RTL/SDRAM_1.v Line: 61
    Warning (13410): Pin "HEX0[3]" is stuck at GND File: C:/Users/DNLD/Documents/Projects/DE10_projects/DE10_Lite_SDRAM/RTL/SDRAM_1.v Line: 61
    Warning (13410): Pin "HEX0[4]" is stuck at GND File: C:/Users/DNLD/Documents/Projects/DE10_projects/DE10_Lite_SDRAM/RTL/SDRAM_1.v Line: 61
    Warning (13410): Pin "HEX0[5]" is stuck at GND File: C:/Users/DNLD/Documents/Projects/DE10_projects/DE10_Lite_SDRAM/RTL/SDRAM_1.v Line: 61
    Warning (13410): Pin "HEX0[6]" is stuck at GND File: C:/Users/DNLD/Documents/Projects/DE10_projects/DE10_Lite_SDRAM/RTL/SDRAM_1.v Line: 61
    Warning (13410): Pin "HEX0[7]" is stuck at GND File: C:/Users/DNLD/Documents/Projects/DE10_projects/DE10_Lite_SDRAM/RTL/SDRAM_1.v Line: 61
    Warning (13410): Pin "HEX1[0]" is stuck at GND File: C:/Users/DNLD/Documents/Projects/DE10_projects/DE10_Lite_SDRAM/RTL/SDRAM_1.v Line: 64
    Warning (13410): Pin "HEX1[1]" is stuck at GND File: C:/Users/DNLD/Documents/Projects/DE10_projects/DE10_Lite_SDRAM/RTL/SDRAM_1.v Line: 64
    Warning (13410): Pin "HEX1[2]" is stuck at GND File: C:/Users/DNLD/Documents/Projects/DE10_projects/DE10_Lite_SDRAM/RTL/SDRAM_1.v Line: 64
    Warning (13410): Pin "HEX1[3]" is stuck at GND File: C:/Users/DNLD/Documents/Projects/DE10_projects/DE10_Lite_SDRAM/RTL/SDRAM_1.v Line: 64
    Warning (13410): Pin "HEX1[4]" is stuck at GND File: C:/Users/DNLD/Documents/Projects/DE10_projects/DE10_Lite_SDRAM/RTL/SDRAM_1.v Line: 64
    Warning (13410): Pin "HEX1[5]" is stuck at GND File: C:/Users/DNLD/Documents/Projects/DE10_projects/DE10_Lite_SDRAM/RTL/SDRAM_1.v Line: 64
    Warning (13410): Pin "HEX1[6]" is stuck at GND File: C:/Users/DNLD/Documents/Projects/DE10_projects/DE10_Lite_SDRAM/RTL/SDRAM_1.v Line: 64
    Warning (13410): Pin "HEX1[7]" is stuck at GND File: C:/Users/DNLD/Documents/Projects/DE10_projects/DE10_Lite_SDRAM/RTL/SDRAM_1.v Line: 64
    Warning (13410): Pin "HEX2[0]" is stuck at GND File: C:/Users/DNLD/Documents/Projects/DE10_projects/DE10_Lite_SDRAM/RTL/SDRAM_1.v Line: 67
    Warning (13410): Pin "HEX2[1]" is stuck at GND File: C:/Users/DNLD/Documents/Projects/DE10_projects/DE10_Lite_SDRAM/RTL/SDRAM_1.v Line: 67
    Warning (13410): Pin "HEX2[2]" is stuck at GND File: C:/Users/DNLD/Documents/Projects/DE10_projects/DE10_Lite_SDRAM/RTL/SDRAM_1.v Line: 67
    Warning (13410): Pin "HEX2[3]" is stuck at GND File: C:/Users/DNLD/Documents/Projects/DE10_projects/DE10_Lite_SDRAM/RTL/SDRAM_1.v Line: 67
    Warning (13410): Pin "HEX2[4]" is stuck at GND File: C:/Users/DNLD/Documents/Projects/DE10_projects/DE10_Lite_SDRAM/RTL/SDRAM_1.v Line: 67
    Warning (13410): Pin "HEX2[5]" is stuck at GND File: C:/Users/DNLD/Documents/Projects/DE10_projects/DE10_Lite_SDRAM/RTL/SDRAM_1.v Line: 67
    Warning (13410): Pin "HEX2[6]" is stuck at GND File: C:/Users/DNLD/Documents/Projects/DE10_projects/DE10_Lite_SDRAM/RTL/SDRAM_1.v Line: 67
    Warning (13410): Pin "HEX2[7]" is stuck at GND File: C:/Users/DNLD/Documents/Projects/DE10_projects/DE10_Lite_SDRAM/RTL/SDRAM_1.v Line: 67
    Warning (13410): Pin "HEX3[0]" is stuck at GND File: C:/Users/DNLD/Documents/Projects/DE10_projects/DE10_Lite_SDRAM/RTL/SDRAM_1.v Line: 70
    Warning (13410): Pin "HEX3[1]" is stuck at GND File: C:/Users/DNLD/Documents/Projects/DE10_projects/DE10_Lite_SDRAM/RTL/SDRAM_1.v Line: 70
    Warning (13410): Pin "HEX3[2]" is stuck at GND File: C:/Users/DNLD/Documents/Projects/DE10_projects/DE10_Lite_SDRAM/RTL/SDRAM_1.v Line: 70
    Warning (13410): Pin "HEX3[3]" is stuck at GND File: C:/Users/DNLD/Documents/Projects/DE10_projects/DE10_Lite_SDRAM/RTL/SDRAM_1.v Line: 70
    Warning (13410): Pin "HEX3[4]" is stuck at GND File: C:/Users/DNLD/Documents/Projects/DE10_projects/DE10_Lite_SDRAM/RTL/SDRAM_1.v Line: 70
    Warning (13410): Pin "HEX3[5]" is stuck at GND File: C:/Users/DNLD/Documents/Projects/DE10_projects/DE10_Lite_SDRAM/RTL/SDRAM_1.v Line: 70
    Warning (13410): Pin "HEX3[6]" is stuck at GND File: C:/Users/DNLD/Documents/Projects/DE10_projects/DE10_Lite_SDRAM/RTL/SDRAM_1.v Line: 70
    Warning (13410): Pin "HEX3[7]" is stuck at GND File: C:/Users/DNLD/Documents/Projects/DE10_projects/DE10_Lite_SDRAM/RTL/SDRAM_1.v Line: 70
    Warning (13410): Pin "HEX4[0]" is stuck at GND File: C:/Users/DNLD/Documents/Projects/DE10_projects/DE10_Lite_SDRAM/RTL/SDRAM_1.v Line: 73
    Warning (13410): Pin "HEX4[1]" is stuck at GND File: C:/Users/DNLD/Documents/Projects/DE10_projects/DE10_Lite_SDRAM/RTL/SDRAM_1.v Line: 73
    Warning (13410): Pin "HEX4[2]" is stuck at GND File: C:/Users/DNLD/Documents/Projects/DE10_projects/DE10_Lite_SDRAM/RTL/SDRAM_1.v Line: 73
    Warning (13410): Pin "HEX4[3]" is stuck at GND File: C:/Users/DNLD/Documents/Projects/DE10_projects/DE10_Lite_SDRAM/RTL/SDRAM_1.v Line: 73
    Warning (13410): Pin "HEX4[4]" is stuck at GND File: C:/Users/DNLD/Documents/Projects/DE10_projects/DE10_Lite_SDRAM/RTL/SDRAM_1.v Line: 73
    Warning (13410): Pin "HEX4[5]" is stuck at GND File: C:/Users/DNLD/Documents/Projects/DE10_projects/DE10_Lite_SDRAM/RTL/SDRAM_1.v Line: 73
    Warning (13410): Pin "HEX4[6]" is stuck at GND File: C:/Users/DNLD/Documents/Projects/DE10_projects/DE10_Lite_SDRAM/RTL/SDRAM_1.v Line: 73
    Warning (13410): Pin "HEX4[7]" is stuck at GND File: C:/Users/DNLD/Documents/Projects/DE10_projects/DE10_Lite_SDRAM/RTL/SDRAM_1.v Line: 73
    Warning (13410): Pin "HEX5[0]" is stuck at GND File: C:/Users/DNLD/Documents/Projects/DE10_projects/DE10_Lite_SDRAM/RTL/SDRAM_1.v Line: 76
    Warning (13410): Pin "HEX5[1]" is stuck at GND File: C:/Users/DNLD/Documents/Projects/DE10_projects/DE10_Lite_SDRAM/RTL/SDRAM_1.v Line: 76
    Warning (13410): Pin "HEX5[2]" is stuck at GND File: C:/Users/DNLD/Documents/Projects/DE10_projects/DE10_Lite_SDRAM/RTL/SDRAM_1.v Line: 76
    Warning (13410): Pin "HEX5[3]" is stuck at GND File: C:/Users/DNLD/Documents/Projects/DE10_projects/DE10_Lite_SDRAM/RTL/SDRAM_1.v Line: 76
    Warning (13410): Pin "HEX5[4]" is stuck at GND File: C:/Users/DNLD/Documents/Projects/DE10_projects/DE10_Lite_SDRAM/RTL/SDRAM_1.v Line: 76
    Warning (13410): Pin "HEX5[5]" is stuck at GND File: C:/Users/DNLD/Documents/Projects/DE10_projects/DE10_Lite_SDRAM/RTL/SDRAM_1.v Line: 76
    Warning (13410): Pin "HEX5[6]" is stuck at GND File: C:/Users/DNLD/Documents/Projects/DE10_projects/DE10_Lite_SDRAM/RTL/SDRAM_1.v Line: 76
    Warning (13410): Pin "HEX5[7]" is stuck at GND File: C:/Users/DNLD/Documents/Projects/DE10_projects/DE10_Lite_SDRAM/RTL/SDRAM_1.v Line: 76
    Warning (13410): Pin "LEDR[0]" is stuck at GND File: C:/Users/DNLD/Documents/Projects/DE10_projects/DE10_Lite_SDRAM/RTL/SDRAM_1.v Line: 86
    Warning (13410): Pin "LEDR[1]" is stuck at GND File: C:/Users/DNLD/Documents/Projects/DE10_projects/DE10_Lite_SDRAM/RTL/SDRAM_1.v Line: 86
    Warning (13410): Pin "LEDR[2]" is stuck at GND File: C:/Users/DNLD/Documents/Projects/DE10_projects/DE10_Lite_SDRAM/RTL/SDRAM_1.v Line: 86
    Warning (13410): Pin "LEDR[3]" is stuck at GND File: C:/Users/DNLD/Documents/Projects/DE10_projects/DE10_Lite_SDRAM/RTL/SDRAM_1.v Line: 86
    Warning (13410): Pin "LEDR[4]" is stuck at GND File: C:/Users/DNLD/Documents/Projects/DE10_projects/DE10_Lite_SDRAM/RTL/SDRAM_1.v Line: 86
    Warning (13410): Pin "LEDR[5]" is stuck at GND File: C:/Users/DNLD/Documents/Projects/DE10_projects/DE10_Lite_SDRAM/RTL/SDRAM_1.v Line: 86
    Warning (13410): Pin "LEDR[6]" is stuck at GND File: C:/Users/DNLD/Documents/Projects/DE10_projects/DE10_Lite_SDRAM/RTL/SDRAM_1.v Line: 86
    Warning (13410): Pin "LEDR[7]" is stuck at GND File: C:/Users/DNLD/Documents/Projects/DE10_projects/DE10_Lite_SDRAM/RTL/SDRAM_1.v Line: 86
    Warning (13410): Pin "LEDR[8]" is stuck at GND File: C:/Users/DNLD/Documents/Projects/DE10_projects/DE10_Lite_SDRAM/RTL/SDRAM_1.v Line: 86
    Warning (13410): Pin "LEDR[9]" is stuck at GND File: C:/Users/DNLD/Documents/Projects/DE10_projects/DE10_Lite_SDRAM/RTL/SDRAM_1.v Line: 86
    Warning (13410): Pin "VGA_B[0]" is stuck at GND File: C:/Users/DNLD/Documents/Projects/DE10_projects/DE10_Lite_SDRAM/RTL/SDRAM_1.v Line: 96
    Warning (13410): Pin "VGA_B[1]" is stuck at GND File: C:/Users/DNLD/Documents/Projects/DE10_projects/DE10_Lite_SDRAM/RTL/SDRAM_1.v Line: 96
    Warning (13410): Pin "VGA_B[2]" is stuck at GND File: C:/Users/DNLD/Documents/Projects/DE10_projects/DE10_Lite_SDRAM/RTL/SDRAM_1.v Line: 96
    Warning (13410): Pin "VGA_B[3]" is stuck at GND File: C:/Users/DNLD/Documents/Projects/DE10_projects/DE10_Lite_SDRAM/RTL/SDRAM_1.v Line: 96
    Warning (13410): Pin "VGA_G[0]" is stuck at GND File: C:/Users/DNLD/Documents/Projects/DE10_projects/DE10_Lite_SDRAM/RTL/SDRAM_1.v Line: 97
    Warning (13410): Pin "VGA_G[1]" is stuck at GND File: C:/Users/DNLD/Documents/Projects/DE10_projects/DE10_Lite_SDRAM/RTL/SDRAM_1.v Line: 97
    Warning (13410): Pin "VGA_G[2]" is stuck at GND File: C:/Users/DNLD/Documents/Projects/DE10_projects/DE10_Lite_SDRAM/RTL/SDRAM_1.v Line: 97
    Warning (13410): Pin "VGA_G[3]" is stuck at GND File: C:/Users/DNLD/Documents/Projects/DE10_projects/DE10_Lite_SDRAM/RTL/SDRAM_1.v Line: 97
    Warning (13410): Pin "VGA_HS" is stuck at GND File: C:/Users/DNLD/Documents/Projects/DE10_projects/DE10_Lite_SDRAM/RTL/SDRAM_1.v Line: 98
    Warning (13410): Pin "VGA_R[0]" is stuck at GND File: C:/Users/DNLD/Documents/Projects/DE10_projects/DE10_Lite_SDRAM/RTL/SDRAM_1.v Line: 99
    Warning (13410): Pin "VGA_R[1]" is stuck at GND File: C:/Users/DNLD/Documents/Projects/DE10_projects/DE10_Lite_SDRAM/RTL/SDRAM_1.v Line: 99
    Warning (13410): Pin "VGA_R[2]" is stuck at GND File: C:/Users/DNLD/Documents/Projects/DE10_projects/DE10_Lite_SDRAM/RTL/SDRAM_1.v Line: 99
    Warning (13410): Pin "VGA_R[3]" is stuck at GND File: C:/Users/DNLD/Documents/Projects/DE10_projects/DE10_Lite_SDRAM/RTL/SDRAM_1.v Line: 99
    Warning (13410): Pin "VGA_VS" is stuck at GND File: C:/Users/DNLD/Documents/Projects/DE10_projects/DE10_Lite_SDRAM/RTL/SDRAM_1.v Line: 100
    Warning (13410): Pin "GSENSOR_CS_N" is stuck at GND File: C:/Users/DNLD/Documents/Projects/DE10_projects/DE10_Lite_SDRAM/RTL/SDRAM_1.v Line: 105
    Warning (13410): Pin "GSENSOR_SCLK" is stuck at GND File: C:/Users/DNLD/Documents/Projects/DE10_projects/DE10_Lite_SDRAM/RTL/SDRAM_1.v Line: 107
Info (16010): Generating hard_block partition "hard_block:auto_generated_inst"
    Info (16011): Adding 0 node(s), including 0 DDIO, 0 PLL, 0 transceiver and 0 LCELL
Warning (21074): Design contains 17 input pin(s) that do not drive logic
    Warning (15610): No output dependent on input pin "ADC_CLK_10" File: C:/Users/DNLD/Documents/Projects/DE10_projects/DE10_Lite_SDRAM/RTL/SDRAM_1.v Line: 33
    Warning (15610): No output dependent on input pin "MAX10_CLK1_50" File: C:/Users/DNLD/Documents/Projects/DE10_projects/DE10_Lite_SDRAM/RTL/SDRAM_1.v Line: 37
    Warning (15610): No output dependent on input pin "MAX10_CLK2_50" File: C:/Users/DNLD/Documents/Projects/DE10_projects/DE10_Lite_SDRAM/RTL/SDRAM_1.v Line: 41
    Warning (15610): No output dependent on input pin "KEY[0]" File: C:/Users/DNLD/Documents/Projects/DE10_projects/DE10_Lite_SDRAM/RTL/SDRAM_1.v Line: 81
    Warning (15610): No output dependent on input pin "KEY[1]" File: C:/Users/DNLD/Documents/Projects/DE10_projects/DE10_Lite_SDRAM/RTL/SDRAM_1.v Line: 81
    Warning (15610): No output dependent on input pin "SW[0]" File: C:/Users/DNLD/Documents/Projects/DE10_projects/DE10_Lite_SDRAM/RTL/SDRAM_1.v Line: 91
    Warning (15610): No output dependent on input pin "SW[1]" File: C:/Users/DNLD/Documents/Projects/DE10_projects/DE10_Lite_SDRAM/RTL/SDRAM_1.v Line: 91
    Warning (15610): No output dependent on input pin "SW[2]" File: C:/Users/DNLD/Documents/Projects/DE10_projects/DE10_Lite_SDRAM/RTL/SDRAM_1.v Line: 91
    Warning (15610): No output dependent on input pin "SW[3]" File: C:/Users/DNLD/Documents/Projects/DE10_projects/DE10_Lite_SDRAM/RTL/SDRAM_1.v Line: 91
    Warning (15610): No output dependent on input pin "SW[4]" File: C:/Users/DNLD/Documents/Projects/DE10_projects/DE10_Lite_SDRAM/RTL/SDRAM_1.v Line: 91
    Warning (15610): No output dependent on input pin "SW[5]" File: C:/Users/DNLD/Documents/Projects/DE10_projects/DE10_Lite_SDRAM/RTL/SDRAM_1.v Line: 91
    Warning (15610): No output dependent on input pin "SW[6]" File: C:/Users/DNLD/Documents/Projects/DE10_projects/DE10_Lite_SDRAM/RTL/SDRAM_1.v Line: 91
    Warning (15610): No output dependent on input pin "SW[7]" File: C:/Users/DNLD/Documents/Projects/DE10_projects/DE10_Lite_SDRAM/RTL/SDRAM_1.v Line: 91
    Warning (15610): No output dependent on input pin "SW[8]" File: C:/Users/DNLD/Documents/Projects/DE10_projects/DE10_Lite_SDRAM/RTL/SDRAM_1.v Line: 91
    Warning (15610): No output dependent on input pin "SW[9]" File: C:/Users/DNLD/Documents/Projects/DE10_projects/DE10_Lite_SDRAM/RTL/SDRAM_1.v Line: 91
    Warning (15610): No output dependent on input pin "GSENSOR_INT[1]" File: C:/Users/DNLD/Documents/Projects/DE10_projects/DE10_Lite_SDRAM/RTL/SDRAM_1.v Line: 106
    Warning (15610): No output dependent on input pin "GSENSOR_INT[2]" File: C:/Users/DNLD/Documents/Projects/DE10_projects/DE10_Lite_SDRAM/RTL/SDRAM_1.v Line: 106
Info (21057): Implemented 185 device resources after synthesis - the final resource count might be different
    Info (21058): Implemented 17 input pins
    Info (21059): Implemented 97 output pins
    Info (21060): Implemented 71 bidirectional pins
Info: Quartus Prime Analysis & Synthesis was successful. 0 errors, 233 warnings
    Info: Peak virtual memory: 4751 megabytes
    Info: Processing ended: Fri Feb 14 10:26:05 2025
    Info: Elapsed time: 00:00:10
    Info: Total CPU time (on all processors): 00:00:25


