Analysis & Synthesis report for UART
Tue Jun 10 06:41:45 2025
Quartus Prime Version 23.1std.0 Build 991 11/28/2023 SC Lite Edition


---------------------
; Table of Contents ;
---------------------
  1. Legal Notice
  2. Analysis & Synthesis Summary
  3. Analysis & Synthesis Settings
  4. Parallel Compilation
  5. Analysis & Synthesis Source Files Read
  6. Analysis & Synthesis Resource Usage Summary
  7. Analysis & Synthesis Resource Utilization by Entity
  8. State Machine - |UART_top|tx_repeater:tx_rpt|current_state
  9. State Machine - |UART_top|UART:my_uart|uart_tx:uart_t|r_SM_Main
 10. State Machine - |UART_top|UART:my_uart|uart_rx:uart_r|r_SM_Main
 11. User-Specified and Inferred Latches
 12. Registers Removed During Synthesis
 13. General Register Statistics
 14. Inverted Register Statistics
 15. Multiplexer Restructuring Statistics (Restructuring Performed)
 16. Parameter Settings for User Entity Instance: control:ctrl
 17. Parameter Settings for User Entity Instance: UART:my_uart|uart_rx:uart_r
 18. Parameter Settings for User Entity Instance: UART:my_uart|uart_tx:uart_t
 19. Parameter Settings for User Entity Instance: tx_repeater:tx_rpt
 20. Port Connectivity Checks: "UART:my_uart"
 21. Post-Synthesis Netlist Statistics for Top Partition
 22. Elapsed Time Per Partition
 23. Analysis & Synthesis Messages



----------------
; Legal Notice ;
----------------
Copyright (C) 2023  Intel Corporation. All rights reserved.
Your use of Intel Corporation's design tools, logic functions 
and other software and tools, and any partner logic 
functions, and any output files from any of the foregoing 
(including device programming or simulation files), and any 
associated documentation or information are expressly subject 
to the terms and conditions of the Intel Program License 
Subscription Agreement, the Intel Quartus Prime License Agreement,
the Intel FPGA IP License Agreement, or other applicable license
agreement, including, without limitation, that your use is for
the sole purpose of programming logic devices manufactured by
Intel and sold by Intel or its authorized distributors.  Please
refer to the applicable agreement for further details, at
https://fpgasoftware.intel.com/eula.



+-------------------------------------------------------------------------------------+
; Analysis & Synthesis Summary                                                        ;
+------------------------------------+------------------------------------------------+
; Analysis & Synthesis Status        ; Successful - Tue Jun 10 06:41:45 2025          ;
; Quartus Prime Version              ; 23.1std.0 Build 991 11/28/2023 SC Lite Edition ;
; Revision Name                      ; UART                                           ;
; Top-level Entity Name              ; UART_top                                       ;
; Family                             ; MAX 10                                         ;
; Total logic elements               ; 172                                            ;
;     Total combinational functions  ; 168                                            ;
;     Dedicated logic registers      ; 93                                             ;
; Total registers                    ; 93                                             ;
; Total pins                         ; 16                                             ;
; Total virtual pins                 ; 0                                              ;
; Total memory bits                  ; 0                                              ;
; Embedded Multiplier 9-bit elements ; 0                                              ;
; Total PLLs                         ; 0                                              ;
; UFM blocks                         ; 0                                              ;
; ADC blocks                         ; 0                                              ;
+------------------------------------+------------------------------------------------+


+------------------------------------------------------------------------------------------------------------+
; Analysis & Synthesis Settings                                                                              ;
+------------------------------------------------------------------+--------------------+--------------------+
; Option                                                           ; Setting            ; Default Value      ;
+------------------------------------------------------------------+--------------------+--------------------+
; Device                                                           ; 10M50DAF484C6GES   ;                    ;
; Top-level entity name                                            ; UART_top           ; UART               ;
; Family name                                                      ; MAX 10             ; Cyclone V          ;
; Use smart compilation                                            ; Off                ; Off                ;
; Enable parallel Assembler and Timing Analyzer during compilation ; On                 ; On                 ;
; Enable compact report table                                      ; Off                ; Off                ;
; Restructure Multiplexers                                         ; Auto               ; Auto               ;
; Create Debugging Nodes for IP Cores                              ; Off                ; Off                ;
; Preserve fewer node names                                        ; On                 ; On                 ;
; Intel FPGA IP Evaluation Mode                                    ; Enable             ; Enable             ;
; Verilog Version                                                  ; Verilog_2001       ; Verilog_2001       ;
; VHDL Version                                                     ; VHDL_1993          ; VHDL_1993          ;
; State Machine Processing                                         ; Auto               ; Auto               ;
; Safe State Machine                                               ; Off                ; Off                ;
; Extract Verilog State Machines                                   ; On                 ; On                 ;
; Extract VHDL State Machines                                      ; On                 ; On                 ;
; Ignore Verilog initial constructs                                ; Off                ; Off                ;
; Iteration limit for constant Verilog loops                       ; 5000               ; 5000               ;
; Iteration limit for non-constant Verilog loops                   ; 250                ; 250                ;
; Add Pass-Through Logic to Inferred RAMs                          ; On                 ; On                 ;
; Infer RAMs from Raw Logic                                        ; On                 ; On                 ;
; Parallel Synthesis                                               ; On                 ; On                 ;
; DSP Block Balancing                                              ; Auto               ; Auto               ;
; NOT Gate Push-Back                                               ; On                 ; On                 ;
; Power-Up Don't Care                                              ; On                 ; On                 ;
; Remove Redundant Logic Cells                                     ; Off                ; Off                ;
; Remove Duplicate Registers                                       ; On                 ; On                 ;
; Ignore CARRY Buffers                                             ; Off                ; Off                ;
; Ignore CASCADE Buffers                                           ; Off                ; Off                ;
; Ignore GLOBAL Buffers                                            ; Off                ; Off                ;
; Ignore ROW GLOBAL Buffers                                        ; Off                ; Off                ;
; Ignore LCELL Buffers                                             ; Off                ; Off                ;
; Ignore SOFT Buffers                                              ; On                 ; On                 ;
; Limit AHDL Integers to 32 Bits                                   ; Off                ; Off                ;
; Optimization Technique                                           ; Balanced           ; Balanced           ;
; Carry Chain Length                                               ; 70                 ; 70                 ;
; Auto Carry Chains                                                ; On                 ; On                 ;
; Auto Open-Drain Pins                                             ; On                 ; On                 ;
; Perform WYSIWYG Primitive Resynthesis                            ; Off                ; Off                ;
; Auto ROM Replacement                                             ; On                 ; On                 ;
; Auto RAM Replacement                                             ; On                 ; On                 ;
; Auto DSP Block Replacement                                       ; On                 ; On                 ;
; Auto Shift Register Replacement                                  ; Auto               ; Auto               ;
; Allow Shift Register Merging across Hierarchies                  ; Auto               ; Auto               ;
; Auto Clock Enable Replacement                                    ; On                 ; On                 ;
; Strict RAM Replacement                                           ; Off                ; Off                ;
; Allow Synchronous Control Signals                                ; On                 ; On                 ;
; Force Use of Synchronous Clear Signals                           ; Off                ; Off                ;
; Auto RAM Block Balancing                                         ; On                 ; On                 ;
; Auto RAM to Logic Cell Conversion                                ; Off                ; Off                ;
; Auto Resource Sharing                                            ; Off                ; Off                ;
; Allow Any RAM Size For Recognition                               ; Off                ; Off                ;
; Allow Any ROM Size For Recognition                               ; Off                ; Off                ;
; Allow Any Shift Register Size For Recognition                    ; Off                ; Off                ;
; Use LogicLock Constraints during Resource Balancing              ; On                 ; On                 ;
; Ignore translate_off and synthesis_off directives                ; Off                ; Off                ;
; Timing-Driven Synthesis                                          ; On                 ; On                 ;
; Report Parameter Settings                                        ; On                 ; On                 ;
; Report Source Assignments                                        ; On                 ; On                 ;
; Report Connectivity Checks                                       ; On                 ; On                 ;
; Ignore Maximum Fan-Out Assignments                               ; Off                ; Off                ;
; Synchronization Register Chain Length                            ; 2                  ; 2                  ;
; Power Optimization During Synthesis                              ; Normal compilation ; Normal compilation ;
; HDL message level                                                ; Level2             ; Level2             ;
; Suppress Register Optimization Related Messages                  ; Off                ; Off                ;
; Number of Removed Registers Reported in Synthesis Report         ; 5000               ; 5000               ;
; Number of Swept Nodes Reported in Synthesis Report               ; 5000               ; 5000               ;
; Number of Inverted Registers Reported in Synthesis Report        ; 100                ; 100                ;
; Clock MUX Protection                                             ; On                 ; On                 ;
; Auto Gated Clock Conversion                                      ; Off                ; Off                ;
; Block Design Naming                                              ; Auto               ; Auto               ;
; SDC constraint protection                                        ; Off                ; Off                ;
; Synthesis Effort                                                 ; Auto               ; Auto               ;
; Shift Register Replacement - Allow Asynchronous Clear Signal     ; On                 ; On                 ;
; Pre-Mapping Resynthesis Optimization                             ; Off                ; Off                ;
; Analysis & Synthesis Message Level                               ; Medium             ; Medium             ;
; Disable Register Merging Across Hierarchies                      ; Auto               ; Auto               ;
; Resource Aware Inference For Block RAM                           ; On                 ; On                 ;
+------------------------------------------------------------------+--------------------+--------------------+


+------------------------------------------+
; Parallel Compilation                     ;
+----------------------------+-------------+
; Processors                 ; Number      ;
+----------------------------+-------------+
; Number detected on machine ; 8           ;
; Maximum allowed            ; 4           ;
;                            ;             ;
; Average used               ; 1.00        ;
; Maximum used               ; 4           ;
;                            ;             ;
; Usage by Processor         ; % Time Used ;
;     Processor 1            ; 100.0%      ;
;     Processors 2-4         ;   0.0%      ;
+----------------------------+-------------+


+---------------------------------------------------------------------------------------------------------------------------------------------------------------+
; Analysis & Synthesis Source Files Read                                                                                                                        ;
+----------------------------------+-----------------+------------------------+-----------------------------------------------------------------------+---------+
; File Name with User-Entered Path ; Used in Netlist ; File Type              ; File Name with Absolute Path                                          ; Library ;
+----------------------------------+-----------------+------------------------+-----------------------------------------------------------------------+---------+
; ../RTL/control.v                 ; yes             ; User Verilog HDL File  ; C:/Users/DNLD/Documents/Projects/DE10_projects/UART/RTL/control.v     ;         ;
; ../RTL/tx_repeater.v             ; yes             ; User Verilog HDL File  ; C:/Users/DNLD/Documents/Projects/DE10_projects/UART/RTL/tx_repeater.v ;         ;
; ../RTL/uart_tx.v                 ; yes             ; User Verilog HDL File  ; C:/Users/DNLD/Documents/Projects/DE10_projects/UART/RTL/uart_tx.v     ;         ;
; ../RTL/UART_top.v                ; yes             ; User Verilog HDL File  ; C:/Users/DNLD/Documents/Projects/DE10_projects/UART/RTL/UART_top.v    ;         ;
; ../RTL/uart_rx.v                 ; yes             ; User Verilog HDL File  ; C:/Users/DNLD/Documents/Projects/DE10_projects/UART/RTL/uart_rx.v     ;         ;
; ../RTL/UART.v                    ; yes             ; User Verilog HDL File  ; C:/Users/DNLD/Documents/Projects/DE10_projects/UART/RTL/UART.v        ;         ;
+----------------------------------+-----------------+------------------------+-----------------------------------------------------------------------+---------+


+-------------------------------------------------------------------+
; Analysis & Synthesis Resource Usage Summary                       ;
+---------------------------------------------+---------------------+
; Resource                                    ; Usage               ;
+---------------------------------------------+---------------------+
; Estimated Total logic elements              ; 172                 ;
;                                             ;                     ;
; Total combinational functions               ; 168                 ;
; Logic element usage by number of LUT inputs ;                     ;
;     -- 4 input functions                    ; 68                  ;
;     -- 3 input functions                    ; 37                  ;
;     -- <=2 input functions                  ; 63                  ;
;                                             ;                     ;
; Logic elements by mode                      ;                     ;
;     -- normal mode                          ; 117                 ;
;     -- arithmetic mode                      ; 51                  ;
;                                             ;                     ;
; Total registers                             ; 93                  ;
;     -- Dedicated logic registers            ; 93                  ;
;     -- I/O registers                        ; 0                   ;
;                                             ;                     ;
; I/O pins                                    ; 16                  ;
;                                             ;                     ;
; Embedded Multiplier 9-bit elements          ; 0                   ;
;                                             ;                     ;
; Maximum fan-out node                        ; MAX10_CLK1_50~input ;
; Maximum fan-out                             ; 93                  ;
; Total fan-out                               ; 789                 ;
; Average fan-out                             ; 2.69                ;
+---------------------------------------------+---------------------+


+------------------------------------------------------------------------------------------------------------------------------------------------------------------------------------------------------------------------------------------------------+
; Analysis & Synthesis Resource Utilization by Entity                                                                                                                                                                                                  ;
+----------------------------+---------------------+---------------------------+-------------+------------+--------------+---------+-----------+------+--------------+------------+---------------------------------------+-------------+--------------+
; Compilation Hierarchy Node ; Combinational ALUTs ; Dedicated Logic Registers ; Memory Bits ; UFM Blocks ; DSP Elements ; DSP 9x9 ; DSP 18x18 ; Pins ; Virtual Pins ; ADC blocks ; Full Hierarchy Name                   ; Entity Name ; Library Name ;
+----------------------------+---------------------+---------------------------+-------------+------------+--------------+---------+-----------+------+--------------+------------+---------------------------------------+-------------+--------------+
; |UART_top                  ; 168 (0)             ; 93 (0)                    ; 0           ; 0          ; 0            ; 0       ; 0         ; 16   ; 0            ; 0          ; |UART_top                             ; UART_top    ; work         ;
;    |UART:my_uart|          ; 93 (0)              ; 57 (0)                    ; 0           ; 0          ; 0            ; 0       ; 0         ; 0    ; 0            ; 0          ; |UART_top|UART:my_uart                ; UART        ; work         ;
;       |uart_rx:uart_r|     ; 58 (58)             ; 30 (30)                   ; 0           ; 0          ; 0            ; 0       ; 0         ; 0    ; 0            ; 0          ; |UART_top|UART:my_uart|uart_rx:uart_r ; uart_rx     ; work         ;
;       |uart_tx:uart_t|     ; 35 (35)             ; 27 (27)                   ; 0           ; 0          ; 0            ; 0       ; 0         ; 0    ; 0            ; 0          ; |UART_top|UART:my_uart|uart_tx:uart_t ; uart_tx     ; work         ;
;    |control:ctrl|          ; 49 (49)             ; 32 (32)                   ; 0           ; 0          ; 0            ; 0       ; 0         ; 0    ; 0            ; 0          ; |UART_top|control:ctrl                ; control     ; work         ;
;    |tx_repeater:tx_rpt|    ; 26 (26)             ; 4 (4)                     ; 0           ; 0          ; 0            ; 0       ; 0         ; 0    ; 0            ; 0          ; |UART_top|tx_repeater:tx_rpt          ; tx_repeater ; work         ;
+----------------------------+---------------------+---------------------------+-------------+------------+--------------+---------+-----------+------+--------------+------------+---------------------------------------+-------------+--------------+
Note: For table entries with two numbers listed, the numbers in parentheses indicate the number of resources of the given type used by the specific entity alone. The numbers listed outside of parentheses indicate the total resources of the given type used by the specific entity and all of its sub-entities in the hierarchy.


Encoding Type:  One-Hot
+-----------------------------------------------------------------------------------------------------------------------------------------+
; State Machine - |UART_top|tx_repeater:tx_rpt|current_state                                                                              ;
+----------------------+----------------------+----------------------+----------------------+----------------------+----------------------+
; Name                 ; current_state.STATE3 ; current_state.STATE2 ; current_state.STATE1 ; current_state.STATE0 ; current_state.STATE4 ;
+----------------------+----------------------+----------------------+----------------------+----------------------+----------------------+
; current_state.STATE0 ; 0                    ; 0                    ; 0                    ; 0                    ; 0                    ;
; current_state.STATE1 ; 0                    ; 0                    ; 1                    ; 1                    ; 0                    ;
; current_state.STATE2 ; 0                    ; 1                    ; 0                    ; 1                    ; 0                    ;
; current_state.STATE3 ; 1                    ; 0                    ; 0                    ; 1                    ; 0                    ;
; current_state.STATE4 ; 0                    ; 0                    ; 0                    ; 1                    ; 1                    ;
+----------------------+----------------------+----------------------+----------------------+----------------------+----------------------+


Encoding Type:  One-Hot
+------------------------------------------------------------------------------------------------------------------------------------------------+
; State Machine - |UART_top|UART:my_uart|uart_tx:uart_t|r_SM_Main                                                                                ;
+--------------------------+-------------------------+--------------------------+--------------------------+---------------+---------------------+
; Name                     ; r_SM_Main.s_TX_STOP_BIT ; r_SM_Main.s_TX_DATA_BITS ; r_SM_Main.s_TX_START_BIT ; r_SM_Main.000 ; r_SM_Main.s_CLEANUP ;
+--------------------------+-------------------------+--------------------------+--------------------------+---------------+---------------------+
; r_SM_Main.000            ; 0                       ; 0                        ; 0                        ; 0             ; 0                   ;
; r_SM_Main.s_TX_START_BIT ; 0                       ; 0                        ; 1                        ; 1             ; 0                   ;
; r_SM_Main.s_TX_DATA_BITS ; 0                       ; 1                        ; 0                        ; 1             ; 0                   ;
; r_SM_Main.s_TX_STOP_BIT  ; 1                       ; 0                        ; 0                        ; 1             ; 0                   ;
; r_SM_Main.s_CLEANUP      ; 0                       ; 0                        ; 0                        ; 1             ; 1                   ;
+--------------------------+-------------------------+--------------------------+--------------------------+---------------+---------------------+


Encoding Type:  One-Hot
+------------------------------------------------------------------------------------------------------------------------------------------------+
; State Machine - |UART_top|UART:my_uart|uart_rx:uart_r|r_SM_Main                                                                                ;
+--------------------------+-------------------------+--------------------------+--------------------------+---------------+---------------------+
; Name                     ; r_SM_Main.s_RX_STOP_BIT ; r_SM_Main.s_RX_DATA_BITS ; r_SM_Main.s_RX_START_BIT ; r_SM_Main.000 ; r_SM_Main.s_CLEANUP ;
+--------------------------+-------------------------+--------------------------+--------------------------+---------------+---------------------+
; r_SM_Main.000            ; 0                       ; 0                        ; 0                        ; 0             ; 0                   ;
; r_SM_Main.s_RX_START_BIT ; 0                       ; 0                        ; 1                        ; 1             ; 0                   ;
; r_SM_Main.s_RX_DATA_BITS ; 0                       ; 1                        ; 0                        ; 1             ; 0                   ;
; r_SM_Main.s_RX_STOP_BIT  ; 1                       ; 0                        ; 0                        ; 1             ; 0                   ;
; r_SM_Main.s_CLEANUP      ; 0                       ; 0                        ; 0                        ; 1             ; 1                   ;
+--------------------------+-------------------------+--------------------------+--------------------------+---------------+---------------------+


+------------------------------------------------------------------------------------------------------------------------+
; User-Specified and Inferred Latches                                                                                    ;
+-----------------------------------------------------+-----------------------------------------+------------------------+
; Latch Name                                          ; Latch Enable Signal                     ; Free of Timing Hazards ;
+-----------------------------------------------------+-----------------------------------------+------------------------+
; tx_repeater:tx_rpt|tx_data[2]                       ; tx_repeater:tx_rpt|current_state.STATE1 ; yes                    ;
; tx_repeater:tx_rpt|tx_data[1]                       ; tx_repeater:tx_rpt|current_state.STATE1 ; yes                    ;
; tx_repeater:tx_rpt|tx_data[0]                       ; tx_repeater:tx_rpt|current_state.STATE1 ; yes                    ;
; tx_repeater:tx_rpt|tx_data[3]                       ; tx_repeater:tx_rpt|current_state.STATE1 ; yes                    ;
; tx_repeater:tx_rpt|tx_data[6]                       ; tx_repeater:tx_rpt|current_state.STATE1 ; yes                    ;
; tx_repeater:tx_rpt|tx_data[5]                       ; tx_repeater:tx_rpt|current_state.STATE1 ; yes                    ;
; tx_repeater:tx_rpt|tx_data[4]                       ; tx_repeater:tx_rpt|current_state.STATE1 ; yes                    ;
; tx_repeater:tx_rpt|tx_data[7]                       ; tx_repeater:tx_rpt|current_state.STATE1 ; yes                    ;
; tx_repeater:tx_rpt|rx_inc_data[2]                   ; tx_repeater:tx_rpt|next_state.STATE1    ; yes                    ;
; tx_repeater:tx_rpt|rx_inc_data[1]                   ; tx_repeater:tx_rpt|next_state.STATE1    ; yes                    ;
; tx_repeater:tx_rpt|rx_inc_data[0]                   ; tx_repeater:tx_rpt|next_state.STATE1    ; yes                    ;
; tx_repeater:tx_rpt|rx_inc_data[3]                   ; tx_repeater:tx_rpt|next_state.STATE1    ; yes                    ;
; tx_repeater:tx_rpt|rx_inc_data[6]                   ; tx_repeater:tx_rpt|next_state.STATE1    ; yes                    ;
; tx_repeater:tx_rpt|rx_inc_data[5]                   ; tx_repeater:tx_rpt|next_state.STATE1    ; yes                    ;
; tx_repeater:tx_rpt|rx_inc_data[4]                   ; tx_repeater:tx_rpt|next_state.STATE1    ; yes                    ;
; tx_repeater:tx_rpt|rx_inc_data[7]                   ; tx_repeater:tx_rpt|next_state.STATE1    ; yes                    ;
; Number of user-specified and inferred latches = 16  ;                                         ;                        ;
+-----------------------------------------------------+-----------------------------------------+------------------------+
Note: All latches listed above may not be present at the end of synthesis due to various synthesis optimizations.


+----------------------------------------------------------------------------------+
; Registers Removed During Synthesis                                               ;
+-----------------------------------------+----------------------------------------+
; Register name                           ; Reason for Removal                     ;
+-----------------------------------------+----------------------------------------+
; control:ctrl|ledr[0]                    ; Stuck at GND due to stuck port data_in ;
; control:ctrl|ledr[1]                    ; Stuck at VCC due to stuck port data_in ;
; control:ctrl|ledr[2]                    ; Stuck at GND due to stuck port data_in ;
; control:ctrl|ledr[3]                    ; Stuck at VCC due to stuck port data_in ;
; control:ctrl|ledr[4]                    ; Stuck at GND due to stuck port data_in ;
; control:ctrl|ledr[5]                    ; Stuck at VCC due to stuck port data_in ;
; control:ctrl|ledr[6]                    ; Stuck at GND due to stuck port data_in ;
; control:ctrl|ledr[7]                    ; Stuck at VCC due to stuck port data_in ;
; tx_repeater:tx_rpt|current_state~4      ; Lost fanout                            ;
; tx_repeater:tx_rpt|current_state~5      ; Lost fanout                            ;
; UART:my_uart|uart_tx:uart_t|r_SM_Main~2 ; Lost fanout                            ;
; UART:my_uart|uart_tx:uart_t|r_SM_Main~3 ; Lost fanout                            ;
; UART:my_uart|uart_rx:uart_r|r_SM_Main~2 ; Lost fanout                            ;
; UART:my_uart|uart_rx:uart_r|r_SM_Main~3 ; Lost fanout                            ;
; tx_repeater:tx_rpt|current_state.STATE4 ; Stuck at GND due to stuck port data_in ;
; Total Number of Removed Registers = 15  ;                                        ;
+-----------------------------------------+----------------------------------------+


+------------------------------------------------------+
; General Register Statistics                          ;
+----------------------------------------------+-------+
; Statistic                                    ; Value ;
+----------------------------------------------+-------+
; Total registers                              ; 93    ;
; Number of registers using Synchronous Clear  ; 48    ;
; Number of registers using Synchronous Load   ; 0     ;
; Number of registers using Asynchronous Clear ; 4     ;
; Number of registers using Asynchronous Load  ; 0     ;
; Number of registers using Clock Enable       ; 28    ;
; Number of registers using Preset             ; 0     ;
+----------------------------------------------+-------+


+---------------------------------------------------+
; Inverted Register Statistics                      ;
+-----------------------------------------+---------+
; Inverted Register                       ; Fan out ;
+-----------------------------------------+---------+
; UART:my_uart|uart_rx:uart_r|r_Rx_Data   ; 12      ;
; UART:my_uart|uart_rx:uart_r|r_Rx_Data_R ; 1       ;
; Total number of inverted registers = 2  ;         ;
+-----------------------------------------+---------+


+----------------------------------------------------------------------------------------------------------------------------------------------------------------------+
; Multiplexer Restructuring Statistics (Restructuring Performed)                                                                                                       ;
+--------------------+-----------+---------------+----------------------+------------------------+------------+--------------------------------------------------------+
; Multiplexer Inputs ; Bus Width ; Baseline Area ; Area if Restructured ; Saving if Restructured ; Registered ; Example Multiplexer Output                             ;
+--------------------+-----------+---------------+----------------------+------------------------+------------+--------------------------------------------------------+
; 4:1                ; 9 bits    ; 18 LEs        ; 9 LEs                ; 9 LEs                  ; Yes        ; |UART_top|UART:my_uart|uart_tx:uart_t|r_Clock_Count[8] ;
; 7:1                ; 11 bits   ; 44 LEs        ; 11 LEs               ; 33 LEs                 ; Yes        ; |UART_top|UART:my_uart|uart_rx:uart_r|r_Clock_Count[4] ;
; 3:1                ; 3 bits    ; 6 LEs         ; 6 LEs                ; 0 LEs                  ; No         ; |UART_top|UART:my_uart|uart_tx:uart_t|r_Bit_Index      ;
; 3:1                ; 3 bits    ; 6 LEs         ; 6 LEs                ; 0 LEs                  ; No         ; |UART_top|UART:my_uart|uart_rx:uart_r|r_Bit_Index      ;
+--------------------+-----------+---------------+----------------------+------------------------+------------+--------------------------------------------------------+


+-----------------------------------------------------------------+
; Parameter Settings for User Entity Instance: control:ctrl       ;
+----------------+------------------------------+-----------------+
; Parameter Name ; Value                        ; Type            ;
+----------------+------------------------------+-----------------+
; DIVISOR        ; 1101110011010110010100000000 ; Unsigned Binary ;
+----------------+------------------------------+-----------------+
Note: In order to hide this table in the UI and the text report file, please set the "Show Parameter Settings in Synthesis Report" option in "Analysis and Synthesis Settings -> More Settings" to "Off".


+--------------------------------------------------------------------------+
; Parameter Settings for User Entity Instance: UART:my_uart|uart_rx:uart_r ;
+--------------------+-------+---------------------------------------------+
; Parameter Name     ; Value ; Type                                        ;
+--------------------+-------+---------------------------------------------+
; CLKS_PER_BIT_param ; 434   ; Signed Integer                              ;
; s_IDLE             ; 000   ; Unsigned Binary                             ;
; s_RX_START_BIT     ; 001   ; Unsigned Binary                             ;
; s_RX_DATA_BITS     ; 010   ; Unsigned Binary                             ;
; s_RX_STOP_BIT      ; 011   ; Unsigned Binary                             ;
; s_CLEANUP          ; 100   ; Unsigned Binary                             ;
+--------------------+-------+---------------------------------------------+
Note: In order to hide this table in the UI and the text report file, please set the "Show Parameter Settings in Synthesis Report" option in "Analysis and Synthesis Settings -> More Settings" to "Off".


+--------------------------------------------------------------------------+
; Parameter Settings for User Entity Instance: UART:my_uart|uart_tx:uart_t ;
+----------------+-------+-------------------------------------------------+
; Parameter Name ; Value ; Type                                            ;
+----------------+-------+-------------------------------------------------+
; CLKS_PER_BIT   ; 434   ; Signed Integer                                  ;
; s_IDLE         ; 000   ; Unsigned Binary                                 ;
; s_TX_START_BIT ; 001   ; Unsigned Binary                                 ;
; s_TX_DATA_BITS ; 010   ; Unsigned Binary                                 ;
; s_TX_STOP_BIT  ; 011   ; Unsigned Binary                                 ;
; s_CLEANUP      ; 100   ; Unsigned Binary                                 ;
+----------------+-------+-------------------------------------------------+
Note: In order to hide this table in the UI and the text report file, please set the "Show Parameter Settings in Synthesis Report" option in "Analysis and Synthesis Settings -> More Settings" to "Off".


+-----------------------------------------------------------------+
; Parameter Settings for User Entity Instance: tx_repeater:tx_rpt ;
+----------------+-------+----------------------------------------+
; Parameter Name ; Value ; Type                                   ;
+----------------+-------+----------------------------------------+
; STATE0         ; 000   ; Unsigned Binary                        ;
; STATE1         ; 001   ; Unsigned Binary                        ;
; STATE2         ; 010   ; Unsigned Binary                        ;
; STATE3         ; 011   ; Unsigned Binary                        ;
; STATE4         ; 100   ; Unsigned Binary                        ;
; STATE5         ; 101   ; Unsigned Binary                        ;
; STATE6         ; 110   ; Unsigned Binary                        ;
; STATE7         ; 111   ; Unsigned Binary                        ;
+----------------+-------+----------------------------------------+
Note: In order to hide this table in the UI and the text report file, please set the "Show Parameter Settings in Synthesis Report" option in "Analysis and Synthesis Settings -> More Settings" to "Off".


+-----------------------------------------------------------------------------------------------------------------------+
; Port Connectivity Checks: "UART:my_uart"                                                                              ;
+-------------+--------+----------+-------------------------------------------------------------------------------------+
; Port        ; Type   ; Severity ; Details                                                                             ;
+-------------+--------+----------+-------------------------------------------------------------------------------------+
; o_Tx_Active ; Output ; Info     ; Connected to dangling logic. Logic that only feeds a dangling port will be removed. ;
+-------------+--------+----------+-------------------------------------------------------------------------------------+


+-----------------------------------------------------+
; Post-Synthesis Netlist Statistics for Top Partition ;
+-----------------------+-----------------------------+
; Type                  ; Count                       ;
+-----------------------+-----------------------------+
; boundary_port         ; 16                          ;
; cycloneiii_ff         ; 93                          ;
;     CLR               ; 4                           ;
;     ENA               ; 8                           ;
;     ENA SCLR          ; 20                          ;
;     SCLR              ; 28                          ;
;     plain             ; 33                          ;
; cycloneiii_lcell_comb ; 170                         ;
;     arith             ; 51                          ;
;         2 data inputs ; 50                          ;
;         3 data inputs ; 1                           ;
;     normal            ; 119                         ;
;         0 data inputs ; 2                           ;
;         1 data inputs ; 6                           ;
;         2 data inputs ; 7                           ;
;         3 data inputs ; 36                          ;
;         4 data inputs ; 68                          ;
;                       ;                             ;
; Max LUT depth         ; 5.00                        ;
; Average LUT depth     ; 2.82                        ;
+-----------------------+-----------------------------+


+-------------------------------+
; Elapsed Time Per Partition    ;
+----------------+--------------+
; Partition Name ; Elapsed Time ;
+----------------+--------------+
; Top            ; 00:00:00     ;
+----------------+--------------+


+-------------------------------+
; Analysis & Synthesis Messages ;
+-------------------------------+
Info: *******************************************************************
Info: Running Quartus Prime Analysis & Synthesis
    Info: Version 23.1std.0 Build 991 11/28/2023 SC Lite Edition
    Info: Processing started: Tue Jun 10 06:41:34 2025
Info: Command: quartus_map --read_settings_files=on --write_settings_files=off UART -c UART
Warning (18236): Number of processors has not been specified which may cause overloading on shared machines.  Set the global assignment NUM_PARALLEL_PROCESSORS in your QSF to an appropriate value for best performance.
Info (20030): Parallel compilation is enabled and will use 4 of the 4 processors detected
Warning (10229): Verilog HDL Expression warning at control.v(24): truncated literal to match 28 bits File: C:/Users/DNLD/Documents/Projects/DE10_projects/UART/RTL/control.v Line: 24
Info (12021): Found 1 design units, including 1 entities, in source file /users/dnld/documents/projects/de10_projects/uart/rtl/control.v
    Info (12023): Found entity 1: control File: C:/Users/DNLD/Documents/Projects/DE10_projects/UART/RTL/control.v Line: 6
Info (12021): Found 1 design units, including 1 entities, in source file /users/dnld/documents/projects/de10_projects/uart/rtl/tx_repeater.v
    Info (12023): Found entity 1: tx_repeater File: C:/Users/DNLD/Documents/Projects/DE10_projects/UART/RTL/tx_repeater.v Line: 1
Info (12021): Found 1 design units, including 1 entities, in source file /users/dnld/documents/projects/de10_projects/uart/rtl/tx_activate.v
    Info (12023): Found entity 1: tx_activate File: C:/Users/DNLD/Documents/Projects/DE10_projects/UART/RTL/tx_activate.v Line: 1
Info (12021): Found 1 design units, including 1 entities, in source file /users/dnld/documents/projects/de10_projects/uart/rtl/uart_tx.v
    Info (12023): Found entity 1: uart_tx File: C:/Users/DNLD/Documents/Projects/DE10_projects/UART/RTL/uart_tx.v Line: 15
Info (12021): Found 1 design units, including 1 entities, in source file /users/dnld/documents/projects/de10_projects/uart/rtl/uart_top.v
    Info (12023): Found entity 1: UART_top File: C:/Users/DNLD/Documents/Projects/DE10_projects/UART/RTL/UART_top.v Line: 14
Info (12021): Found 1 design units, including 1 entities, in source file /users/dnld/documents/projects/de10_projects/uart/rtl/uart_rx.v
    Info (12023): Found entity 1: uart_rx File: C:/Users/DNLD/Documents/Projects/DE10_projects/UART/RTL/uart_rx.v Line: 16
Info (12021): Found 1 design units, including 1 entities, in source file /users/dnld/documents/projects/de10_projects/uart/rtl/uart.v
    Info (12023): Found entity 1: UART File: C:/Users/DNLD/Documents/Projects/DE10_projects/UART/RTL/UART.v Line: 3
Info (12127): Elaborating entity "UART_top" for the top level hierarchy
Info (12128): Elaborating entity "control" for hierarchy "control:ctrl" File: C:/Users/DNLD/Documents/Projects/DE10_projects/UART/RTL/UART_top.v Line: 55
Warning (10230): Verilog HDL assignment warning at control.v(16): truncated value with size 9 to match size of target (8) File: C:/Users/DNLD/Documents/Projects/DE10_projects/UART/RTL/control.v Line: 16
Info (12128): Elaborating entity "UART" for hierarchy "UART:my_uart" File: C:/Users/DNLD/Documents/Projects/DE10_projects/UART/RTL/UART_top.v Line: 58
Info (12128): Elaborating entity "uart_rx" for hierarchy "UART:my_uart|uart_rx:uart_r" File: C:/Users/DNLD/Documents/Projects/DE10_projects/UART/RTL/UART.v Line: 17
Warning (10230): Verilog HDL assignment warning at uart_rx.v(41): truncated value with size 32 to match size of target (11) File: C:/Users/DNLD/Documents/Projects/DE10_projects/UART/RTL/uart_rx.v Line: 41
Warning (10230): Verilog HDL assignment warning at uart_rx.v(90): truncated value with size 32 to match size of target (11) File: C:/Users/DNLD/Documents/Projects/DE10_projects/UART/RTL/uart_rx.v Line: 90
Warning (10230): Verilog HDL assignment warning at uart_rx.v(101): truncated value with size 32 to match size of target (11) File: C:/Users/DNLD/Documents/Projects/DE10_projects/UART/RTL/uart_rx.v Line: 101
Warning (10230): Verilog HDL assignment warning at uart_rx.v(112): truncated value with size 32 to match size of target (3) File: C:/Users/DNLD/Documents/Projects/DE10_projects/UART/RTL/uart_rx.v Line: 112
Warning (10230): Verilog HDL assignment warning at uart_rx.v(130): truncated value with size 32 to match size of target (11) File: C:/Users/DNLD/Documents/Projects/DE10_projects/UART/RTL/uart_rx.v Line: 130
Info (12128): Elaborating entity "uart_tx" for hierarchy "UART:my_uart|uart_tx:uart_t" File: C:/Users/DNLD/Documents/Projects/DE10_projects/UART/RTL/UART.v Line: 21
Warning (10230): Verilog HDL assignment warning at uart_tx.v(71): truncated value with size 32 to match size of target (9) File: C:/Users/DNLD/Documents/Projects/DE10_projects/UART/RTL/uart_tx.v Line: 71
Warning (10230): Verilog HDL assignment warning at uart_tx.v(89): truncated value with size 32 to match size of target (9) File: C:/Users/DNLD/Documents/Projects/DE10_projects/UART/RTL/uart_tx.v Line: 89
Warning (10230): Verilog HDL assignment warning at uart_tx.v(99): truncated value with size 32 to match size of target (3) File: C:/Users/DNLD/Documents/Projects/DE10_projects/UART/RTL/uart_tx.v Line: 99
Warning (10230): Verilog HDL assignment warning at uart_tx.v(119): truncated value with size 32 to match size of target (9) File: C:/Users/DNLD/Documents/Projects/DE10_projects/UART/RTL/uart_tx.v Line: 119
Info (12128): Elaborating entity "tx_repeater" for hierarchy "tx_repeater:tx_rpt" File: C:/Users/DNLD/Documents/Projects/DE10_projects/UART/RTL/UART_top.v Line: 70
Warning (10230): Verilog HDL assignment warning at tx_repeater.v(53): truncated value with size 32 to match size of target (8) File: C:/Users/DNLD/Documents/Projects/DE10_projects/UART/RTL/tx_repeater.v Line: 53
Warning (10240): Verilog HDL Always Construct warning at tx_repeater.v(47): inferring latch(es) for variable "iTx_DV", which holds its previous value in one or more paths through the always construct File: C:/Users/DNLD/Documents/Projects/DE10_projects/UART/RTL/tx_repeater.v Line: 47
Warning (10240): Verilog HDL Always Construct warning at tx_repeater.v(47): inferring latch(es) for variable "rx_inc_data", which holds its previous value in one or more paths through the always construct File: C:/Users/DNLD/Documents/Projects/DE10_projects/UART/RTL/tx_repeater.v Line: 47
Warning (10240): Verilog HDL Always Construct warning at tx_repeater.v(47): inferring latch(es) for variable "tx_data", which holds its previous value in one or more paths through the always construct File: C:/Users/DNLD/Documents/Projects/DE10_projects/UART/RTL/tx_repeater.v Line: 47
Info (10041): Inferred latch for "tx_data[0]" at tx_repeater.v(47) File: C:/Users/DNLD/Documents/Projects/DE10_projects/UART/RTL/tx_repeater.v Line: 47
Info (10041): Inferred latch for "tx_data[1]" at tx_repeater.v(47) File: C:/Users/DNLD/Documents/Projects/DE10_projects/UART/RTL/tx_repeater.v Line: 47
Info (10041): Inferred latch for "tx_data[2]" at tx_repeater.v(47) File: C:/Users/DNLD/Documents/Projects/DE10_projects/UART/RTL/tx_repeater.v Line: 47
Info (10041): Inferred latch for "tx_data[3]" at tx_repeater.v(47) File: C:/Users/DNLD/Documents/Projects/DE10_projects/UART/RTL/tx_repeater.v Line: 47
Info (10041): Inferred latch for "tx_data[4]" at tx_repeater.v(47) File: C:/Users/DNLD/Documents/Projects/DE10_projects/UART/RTL/tx_repeater.v Line: 47
Info (10041): Inferred latch for "tx_data[5]" at tx_repeater.v(47) File: C:/Users/DNLD/Documents/Projects/DE10_projects/UART/RTL/tx_repeater.v Line: 47
Info (10041): Inferred latch for "tx_data[6]" at tx_repeater.v(47) File: C:/Users/DNLD/Documents/Projects/DE10_projects/UART/RTL/tx_repeater.v Line: 47
Info (10041): Inferred latch for "tx_data[7]" at tx_repeater.v(47) File: C:/Users/DNLD/Documents/Projects/DE10_projects/UART/RTL/tx_repeater.v Line: 47
Info (10041): Inferred latch for "rx_inc_data[0]" at tx_repeater.v(47) File: C:/Users/DNLD/Documents/Projects/DE10_projects/UART/RTL/tx_repeater.v Line: 47
Info (10041): Inferred latch for "rx_inc_data[1]" at tx_repeater.v(47) File: C:/Users/DNLD/Documents/Projects/DE10_projects/UART/RTL/tx_repeater.v Line: 47
Info (10041): Inferred latch for "rx_inc_data[2]" at tx_repeater.v(47) File: C:/Users/DNLD/Documents/Projects/DE10_projects/UART/RTL/tx_repeater.v Line: 47
Info (10041): Inferred latch for "rx_inc_data[3]" at tx_repeater.v(47) File: C:/Users/DNLD/Documents/Projects/DE10_projects/UART/RTL/tx_repeater.v Line: 47
Info (10041): Inferred latch for "rx_inc_data[4]" at tx_repeater.v(47) File: C:/Users/DNLD/Documents/Projects/DE10_projects/UART/RTL/tx_repeater.v Line: 47
Info (10041): Inferred latch for "rx_inc_data[5]" at tx_repeater.v(47) File: C:/Users/DNLD/Documents/Projects/DE10_projects/UART/RTL/tx_repeater.v Line: 47
Info (10041): Inferred latch for "rx_inc_data[6]" at tx_repeater.v(47) File: C:/Users/DNLD/Documents/Projects/DE10_projects/UART/RTL/tx_repeater.v Line: 47
Info (10041): Inferred latch for "rx_inc_data[7]" at tx_repeater.v(47) File: C:/Users/DNLD/Documents/Projects/DE10_projects/UART/RTL/tx_repeater.v Line: 47
Info (10041): Inferred latch for "iTx_DV" at tx_repeater.v(47) File: C:/Users/DNLD/Documents/Projects/DE10_projects/UART/RTL/tx_repeater.v Line: 47
Warning (14026): LATCH primitive "tx_repeater:tx_rpt|iTx_DV" is permanently enabled File: C:/Users/DNLD/Documents/Projects/DE10_projects/UART/RTL/tx_repeater.v Line: 6
Warning (14026): LATCH primitive "tx_repeater:tx_rpt|iTx_DV" is permanently enabled File: C:/Users/DNLD/Documents/Projects/DE10_projects/UART/RTL/tx_repeater.v Line: 6
Warning (13024): Output pins are stuck at VCC or GND
    Warning (13410): Pin "LEDR[0]" is stuck at GND File: C:/Users/DNLD/Documents/Projects/DE10_projects/UART/RTL/UART_top.v Line: 27
    Warning (13410): Pin "LEDR[1]" is stuck at VCC File: C:/Users/DNLD/Documents/Projects/DE10_projects/UART/RTL/UART_top.v Line: 27
    Warning (13410): Pin "LEDR[2]" is stuck at GND File: C:/Users/DNLD/Documents/Projects/DE10_projects/UART/RTL/UART_top.v Line: 27
    Warning (13410): Pin "LEDR[3]" is stuck at VCC File: C:/Users/DNLD/Documents/Projects/DE10_projects/UART/RTL/UART_top.v Line: 27
    Warning (13410): Pin "LEDR[4]" is stuck at GND File: C:/Users/DNLD/Documents/Projects/DE10_projects/UART/RTL/UART_top.v Line: 27
    Warning (13410): Pin "LEDR[5]" is stuck at VCC File: C:/Users/DNLD/Documents/Projects/DE10_projects/UART/RTL/UART_top.v Line: 27
    Warning (13410): Pin "LEDR[6]" is stuck at GND File: C:/Users/DNLD/Documents/Projects/DE10_projects/UART/RTL/UART_top.v Line: 27
    Warning (13410): Pin "LEDR[7]" is stuck at VCC File: C:/Users/DNLD/Documents/Projects/DE10_projects/UART/RTL/UART_top.v Line: 27
Info (286030): Timing-Driven Synthesis is running
Info (17049): 6 registers lost all their fanouts during netlist optimizations.
Info (16010): Generating hard_block partition "hard_block:auto_generated_inst"
    Info (16011): Adding 0 node(s), including 0 DDIO, 0 PLL, 0 transceiver and 0 LCELL
Info (21057): Implemented 197 device resources after synthesis - the final resource count might be different
    Info (21058): Implemented 4 input pins
    Info (21059): Implemented 12 output pins
    Info (21061): Implemented 181 logic cells
Info: Quartus Prime Analysis & Synthesis was successful. 0 errors, 27 warnings
    Info: Peak virtual memory: 4770 megabytes
    Info: Processing ended: Tue Jun 10 06:41:45 2025
    Info: Elapsed time: 00:00:11
    Info: Total CPU time (on all processors): 00:00:28


