Flow report for PE2526
Sat Sep  6 07:36:57 2025
Quartus Prime Version 23.1std.0 Build 991 11/28/2023 SC Lite Edition


---------------------
; Table of Contents ;
---------------------
  1. Legal Notice
  2. Flow Summary
  3. Flow Settings
  4. Flow Non-Default Global Settings
  5. Flow Elapsed Time
  6. Flow OS Summary
  7. Flow Log
  8. Flow Messages
  9. Flow Suppressed Messages



----------------
; Legal Notice ;
----------------
Copyright (C) 2023  Intel Corporation. All rights reserved.
Your use of Intel Corporation's design tools, logic functions 
and other software and tools, and any partner logic 
functions, and any output files from any of the foregoing 
(including device programming or simulation files), and any 
associated documentation or information are expressly subject 
to the terms and conditions of the Intel Program License 
Subscription Agreement, the Intel Quartus Prime License Agreement,
the Intel FPGA IP License Agreement, or other applicable license
agreement, including, without limitation, that your use is for
the sole purpose of programming logic devices manufactured by
Intel and sold by Intel or its authorized distributors.  Please
refer to the applicable agreement for further details, at
https://fpgasoftware.intel.com/eula.



+-------------------------------------------------------------------------------------+
; Flow Summary                                                                        ;
+------------------------------------+------------------------------------------------+
; Flow Status                        ; Successful - Sat Sep  6 07:36:57 2025          ;
; Quartus Prime Version              ; 23.1std.0 Build 991 11/28/2023 SC Lite Edition ;
; Revision Name                      ; PE2526                                         ;
; Top-level Entity Name              ; PE_FPGA_top                                    ;
; Family                             ; MAX 10                                         ;
; Device                             ; 10M50DAF484C6GES                               ;
; Timing Models                      ; Preliminary                                    ;
; Total logic elements               ; 1,206 / 49,760 ( 2 % )                         ;
;     Total combinational functions  ; 841 / 49,760 ( 2 % )                           ;
;     Dedicated logic registers      ; 926 / 49,760 ( 2 % )                           ;
; Total registers                    ; 926                                            ;
; Total pins                         ; 34 / 360 ( 9 % )                               ;
; Total virtual pins                 ; 0                                              ;
; Total memory bits                  ; 112,128 / 1,677,312 ( 7 % )                    ;
; Embedded Multiplier 9-bit elements ; 0 / 288 ( 0 % )                                ;
; Total PLLs                         ; 0 / 4 ( 0 % )                                  ;
; UFM blocks                         ; 0 / 1 ( 0 % )                                  ;
; ADC blocks                         ; 0 / 2 ( 0 % )                                  ;
+------------------------------------+------------------------------------------------+


+-----------------------------------------+
; Flow Settings                           ;
+-------------------+---------------------+
; Option            ; Setting             ;
+-------------------+---------------------+
; Start date & time ; 09/06/2025 07:35:55 ;
; Main task         ; Compilation         ;
; Revision Name     ; PE2526              ;
+-------------------+---------------------+


+-----------------------------------------------------------------------------------------------------------------------------------------------------------------------------------------------------------------------------------------------+
; Flow Non-Default Global Settings                                                                                                                                                                                                              ;
+----------------------------------------------+-----------------------------------------------------------------------------------------------------------------------------+----------------+-------------+-----------------------------------+
; Assignment Name                              ; Value                                                                                                                       ; Default Value  ; Entity Name ; Section Id                        ;
+----------------------------------------------+-----------------------------------------------------------------------------------------------------------------------------+----------------+-------------+-----------------------------------+
; COMPILER_SIGNATURE_ID                        ; 220964530599585.175713335521220                                                                                             ; --             ; --          ; --                                ;
; EDA_GENERATE_FUNCTIONAL_NETLIST              ; Off                                                                                                                         ; --             ; --          ; eda_board_design_timing           ;
; EDA_GENERATE_FUNCTIONAL_NETLIST              ; Off                                                                                                                         ; --             ; --          ; eda_board_design_boundary_scan    ;
; EDA_GENERATE_FUNCTIONAL_NETLIST              ; Off                                                                                                                         ; --             ; --          ; eda_board_design_signal_integrity ;
; EDA_GENERATE_FUNCTIONAL_NETLIST              ; Off                                                                                                                         ; --             ; --          ; eda_board_design_symbol           ;
; EDA_OUTPUT_DATA_FORMAT                       ; Verilog Hdl                                                                                                                 ; --             ; --          ; eda_simulation                    ;
; EDA_SIMULATION_TOOL                          ; Questa Intel FPGA (Verilog)                                                                                                 ; <None>         ; --          ; --                                ;
; EDA_TIME_SCALE                               ; 1 ps                                                                                                                        ; --             ; --          ; eda_simulation                    ;
; ENABLE_SIGNALTAP                             ; On                                                                                                                          ; --             ; --          ; --                                ;
; MAX_CORE_JUNCTION_TEMP                       ; 85                                                                                                                          ; --             ; --          ; --                                ;
; MAX_NUMBER_OF_REGISTERS_FROM_UNINFERRED_RAMS ; 0                                                                                                                           ; -1 (Unlimited) ; --          ; --                                ;
; MIN_CORE_JUNCTION_TEMP                       ; 0                                                                                                                           ; --             ; --          ; --                                ;
; PARTITION_COLOR                              ; -- (Not supported for targeted family)                                                                                      ; --             ; PE_FPGA_top ; Top                               ;
; PARTITION_FITTER_PRESERVATION_LEVEL          ; -- (Not supported for targeted family)                                                                                      ; --             ; PE_FPGA_top ; Top                               ;
; PARTITION_NETLIST_TYPE                       ; -- (Not supported for targeted family)                                                                                      ; --             ; PE_FPGA_top ; Top                               ;
; POWER_BOARD_THERMAL_MODEL                    ; None (CONSERVATIVE)                                                                                                         ; --             ; --          ; --                                ;
; POWER_PRESET_COOLING_SOLUTION                ; 23 MM HEAT SINK WITH 200 LFPM AIRFLOW                                                                                       ; --             ; --          ; --                                ;
; PROJECT_OUTPUT_DIRECTORY                     ; output_files                                                                                                                ; --             ; --          ; --                                ;
; SLD_FILE                                     ; db/stp1_auto_stripped.stp                                                                                                   ; --             ; --          ; --                                ;
; SLD_NODE_CREATOR_ID                          ; 110                                                                                                                         ; --             ; --          ; auto_signaltap_0                  ;
; SLD_NODE_ENTITY_NAME                         ; sld_signaltap                                                                                                               ; --             ; --          ; auto_signaltap_0                  ;
; SLD_NODE_PARAMETER_ASSIGNMENT                ; SLD_RAM_BLOCK_TYPE=AUTO                                                                                                     ; --             ; --          ; auto_signaltap_0                  ;
; SLD_NODE_PARAMETER_ASSIGNMENT                ; SLD_NODE_INFO=805334528                                                                                                     ; --             ; --          ; auto_signaltap_0                  ;
; SLD_NODE_PARAMETER_ASSIGNMENT                ; SLD_POWER_UP_TRIGGER=0                                                                                                      ; --             ; --          ; auto_signaltap_0                  ;
; SLD_NODE_PARAMETER_ASSIGNMENT                ; SLD_STORAGE_QUALIFIER_INVERSION_MASK_LENGTH=0                                                                               ; --             ; --          ; auto_signaltap_0                  ;
; SLD_NODE_PARAMETER_ASSIGNMENT                ; SLD_SEGMENT_SIZE=512                                                                                                        ; --             ; --          ; auto_signaltap_0                  ;
; SLD_NODE_PARAMETER_ASSIGNMENT                ; SLD_ATTRIBUTE_MEM_MODE=OFF                                                                                                  ; --             ; --          ; auto_signaltap_0                  ;
; SLD_NODE_PARAMETER_ASSIGNMENT                ; SLD_STATE_FLOW_USE_GENERATED=0                                                                                              ; --             ; --          ; auto_signaltap_0                  ;
; SLD_NODE_PARAMETER_ASSIGNMENT                ; SLD_STATE_BITS=11                                                                                                           ; --             ; --          ; auto_signaltap_0                  ;
; SLD_NODE_PARAMETER_ASSIGNMENT                ; SLD_BUFFER_FULL_STOP=1                                                                                                      ; --             ; --          ; auto_signaltap_0                  ;
; SLD_NODE_PARAMETER_ASSIGNMENT                ; SLD_CURRENT_RESOURCE_WIDTH=1                                                                                                ; --             ; --          ; auto_signaltap_0                  ;
; SLD_NODE_PARAMETER_ASSIGNMENT                ; SLD_INCREMENTAL_ROUTING=1                                                                                                   ; --             ; --          ; auto_signaltap_0                  ;
; SLD_NODE_PARAMETER_ASSIGNMENT                ; SLD_TRIGGER_LEVEL=1                                                                                                         ; --             ; --          ; auto_signaltap_0                  ;
; SLD_NODE_PARAMETER_ASSIGNMENT                ; SLD_SAMPLE_DEPTH=512                                                                                                        ; --             ; --          ; auto_signaltap_0                  ;
; SLD_NODE_PARAMETER_ASSIGNMENT                ; SLD_TRIGGER_IN_ENABLED=0                                                                                                    ; --             ; --          ; auto_signaltap_0                  ;
; SLD_NODE_PARAMETER_ASSIGNMENT                ; SLD_TRIGGER_PIPELINE=0                                                                                                      ; --             ; --          ; auto_signaltap_0                  ;
; SLD_NODE_PARAMETER_ASSIGNMENT                ; SLD_RAM_PIPELINE=0                                                                                                          ; --             ; --          ; auto_signaltap_0                  ;
; SLD_NODE_PARAMETER_ASSIGNMENT                ; SLD_COUNTER_PIPELINE=0                                                                                                      ; --             ; --          ; auto_signaltap_0                  ;
; SLD_NODE_PARAMETER_ASSIGNMENT                ; SLD_ADVANCED_TRIGGER_ENTITY=basic,1,                                                                                        ; --             ; --          ; auto_signaltap_0                  ;
; SLD_NODE_PARAMETER_ASSIGNMENT                ; SLD_TRIGGER_LEVEL_PIPELINE=1                                                                                                ; --             ; --          ; auto_signaltap_0                  ;
; SLD_NODE_PARAMETER_ASSIGNMENT                ; SLD_ENABLE_ADVANCED_TRIGGER=0                                                                                               ; --             ; --          ; auto_signaltap_0                  ;
; SLD_NODE_PARAMETER_ASSIGNMENT                ; SLD_DATA_BITS=27                                                                                                            ; --             ; --          ; auto_signaltap_0                  ;
; SLD_NODE_PARAMETER_ASSIGNMENT                ; SLD_TRIGGER_BITS=27                                                                                                         ; --             ; --          ; auto_signaltap_0                  ;
; SLD_NODE_PARAMETER_ASSIGNMENT                ; SLD_STORAGE_QUALIFIER_BITS=27                                                                                               ; --             ; --          ; auto_signaltap_0                  ;
; SLD_NODE_PARAMETER_ASSIGNMENT                ; SLD_INVERSION_MASK=00000000000000000000000000000000000000000000000000000000000000000000000000000000000000000000000000000000 ; --             ; --          ; auto_signaltap_0                  ;
; SLD_NODE_PARAMETER_ASSIGNMENT                ; SLD_INVERSION_MASK_LENGTH=104                                                                                               ; --             ; --          ; auto_signaltap_0                  ;
; TOP_LEVEL_ENTITY                             ; PE_FPGA_top                                                                                                                 ; PE2526         ; --          ; --                                ;
; USE_SIGNALTAP_FILE                           ; output_files/stp1.stp                                                                                                       ; --             ; --          ; --                                ;
+----------------------------------------------+-----------------------------------------------------------------------------------------------------------------------------+----------------+-------------+-----------------------------------+


+--------------------------------------------------------------------------------------------------------------------------+
; Flow Elapsed Time                                                                                                        ;
+----------------------+--------------+-------------------------+---------------------+------------------------------------+
; Module Name          ; Elapsed Time ; Average Processors Used ; Peak Virtual Memory ; Total CPU Time (on all processors) ;
+----------------------+--------------+-------------------------+---------------------+------------------------------------+
; Analysis & Synthesis ; 00:00:32     ; 1.0                     ; 4907 MB             ; 00:01:00                           ;
; Partition Merge      ; 00:00:01     ; 1.0                     ; 4714 MB             ; 00:00:01                           ;
; Fitter               ; 00:00:13     ; 1.2                     ; 5674 MB             ; 00:00:20                           ;
; Assembler            ; 00:00:04     ; 1.0                     ; 4820 MB             ; 00:00:04                           ;
; Timing Analyzer      ; 00:00:03     ; 1.5                     ; 4913 MB             ; 00:00:05                           ;
; EDA Netlist Writer   ; 00:00:02     ; 1.0                     ; 4690 MB             ; 00:00:02                           ;
; Total                ; 00:00:55     ; --                      ; --                  ; 00:01:32                           ;
+----------------------+--------------+-------------------------+---------------------+------------------------------------+


+------------------------------------------------------------------------------------+
; Flow OS Summary                                                                    ;
+----------------------+------------------+------------+------------+----------------+
; Module Name          ; Machine Hostname ; OS Name    ; OS Version ; Processor type ;
+----------------------+------------------+------------+------------+----------------+
; Analysis & Synthesis ; DESKTOP-FNFQ0T5  ; Windows 10 ; 10.0       ; x86_64         ;
; Partition Merge      ; DESKTOP-FNFQ0T5  ; Windows 10 ; 10.0       ; x86_64         ;
; Fitter               ; DESKTOP-FNFQ0T5  ; Windows 10 ; 10.0       ; x86_64         ;
; Assembler            ; DESKTOP-FNFQ0T5  ; Windows 10 ; 10.0       ; x86_64         ;
; Timing Analyzer      ; DESKTOP-FNFQ0T5  ; Windows 10 ; 10.0       ; x86_64         ;
; EDA Netlist Writer   ; DESKTOP-FNFQ0T5  ; Windows 10 ; 10.0       ; x86_64         ;
+----------------------+------------------+------------+------------+----------------+


------------
; Flow Log ;
------------
quartus_map --read_settings_files=on --write_settings_files=off PE2526 -c PE2526
quartus_cdb --read_settings_files=off --write_settings_files=off PE2526 -c PE2526 --merge=on
quartus_fit --read_settings_files=off --write_settings_files=off PE2526 -c PE2526
quartus_asm --read_settings_files=off --write_settings_files=off PE2526 -c PE2526
quartus_sta PE2526 -c PE2526
quartus_eda --read_settings_files=off --write_settings_files=off PE2526 -c PE2526



