Timing Analyzer report for PE2526
Sat Aug 30 09:56:51 2025
Quartus Prime Version 23.1std.0 Build 991 11/28/2023 SC Lite Edition


---------------------
; Table of Contents ;
---------------------
  1. Legal Notice
  2. Timing Analyzer Summary
  3. Parallel Compilation
  4. Clocks
  5. Slow 1200mV 85C Model Fmax Summary
  6. Slow 1200mV 85C Model Setup Summary
  7. Slow 1200mV 85C Model Hold Summary
  8. Slow 1200mV 85C Model Recovery Summary
  9. Slow 1200mV 85C Model Removal Summary
 10. Slow 1200mV 85C Model Minimum Pulse Width Summary
 11. Slow 1200mV 85C Model Metastability Summary
 12. Slow 1200mV 0C Model Fmax Summary
 13. Slow 1200mV 0C Model Setup Summary
 14. Slow 1200mV 0C Model Hold Summary
 15. Slow 1200mV 0C Model Recovery Summary
 16. Slow 1200mV 0C Model Removal Summary
 17. Slow 1200mV 0C Model Minimum Pulse Width Summary
 18. Slow 1200mV 0C Model Metastability Summary
 19. Fast 1200mV 0C Model Setup Summary
 20. Fast 1200mV 0C Model Hold Summary
 21. Fast 1200mV 0C Model Recovery Summary
 22. Fast 1200mV 0C Model Removal Summary
 23. Fast 1200mV 0C Model Minimum Pulse Width Summary
 24. Fast 1200mV 0C Model Metastability Summary
 25. Multicorner Timing Analysis Summary
 26. Board Trace Model Assignments
 27. Input Transition Times
 28. Signal Integrity Metrics (Slow 1200mv 0c Model)
 29. Signal Integrity Metrics (Slow 1200mv 85c Model)
 30. Signal Integrity Metrics (Fast 1200mv 0c Model)
 31. Setup Transfers
 32. Hold Transfers
 33. Recovery Transfers
 34. Removal Transfers
 35. Report TCCS
 36. Report RSKM
 37. Unconstrained Paths Summary
 38. Clock Status Summary
 39. Unconstrained Input Ports
 40. Unconstrained Output Ports
 41. Unconstrained Input Ports
 42. Unconstrained Output Ports
 43. Timing Analyzer Messages



----------------
; Legal Notice ;
----------------
Copyright (C) 2023  Intel Corporation. All rights reserved.
Your use of Intel Corporation's design tools, logic functions 
and other software and tools, and any partner logic 
functions, and any output files from any of the foregoing 
(including device programming or simulation files), and any 
associated documentation or information are expressly subject 
to the terms and conditions of the Intel Program License 
Subscription Agreement, the Intel Quartus Prime License Agreement,
the Intel FPGA IP License Agreement, or other applicable license
agreement, including, without limitation, that your use is for
the sole purpose of programming logic devices manufactured by
Intel and sold by Intel or its authorized distributors.  Please
refer to the applicable agreement for further details, at
https://fpgasoftware.intel.com/eula.



+--------------------------------------------------------------------------------+
; Timing Analyzer Summary                                                        ;
+-----------------------+--------------------------------------------------------+
; Quartus Prime Version ; Version 23.1std.0 Build 991 11/28/2023 SC Lite Edition ;
; Timing Analyzer       ; Legacy Timing Analyzer                                 ;
; Revision Name         ; PE2526                                                 ;
; Device Family         ; MAX 10                                                 ;
; Device Name           ; 10M50DAF484C6GES                                       ;
; Timing Models         ; Preliminary                                            ;
; Delay Model           ; Combined                                               ;
; Rise/Fall Delays      ; Enabled                                                ;
+-----------------------+--------------------------------------------------------+


+------------------------------------------+
; Parallel Compilation                     ;
+----------------------------+-------------+
; Processors                 ; Number      ;
+----------------------------+-------------+
; Number detected on machine ; 8           ;
; Maximum allowed            ; 4           ;
;                            ;             ;
; Average used               ; 1.28        ;
; Maximum used               ; 4           ;
;                            ;             ;
; Usage by Processor         ; % Time Used ;
;     Processor 1            ; 100.0%      ;
;     Processor 2            ;   9.3%      ;
;     Processors 3-4         ;   9.1%      ;
+----------------------------+-------------+


+----------------------------------------------------------------------------------------------------------------------------------------------------------------------------------------------+
; Clocks                                                                                                                                                                                       ;
+---------------+------+--------+------------+-------+-------+------------+-----------+-------------+-------+--------+-----------+------------+----------+--------+--------+-------------------+
; Clock Name    ; Type ; Period ; Frequency  ; Rise  ; Fall  ; Duty Cycle ; Divide by ; Multiply by ; Phase ; Offset ; Edge List ; Edge Shift ; Inverted ; Master ; Source ; Targets           ;
+---------------+------+--------+------------+-------+-------+------------+-----------+-------------+-------+--------+-----------+------------+----------+--------+--------+-------------------+
; MAX10_CLK1_50 ; Base ; 1.000  ; 1000.0 MHz ; 0.000 ; 0.500 ;            ;           ;             ;       ;        ;           ;            ;          ;        ;        ; { MAX10_CLK1_50 } ;
+---------------+------+--------+------------+-------+-------+------------+-----------+-------------+-------+--------+-----------+------------+----------+--------+--------+-------------------+


+-----------------------------------------------------+
; Slow 1200mV 85C Model Fmax Summary                  ;
+------------+-----------------+---------------+------+
; Fmax       ; Restricted Fmax ; Clock Name    ; Note ;
+------------+-----------------+---------------+------+
; 237.53 MHz ; 237.53 MHz      ; MAX10_CLK1_50 ;      ;
+------------+-----------------+---------------+------+
This panel reports FMAX for every clock in the design, regardless of the user-specified clock periods.  FMAX is only computed for paths where the source and destination registers or ports are driven by the same clock.  Paths of different clocks, including generated clocks, are ignored.  For paths between a clock and its inversion, FMAX is computed as if the rising and falling edges are scaled along with FMAX, such that the duty cycle (in terms of a percentage) is maintained. Altera recommends that you always use clock constraints and other slack reports for sign-off analysis.


+----------------------------------------+
; Slow 1200mV 85C Model Setup Summary    ;
+---------------+--------+---------------+
; Clock         ; Slack  ; End Point TNS ;
+---------------+--------+---------------+
; MAX10_CLK1_50 ; -3.210 ; -547.047      ;
+---------------+--------+---------------+


+---------------------------------------+
; Slow 1200mV 85C Model Hold Summary    ;
+---------------+-------+---------------+
; Clock         ; Slack ; End Point TNS ;
+---------------+-------+---------------+
; MAX10_CLK1_50 ; 0.310 ; 0.000         ;
+---------------+-------+---------------+


+----------------------------------------+
; Slow 1200mV 85C Model Recovery Summary ;
+---------------+--------+---------------+
; Clock         ; Slack  ; End Point TNS ;
+---------------+--------+---------------+
; MAX10_CLK1_50 ; -0.819 ; -51.670       ;
+---------------+--------+---------------+


+---------------------------------------+
; Slow 1200mV 85C Model Removal Summary ;
+---------------+-------+---------------+
; Clock         ; Slack ; End Point TNS ;
+---------------+-------+---------------+
; MAX10_CLK1_50 ; 0.643 ; 0.000         ;
+---------------+-------+---------------+


+---------------------------------------------------+
; Slow 1200mV 85C Model Minimum Pulse Width Summary ;
+---------------+--------+--------------------------+
; Clock         ; Slack  ; End Point TNS            ;
+---------------+--------+--------------------------+
; MAX10_CLK1_50 ; -3.000 ; -379.088                 ;
+---------------+--------+--------------------------+


-----------------------------------------------
; Slow 1200mV 85C Model Metastability Summary ;
-----------------------------------------------
No synchronizer chains to report.


+--------------------------------------------------------------------------------------------------------------+
; Slow 1200mV 0C Model Fmax Summary                                                                            ;
+------------+-----------------+---------------+---------------------------------------------------------------+
; Fmax       ; Restricted Fmax ; Clock Name    ; Note                                                          ;
+------------+-----------------+---------------+---------------------------------------------------------------+
; 260.21 MHz ; 250.0 MHz       ; MAX10_CLK1_50 ; limit due to minimum period restriction (max I/O toggle rate) ;
+------------+-----------------+---------------+---------------------------------------------------------------+
This panel reports FMAX for every clock in the design, regardless of the user-specified clock periods.  FMAX is only computed for paths where the source and destination registers or ports are driven by the same clock.  Paths of different clocks, including generated clocks, are ignored.  For paths between a clock and its inversion, FMAX is computed as if the rising and falling edges are scaled along with FMAX, such that the duty cycle (in terms of a percentage) is maintained. Altera recommends that you always use clock constraints and other slack reports for sign-off analysis.


+----------------------------------------+
; Slow 1200mV 0C Model Setup Summary     ;
+---------------+--------+---------------+
; Clock         ; Slack  ; End Point TNS ;
+---------------+--------+---------------+
; MAX10_CLK1_50 ; -2.843 ; -476.611      ;
+---------------+--------+---------------+


+---------------------------------------+
; Slow 1200mV 0C Model Hold Summary     ;
+---------------+-------+---------------+
; Clock         ; Slack ; End Point TNS ;
+---------------+-------+---------------+
; MAX10_CLK1_50 ; 0.281 ; 0.000         ;
+---------------+-------+---------------+


+----------------------------------------+
; Slow 1200mV 0C Model Recovery Summary  ;
+---------------+--------+---------------+
; Clock         ; Slack  ; End Point TNS ;
+---------------+--------+---------------+
; MAX10_CLK1_50 ; -0.650 ; -36.292       ;
+---------------+--------+---------------+


+---------------------------------------+
; Slow 1200mV 0C Model Removal Summary  ;
+---------------+-------+---------------+
; Clock         ; Slack ; End Point TNS ;
+---------------+-------+---------------+
; MAX10_CLK1_50 ; 0.595 ; 0.000         ;
+---------------+-------+---------------+


+--------------------------------------------------+
; Slow 1200mV 0C Model Minimum Pulse Width Summary ;
+---------------+--------+-------------------------+
; Clock         ; Slack  ; End Point TNS           ;
+---------------+--------+-------------------------+
; MAX10_CLK1_50 ; -3.000 ; -371.044                ;
+---------------+--------+-------------------------+


----------------------------------------------
; Slow 1200mV 0C Model Metastability Summary ;
----------------------------------------------
No synchronizer chains to report.


+----------------------------------------+
; Fast 1200mV 0C Model Setup Summary     ;
+---------------+--------+---------------+
; Clock         ; Slack  ; End Point TNS ;
+---------------+--------+---------------+
; MAX10_CLK1_50 ; -0.977 ; -132.126      ;
+---------------+--------+---------------+


+---------------------------------------+
; Fast 1200mV 0C Model Hold Summary     ;
+---------------+-------+---------------+
; Clock         ; Slack ; End Point TNS ;
+---------------+-------+---------------+
; MAX10_CLK1_50 ; 0.142 ; 0.000         ;
+---------------+-------+---------------+


+---------------------------------------+
; Fast 1200mV 0C Model Recovery Summary ;
+---------------+-------+---------------+
; Clock         ; Slack ; End Point TNS ;
+---------------+-------+---------------+
; MAX10_CLK1_50 ; 0.108 ; 0.000         ;
+---------------+-------+---------------+


+---------------------------------------+
; Fast 1200mV 0C Model Removal Summary  ;
+---------------+-------+---------------+
; Clock         ; Slack ; End Point TNS ;
+---------------+-------+---------------+
; MAX10_CLK1_50 ; 0.301 ; 0.000         ;
+---------------+-------+---------------+


+--------------------------------------------------+
; Fast 1200mV 0C Model Minimum Pulse Width Summary ;
+---------------+--------+-------------------------+
; Clock         ; Slack  ; End Point TNS           ;
+---------------+--------+-------------------------+
; MAX10_CLK1_50 ; -3.000 ; -321.015                ;
+---------------+--------+-------------------------+


----------------------------------------------
; Fast 1200mV 0C Model Metastability Summary ;
----------------------------------------------
No synchronizer chains to report.


+--------------------------------------------------------------------------------+
; Multicorner Timing Analysis Summary                                            ;
+------------------+----------+-------+----------+---------+---------------------+
; Clock            ; Setup    ; Hold  ; Recovery ; Removal ; Minimum Pulse Width ;
+------------------+----------+-------+----------+---------+---------------------+
; Worst-case Slack ; -3.210   ; 0.142 ; -0.819   ; 0.301   ; -3.000              ;
;  MAX10_CLK1_50   ; -3.210   ; 0.142 ; -0.819   ; 0.301   ; -3.000              ;
; Design-wide TNS  ; -547.047 ; 0.0   ; -51.67   ; 0.0     ; -379.088            ;
;  MAX10_CLK1_50   ; -547.047 ; 0.000 ; -51.670  ; 0.000   ; -379.088            ;
+------------------+----------+-------+----------+---------+---------------------+


+-----------------------------------------------------------------------------------------------------------------------------------------------------------------------------------------------------------------------------------------------------------------------------------------------------------------------------------------------------------------------------------------------------------------+
; Board Trace Model Assignments                                                                                                                                                                                                                                                                                                                                                                                   ;
+--------------+--------------+-------------------+-------------------------+-------------------------+---------------+---------------------+----------------+------------------+--------+------------------+------------------------+------------------------+--------------+---------------+-----------------+-------+---------------------+--------------------+---------------+-----------------+-------------+
; Pin          ; I/O Standard ; Near Tline Length ; Near Tline L per Length ; Near Tline C per Length ; Near Series R ; Near Differential R ; Near Pull-up R ; Near Pull-down R ; Near C ; Far Tline Length ; Far Tline L per Length ; Far Tline C per Length ; Far Series R ; Far Pull-up R ; Far Pull-down R ; Far C ; Termination Voltage ; Far Differential R ; EBD File Name ; EBD Signal Name ; EBD Far-end ;
+--------------+--------------+-------------------+-------------------------+-------------------------+---------------+---------------------+----------------+------------------+--------+------------------+------------------------+------------------------+--------------+---------------+-----------------+-------+---------------------+--------------------+---------------+-----------------+-------------+
; LEDR[0]      ; 3.3-V LVTTL  ; 0 in              ; 0 H/in                  ; 0 F/in                  ; short         ; -                   ; open           ; open             ; open   ; 0 in             ; 0 H/in                 ; 0 F/in                 ; short        ; open          ; open            ; open  ; 0 V                 ; -                  ; n/a           ; n/a             ; n/a         ;
; LEDR[1]      ; 3.3-V LVTTL  ; 0 in              ; 0 H/in                  ; 0 F/in                  ; short         ; -                   ; open           ; open             ; open   ; 0 in             ; 0 H/in                 ; 0 F/in                 ; short        ; open          ; open            ; open  ; 0 V                 ; -                  ; n/a           ; n/a             ; n/a         ;
; LEDR[2]      ; 3.3-V LVTTL  ; 0 in              ; 0 H/in                  ; 0 F/in                  ; short         ; -                   ; open           ; open             ; open   ; 0 in             ; 0 H/in                 ; 0 F/in                 ; short        ; open          ; open            ; open  ; 0 V                 ; -                  ; n/a           ; n/a             ; n/a         ;
; LEDR[3]      ; 3.3-V LVTTL  ; 0 in              ; 0 H/in                  ; 0 F/in                  ; short         ; -                   ; open           ; open             ; open   ; 0 in             ; 0 H/in                 ; 0 F/in                 ; short        ; open          ; open            ; open  ; 0 V                 ; -                  ; n/a           ; n/a             ; n/a         ;
; LEDR[4]      ; 3.3-V LVTTL  ; 0 in              ; 0 H/in                  ; 0 F/in                  ; short         ; -                   ; open           ; open             ; open   ; 0 in             ; 0 H/in                 ; 0 F/in                 ; short        ; open          ; open            ; open  ; 0 V                 ; -                  ; n/a           ; n/a             ; n/a         ;
; LEDR[5]      ; 3.3-V LVTTL  ; 0 in              ; 0 H/in                  ; 0 F/in                  ; short         ; -                   ; open           ; open             ; open   ; 0 in             ; 0 H/in                 ; 0 F/in                 ; short        ; open          ; open            ; open  ; 0 V                 ; -                  ; n/a           ; n/a             ; n/a         ;
; LEDR[6]      ; 3.3-V LVTTL  ; 0 in              ; 0 H/in                  ; 0 F/in                  ; short         ; -                   ; open           ; open             ; open   ; 0 in             ; 0 H/in                 ; 0 F/in                 ; short        ; open          ; open            ; open  ; 0 V                 ; -                  ; n/a           ; n/a             ; n/a         ;
; LEDR[7]      ; 3.3-V LVTTL  ; 0 in              ; 0 H/in                  ; 0 F/in                  ; short         ; -                   ; open           ; open             ; open   ; 0 in             ; 0 H/in                 ; 0 F/in                 ; short        ; open          ; open            ; open  ; 0 V                 ; -                  ; n/a           ; n/a             ; n/a         ;
; LEDR[8]      ; 3.3-V LVTTL  ; 0 in              ; 0 H/in                  ; 0 F/in                  ; short         ; -                   ; open           ; open             ; open   ; 0 in             ; 0 H/in                 ; 0 F/in                 ; short        ; open          ; open            ; open  ; 0 V                 ; -                  ; n/a           ; n/a             ; n/a         ;
; LEDR[9]      ; 3.3-V LVTTL  ; 0 in              ; 0 H/in                  ; 0 F/in                  ; short         ; -                   ; open           ; open             ; open   ; 0 in             ; 0 H/in                 ; 0 F/in                 ; short        ; open          ; open            ; open  ; 0 V                 ; -                  ; n/a           ; n/a             ; n/a         ;
; oTx_Serial   ; 3.3-V LVTTL  ; 0 in              ; 0 H/in                  ; 0 F/in                  ; short         ; -                   ; open           ; open             ; open   ; 0 in             ; 0 H/in                 ; 0 F/in                 ; short        ; open          ; open            ; open  ; 0 V                 ; -                  ; n/a           ; n/a             ; n/a         ;
; clk_1hz      ; 3.3-V LVTTL  ; 0 in              ; 0 H/in                  ; 0 F/in                  ; short         ; -                   ; open           ; open             ; open   ; 0 in             ; 0 H/in                 ; 0 F/in                 ; short        ; open          ; open            ; open  ; 0 V                 ; -                  ; n/a           ; n/a             ; n/a         ;
; xor_tot      ; 3.3-V LVTTL  ; 0 in              ; 0 H/in                  ; 0 F/in                  ; short         ; -                   ; open           ; open             ; open   ; 0 in             ; 0 H/in                 ; 0 F/in                 ; short        ; open          ; open            ; open  ; 0 V                 ; -                  ; n/a           ; n/a             ; n/a         ;
; xor_tot2     ; 2.5 V        ; 0 in              ; 0 H/in                  ; 0 F/in                  ; short         ; -                   ; open           ; open             ; open   ; 0 in             ; 0 H/in                 ; 0 F/in                 ; short        ; open          ; open            ; open  ; 0 V                 ; -                  ; n/a           ; n/a             ; n/a         ;
; ~ALTERA_TDO~ ; 2.5 V        ; 0 in              ; 0 H/in                  ; 0 F/in                  ; short         ; -                   ; open           ; open             ; open   ; 0 in             ; 0 H/in                 ; 0 F/in                 ; short        ; open          ; open            ; open  ; 0 V                 ; -                  ; n/a           ; n/a             ; n/a         ;
+--------------+--------------+-------------------+-------------------------+-------------------------+---------------+---------------------+----------------+------------------+--------+------------------+------------------------+------------------------+--------------+---------------+-----------------+-------+---------------------+--------------------+---------------+-----------------+-------------+


+---------------------------------------------------------------------------------+
; Input Transition Times                                                          ;
+---------------------+-----------------------+-----------------+-----------------+
; Pin                 ; I/O Standard          ; 10-90 Rise Time ; 90-10 Fall Time ;
+---------------------+-----------------------+-----------------+-----------------+
; iRx_serial          ; 3.3-V LVTTL           ; 2640 ps         ; 2640 ps         ;
; MAX10_CLK1_50       ; 3.3-V LVTTL           ; 2640 ps         ; 2640 ps         ;
; KEY[1]              ; 3.3 V Schmitt Trigger ; 2640 ps         ; 2640 ps         ;
; KEY[0]              ; 3.3 V Schmitt Trigger ; 2640 ps         ; 2640 ps         ;
; ~ALTERA_TMS~        ; 2.5 V Schmitt Trigger ; 2000 ps         ; 2000 ps         ;
; ~ALTERA_TCK~        ; 2.5 V Schmitt Trigger ; 2000 ps         ; 2000 ps         ;
; ~ALTERA_TDI~        ; 2.5 V Schmitt Trigger ; 2000 ps         ; 2000 ps         ;
; ~ALTERA_CONFIG_SEL~ ; 2.5 V                 ; 2000 ps         ; 2000 ps         ;
; ~ALTERA_nCONFIG~    ; 2.5 V Schmitt Trigger ; 2000 ps         ; 2000 ps         ;
; ~ALTERA_nSTATUS~    ; 2.5 V Schmitt Trigger ; 2000 ps         ; 2000 ps         ;
; ~ALTERA_CONF_DONE~  ; 2.5 V Schmitt Trigger ; 2000 ps         ; 2000 ps         ;
+---------------------+-----------------------+-----------------+-----------------+


+-------------------------------------------------------------------------------------------------------------------------------------------------------------------------------------------------------------------------------------------------------------------------------------------------------------------------------------------------------------------------------------------------------------------------------------------------------------------------------------------------------------------------------------------------------------------------------------------------------------------------------------------------------------------------------------------+
; Signal Integrity Metrics (Slow 1200mv 0c Model)                                                                                                                                                                                                                                                                                                                                                                                                                                                                                                                                                                                                                                           ;
+--------------+--------------+---------------------+---------------------+------------------------------+------------------------------+---------------------+---------------------+--------------------------------------+--------------------------------------+-----------------------------+-----------------------------+----------------------------+----------------------------+-----------------------------+-----------------------------+--------------------+--------------------+-------------------------------------+-------------------------------------+----------------------------+----------------------------+---------------------------+---------------------------+
; Pin          ; I/O Standard ; Board Delay on Rise ; Board Delay on Fall ; Steady State Voh at FPGA Pin ; Steady State Vol at FPGA Pin ; Voh Max at FPGA Pin ; Vol Min at FPGA Pin ; Ringback Voltage on Rise at FPGA Pin ; Ringback Voltage on Fall at FPGA Pin ; 10-90 Rise Time at FPGA Pin ; 90-10 Fall Time at FPGA Pin ; Monotonic Rise at FPGA Pin ; Monotonic Fall at FPGA Pin ; Steady State Voh at Far-end ; Steady State Vol at Far-end ; Voh Max at Far-end ; Vol Min at Far-end ; Ringback Voltage on Rise at Far-end ; Ringback Voltage on Fall at Far-end ; 10-90 Rise Time at Far-end ; 90-10 Fall Time at Far-end ; Monotonic Rise at Far-end ; Monotonic Fall at Far-end ;
+--------------+--------------+---------------------+---------------------+------------------------------+------------------------------+---------------------+---------------------+--------------------------------------+--------------------------------------+-----------------------------+-----------------------------+----------------------------+----------------------------+-----------------------------+-----------------------------+--------------------+--------------------+-------------------------------------+-------------------------------------+----------------------------+----------------------------+---------------------------+---------------------------+
; LEDR[0]      ; 3.3-V LVTTL  ; 0 s                 ; 0 s                 ; 3.08 V                       ; 5.27e-08 V                   ; 3.23 V              ; -0.106 V            ; 0.46 V                               ; 0.281 V                              ; 3.06e-10 s                  ; 4.34e-10 s                  ; No                         ; Yes                        ; 3.08 V                      ; 5.27e-08 V                  ; 3.23 V             ; -0.106 V           ; 0.46 V                              ; 0.281 V                             ; 3.06e-10 s                 ; 4.34e-10 s                 ; No                        ; Yes                       ;
; LEDR[1]      ; 3.3-V LVTTL  ; 0 s                 ; 0 s                 ; 3.08 V                       ; 5.27e-08 V                   ; 3.23 V              ; -0.107 V            ; 0.46 V                               ; 0.279 V                              ; 3.06e-10 s                  ; 4.34e-10 s                  ; No                         ; Yes                        ; 3.08 V                      ; 5.27e-08 V                  ; 3.23 V             ; -0.107 V           ; 0.46 V                              ; 0.279 V                             ; 3.06e-10 s                 ; 4.34e-10 s                 ; No                        ; Yes                       ;
; LEDR[2]      ; 3.3-V LVTTL  ; 0 s                 ; 0 s                 ; 3.08 V                       ; 5.27e-08 V                   ; 3.23 V              ; -0.106 V            ; 0.46 V                               ; 0.281 V                              ; 3.06e-10 s                  ; 4.34e-10 s                  ; No                         ; Yes                        ; 3.08 V                      ; 5.27e-08 V                  ; 3.23 V             ; -0.106 V           ; 0.46 V                              ; 0.281 V                             ; 3.06e-10 s                 ; 4.34e-10 s                 ; No                        ; Yes                       ;
; LEDR[3]      ; 3.3-V LVTTL  ; 0 s                 ; 0 s                 ; 3.08 V                       ; 5.27e-08 V                   ; 3.23 V              ; -0.107 V            ; 0.46 V                               ; 0.279 V                              ; 3.06e-10 s                  ; 4.34e-10 s                  ; No                         ; Yes                        ; 3.08 V                      ; 5.27e-08 V                  ; 3.23 V             ; -0.107 V           ; 0.46 V                              ; 0.279 V                             ; 3.06e-10 s                 ; 4.34e-10 s                 ; No                        ; Yes                       ;
; LEDR[4]      ; 3.3-V LVTTL  ; 0 s                 ; 0 s                 ; 3.08 V                       ; 5.27e-08 V                   ; 3.23 V              ; -0.106 V            ; 0.46 V                               ; 0.281 V                              ; 3.06e-10 s                  ; 4.34e-10 s                  ; No                         ; Yes                        ; 3.08 V                      ; 5.27e-08 V                  ; 3.23 V             ; -0.106 V           ; 0.46 V                              ; 0.281 V                             ; 3.06e-10 s                 ; 4.34e-10 s                 ; No                        ; Yes                       ;
; LEDR[5]      ; 3.3-V LVTTL  ; 0 s                 ; 0 s                 ; 3.08 V                       ; 5.27e-08 V                   ; 3.23 V              ; -0.106 V            ; 0.46 V                               ; 0.281 V                              ; 3.06e-10 s                  ; 4.34e-10 s                  ; No                         ; Yes                        ; 3.08 V                      ; 5.27e-08 V                  ; 3.23 V             ; -0.106 V           ; 0.46 V                              ; 0.281 V                             ; 3.06e-10 s                 ; 4.34e-10 s                 ; No                        ; Yes                       ;
; LEDR[6]      ; 3.3-V LVTTL  ; 0 s                 ; 0 s                 ; 3.08 V                       ; 5.27e-08 V                   ; 3.23 V              ; -0.106 V            ; 0.46 V                               ; 0.281 V                              ; 3.06e-10 s                  ; 4.34e-10 s                  ; No                         ; Yes                        ; 3.08 V                      ; 5.27e-08 V                  ; 3.23 V             ; -0.106 V           ; 0.46 V                              ; 0.281 V                             ; 3.06e-10 s                 ; 4.34e-10 s                 ; No                        ; Yes                       ;
; LEDR[7]      ; 3.3-V LVTTL  ; 0 s                 ; 0 s                 ; 3.08 V                       ; 5.27e-08 V                   ; 3.23 V              ; -0.107 V            ; 0.46 V                               ; 0.279 V                              ; 3.06e-10 s                  ; 4.34e-10 s                  ; No                         ; Yes                        ; 3.08 V                      ; 5.27e-08 V                  ; 3.23 V             ; -0.107 V           ; 0.46 V                              ; 0.279 V                             ; 3.06e-10 s                 ; 4.34e-10 s                 ; No                        ; Yes                       ;
; LEDR[8]      ; 3.3-V LVTTL  ; 0 s                 ; 0 s                 ; 3.08 V                       ; 5.27e-08 V                   ; 3.23 V              ; -0.107 V            ; 0.46 V                               ; 0.279 V                              ; 3.06e-10 s                  ; 4.34e-10 s                  ; No                         ; Yes                        ; 3.08 V                      ; 5.27e-08 V                  ; 3.23 V             ; -0.107 V           ; 0.46 V                              ; 0.279 V                             ; 3.06e-10 s                 ; 4.34e-10 s                 ; No                        ; Yes                       ;
; LEDR[9]      ; 3.3-V LVTTL  ; 0 s                 ; 0 s                 ; 3.08 V                       ; 5.27e-08 V                   ; 3.23 V              ; -0.106 V            ; 0.46 V                               ; 0.281 V                              ; 3.06e-10 s                  ; 4.34e-10 s                  ; No                         ; Yes                        ; 3.08 V                      ; 5.27e-08 V                  ; 3.23 V             ; -0.106 V           ; 0.46 V                              ; 0.281 V                             ; 3.06e-10 s                 ; 4.34e-10 s                 ; No                        ; Yes                       ;
; oTx_Serial   ; 3.3-V LVTTL  ; 0 s                 ; 0 s                 ; 3.08 V                       ; 5.27e-08 V                   ; 3.23 V              ; -0.107 V            ; 0.46 V                               ; 0.279 V                              ; 3.06e-10 s                  ; 4.34e-10 s                  ; No                         ; Yes                        ; 3.08 V                      ; 5.27e-08 V                  ; 3.23 V             ; -0.107 V           ; 0.46 V                              ; 0.279 V                             ; 3.06e-10 s                 ; 4.34e-10 s                 ; No                        ; Yes                       ;
; clk_1hz      ; 3.3-V LVTTL  ; 0 s                 ; 0 s                 ; 3.08 V                       ; 5.27e-08 V                   ; 3.23 V              ; -0.106 V            ; 0.46 V                               ; 0.281 V                              ; 3.06e-10 s                  ; 4.34e-10 s                  ; No                         ; Yes                        ; 3.08 V                      ; 5.27e-08 V                  ; 3.23 V             ; -0.106 V           ; 0.46 V                              ; 0.281 V                             ; 3.06e-10 s                 ; 4.34e-10 s                 ; No                        ; Yes                       ;
; xor_tot      ; 3.3-V LVTTL  ; 0 s                 ; 0 s                 ; 3.08 V                       ; 5.27e-08 V                   ; 3.23 V              ; -0.107 V            ; 0.46 V                               ; 0.279 V                              ; 3.06e-10 s                  ; 4.34e-10 s                  ; No                         ; Yes                        ; 3.08 V                      ; 5.27e-08 V                  ; 3.23 V             ; -0.107 V           ; 0.46 V                              ; 0.279 V                             ; 3.06e-10 s                 ; 4.34e-10 s                 ; No                        ; Yes                       ;
; xor_tot2     ; 2.5 V        ; 0 s                 ; 0 s                 ; 2.32 V                       ; 1.17e-08 V                   ; 2.42 V              ; -0.0607 V           ; 0.271 V                              ; 0.095 V                              ; 2.93e-10 s                  ; 3.92e-10 s                  ; No                         ; Yes                        ; 2.32 V                      ; 1.17e-08 V                  ; 2.42 V             ; -0.0607 V          ; 0.271 V                             ; 0.095 V                             ; 2.93e-10 s                 ; 3.92e-10 s                 ; No                        ; Yes                       ;
; ~ALTERA_TDO~ ; 2.5 V        ; 0 s                 ; 0 s                 ; 2.32 V                       ; 1.97e-08 V                   ; 2.4 V               ; -0.0233 V           ; 0.201 V                              ; 0.081 V                              ; 4.59e-10 s                  ; 5.51e-10 s                  ; No                         ; Yes                        ; 2.32 V                      ; 1.97e-08 V                  ; 2.4 V              ; -0.0233 V          ; 0.201 V                             ; 0.081 V                             ; 4.59e-10 s                 ; 5.51e-10 s                 ; No                        ; Yes                       ;
+--------------+--------------+---------------------+---------------------+------------------------------+------------------------------+---------------------+---------------------+--------------------------------------+--------------------------------------+-----------------------------+-----------------------------+----------------------------+----------------------------+-----------------------------+-----------------------------+--------------------+--------------------+-------------------------------------+-------------------------------------+----------------------------+----------------------------+---------------------------+---------------------------+


+-------------------------------------------------------------------------------------------------------------------------------------------------------------------------------------------------------------------------------------------------------------------------------------------------------------------------------------------------------------------------------------------------------------------------------------------------------------------------------------------------------------------------------------------------------------------------------------------------------------------------------------------------------------------------------------------+
; Signal Integrity Metrics (Slow 1200mv 85c Model)                                                                                                                                                                                                                                                                                                                                                                                                                                                                                                                                                                                                                                          ;
+--------------+--------------+---------------------+---------------------+------------------------------+------------------------------+---------------------+---------------------+--------------------------------------+--------------------------------------+-----------------------------+-----------------------------+----------------------------+----------------------------+-----------------------------+-----------------------------+--------------------+--------------------+-------------------------------------+-------------------------------------+----------------------------+----------------------------+---------------------------+---------------------------+
; Pin          ; I/O Standard ; Board Delay on Rise ; Board Delay on Fall ; Steady State Voh at FPGA Pin ; Steady State Vol at FPGA Pin ; Voh Max at FPGA Pin ; Vol Min at FPGA Pin ; Ringback Voltage on Rise at FPGA Pin ; Ringback Voltage on Fall at FPGA Pin ; 10-90 Rise Time at FPGA Pin ; 90-10 Fall Time at FPGA Pin ; Monotonic Rise at FPGA Pin ; Monotonic Fall at FPGA Pin ; Steady State Voh at Far-end ; Steady State Vol at Far-end ; Voh Max at Far-end ; Vol Min at Far-end ; Ringback Voltage on Rise at Far-end ; Ringback Voltage on Fall at Far-end ; 10-90 Rise Time at Far-end ; 90-10 Fall Time at Far-end ; Monotonic Rise at Far-end ; Monotonic Fall at Far-end ;
+--------------+--------------+---------------------+---------------------+------------------------------+------------------------------+---------------------+---------------------+--------------------------------------+--------------------------------------+-----------------------------+-----------------------------+----------------------------+----------------------------+-----------------------------+-----------------------------+--------------------+--------------------+-------------------------------------+-------------------------------------+----------------------------+----------------------------+---------------------------+---------------------------+
; LEDR[0]      ; 3.3-V LVTTL  ; 0 s                 ; 0 s                 ; 3.08 V                       ; 5.35e-06 V                   ; 3.17 V              ; -0.0587 V           ; 0.248 V                              ; 0.173 V                              ; 4.61e-10 s                  ; 6e-10 s                     ; No                         ; No                         ; 3.08 V                      ; 5.35e-06 V                  ; 3.17 V             ; -0.0587 V          ; 0.248 V                             ; 0.173 V                             ; 4.61e-10 s                 ; 6e-10 s                    ; No                        ; No                        ;
; LEDR[1]      ; 3.3-V LVTTL  ; 0 s                 ; 0 s                 ; 3.08 V                       ; 5.35e-06 V                   ; 3.17 V              ; -0.0592 V           ; 0.248 V                              ; 0.172 V                              ; 4.61e-10 s                  ; 6e-10 s                     ; No                         ; No                         ; 3.08 V                      ; 5.35e-06 V                  ; 3.17 V             ; -0.0592 V          ; 0.248 V                             ; 0.172 V                             ; 4.61e-10 s                 ; 6e-10 s                    ; No                        ; No                        ;
; LEDR[2]      ; 3.3-V LVTTL  ; 0 s                 ; 0 s                 ; 3.08 V                       ; 5.35e-06 V                   ; 3.17 V              ; -0.0587 V           ; 0.248 V                              ; 0.173 V                              ; 4.61e-10 s                  ; 6e-10 s                     ; No                         ; No                         ; 3.08 V                      ; 5.35e-06 V                  ; 3.17 V             ; -0.0587 V          ; 0.248 V                             ; 0.173 V                             ; 4.61e-10 s                 ; 6e-10 s                    ; No                        ; No                        ;
; LEDR[3]      ; 3.3-V LVTTL  ; 0 s                 ; 0 s                 ; 3.08 V                       ; 5.35e-06 V                   ; 3.17 V              ; -0.0592 V           ; 0.248 V                              ; 0.172 V                              ; 4.61e-10 s                  ; 6e-10 s                     ; No                         ; No                         ; 3.08 V                      ; 5.35e-06 V                  ; 3.17 V             ; -0.0592 V          ; 0.248 V                             ; 0.172 V                             ; 4.61e-10 s                 ; 6e-10 s                    ; No                        ; No                        ;
; LEDR[4]      ; 3.3-V LVTTL  ; 0 s                 ; 0 s                 ; 3.08 V                       ; 5.35e-06 V                   ; 3.17 V              ; -0.0587 V           ; 0.248 V                              ; 0.173 V                              ; 4.61e-10 s                  ; 6e-10 s                     ; No                         ; No                         ; 3.08 V                      ; 5.35e-06 V                  ; 3.17 V             ; -0.0587 V          ; 0.248 V                             ; 0.173 V                             ; 4.61e-10 s                 ; 6e-10 s                    ; No                        ; No                        ;
; LEDR[5]      ; 3.3-V LVTTL  ; 0 s                 ; 0 s                 ; 3.08 V                       ; 5.35e-06 V                   ; 3.17 V              ; -0.0587 V           ; 0.248 V                              ; 0.173 V                              ; 4.61e-10 s                  ; 6e-10 s                     ; No                         ; No                         ; 3.08 V                      ; 5.35e-06 V                  ; 3.17 V             ; -0.0587 V          ; 0.248 V                             ; 0.173 V                             ; 4.61e-10 s                 ; 6e-10 s                    ; No                        ; No                        ;
; LEDR[6]      ; 3.3-V LVTTL  ; 0 s                 ; 0 s                 ; 3.08 V                       ; 5.35e-06 V                   ; 3.17 V              ; -0.0587 V           ; 0.248 V                              ; 0.173 V                              ; 4.61e-10 s                  ; 6e-10 s                     ; No                         ; No                         ; 3.08 V                      ; 5.35e-06 V                  ; 3.17 V             ; -0.0587 V          ; 0.248 V                             ; 0.173 V                             ; 4.61e-10 s                 ; 6e-10 s                    ; No                        ; No                        ;
; LEDR[7]      ; 3.3-V LVTTL  ; 0 s                 ; 0 s                 ; 3.08 V                       ; 5.35e-06 V                   ; 3.17 V              ; -0.0592 V           ; 0.248 V                              ; 0.172 V                              ; 4.61e-10 s                  ; 6e-10 s                     ; No                         ; No                         ; 3.08 V                      ; 5.35e-06 V                  ; 3.17 V             ; -0.0592 V          ; 0.248 V                             ; 0.172 V                             ; 4.61e-10 s                 ; 6e-10 s                    ; No                        ; No                        ;
; LEDR[8]      ; 3.3-V LVTTL  ; 0 s                 ; 0 s                 ; 3.08 V                       ; 5.35e-06 V                   ; 3.17 V              ; -0.0592 V           ; 0.248 V                              ; 0.172 V                              ; 4.61e-10 s                  ; 6e-10 s                     ; No                         ; No                         ; 3.08 V                      ; 5.35e-06 V                  ; 3.17 V             ; -0.0592 V          ; 0.248 V                             ; 0.172 V                             ; 4.61e-10 s                 ; 6e-10 s                    ; No                        ; No                        ;
; LEDR[9]      ; 3.3-V LVTTL  ; 0 s                 ; 0 s                 ; 3.08 V                       ; 5.35e-06 V                   ; 3.17 V              ; -0.0587 V           ; 0.248 V                              ; 0.173 V                              ; 4.61e-10 s                  ; 6e-10 s                     ; No                         ; No                         ; 3.08 V                      ; 5.35e-06 V                  ; 3.17 V             ; -0.0587 V          ; 0.248 V                             ; 0.173 V                             ; 4.61e-10 s                 ; 6e-10 s                    ; No                        ; No                        ;
; oTx_Serial   ; 3.3-V LVTTL  ; 0 s                 ; 0 s                 ; 3.08 V                       ; 5.35e-06 V                   ; 3.17 V              ; -0.0592 V           ; 0.248 V                              ; 0.172 V                              ; 4.61e-10 s                  ; 6e-10 s                     ; No                         ; No                         ; 3.08 V                      ; 5.35e-06 V                  ; 3.17 V             ; -0.0592 V          ; 0.248 V                             ; 0.172 V                             ; 4.61e-10 s                 ; 6e-10 s                    ; No                        ; No                        ;
; clk_1hz      ; 3.3-V LVTTL  ; 0 s                 ; 0 s                 ; 3.08 V                       ; 5.35e-06 V                   ; 3.17 V              ; -0.0587 V           ; 0.248 V                              ; 0.173 V                              ; 4.61e-10 s                  ; 6e-10 s                     ; No                         ; No                         ; 3.08 V                      ; 5.35e-06 V                  ; 3.17 V             ; -0.0587 V          ; 0.248 V                             ; 0.173 V                             ; 4.61e-10 s                 ; 6e-10 s                    ; No                        ; No                        ;
; xor_tot      ; 3.3-V LVTTL  ; 0 s                 ; 0 s                 ; 3.08 V                       ; 5.35e-06 V                   ; 3.17 V              ; -0.0592 V           ; 0.248 V                              ; 0.172 V                              ; 4.61e-10 s                  ; 6e-10 s                     ; No                         ; No                         ; 3.08 V                      ; 5.35e-06 V                  ; 3.17 V             ; -0.0592 V          ; 0.248 V                             ; 0.172 V                             ; 4.61e-10 s                 ; 6e-10 s                    ; No                        ; No                        ;
; xor_tot2     ; 2.5 V        ; 0 s                 ; 0 s                 ; 2.32 V                       ; 1.79e-06 V                   ; 2.38 V              ; -0.041 V            ; 0.145 V                              ; 0.14 V                               ; 4.54e-10 s                  ; 4.3e-10 s                   ; No                         ; Yes                        ; 2.32 V                      ; 1.79e-06 V                  ; 2.38 V             ; -0.041 V           ; 0.145 V                             ; 0.14 V                              ; 4.54e-10 s                 ; 4.3e-10 s                  ; No                        ; Yes                       ;
; ~ALTERA_TDO~ ; 2.5 V        ; 0 s                 ; 0 s                 ; 2.32 V                       ; 3.04e-06 V                   ; 2.37 V              ; -0.0108 V           ; 0.13 V                               ; 0.066 V                              ; 6.33e-10 s                  ; 6.45e-10 s                  ; No                         ; Yes                        ; 2.32 V                      ; 3.04e-06 V                  ; 2.37 V             ; -0.0108 V          ; 0.13 V                              ; 0.066 V                             ; 6.33e-10 s                 ; 6.45e-10 s                 ; No                        ; Yes                       ;
+--------------+--------------+---------------------+---------------------+------------------------------+------------------------------+---------------------+---------------------+--------------------------------------+--------------------------------------+-----------------------------+-----------------------------+----------------------------+----------------------------+-----------------------------+-----------------------------+--------------------+--------------------+-------------------------------------+-------------------------------------+----------------------------+----------------------------+---------------------------+---------------------------+


+-------------------------------------------------------------------------------------------------------------------------------------------------------------------------------------------------------------------------------------------------------------------------------------------------------------------------------------------------------------------------------------------------------------------------------------------------------------------------------------------------------------------------------------------------------------------------------------------------------------------------------------------------------------------------------------------+
; Signal Integrity Metrics (Fast 1200mv 0c Model)                                                                                                                                                                                                                                                                                                                                                                                                                                                                                                                                                                                                                                           ;
+--------------+--------------+---------------------+---------------------+------------------------------+------------------------------+---------------------+---------------------+--------------------------------------+--------------------------------------+-----------------------------+-----------------------------+----------------------------+----------------------------+-----------------------------+-----------------------------+--------------------+--------------------+-------------------------------------+-------------------------------------+----------------------------+----------------------------+---------------------------+---------------------------+
; Pin          ; I/O Standard ; Board Delay on Rise ; Board Delay on Fall ; Steady State Voh at FPGA Pin ; Steady State Vol at FPGA Pin ; Voh Max at FPGA Pin ; Vol Min at FPGA Pin ; Ringback Voltage on Rise at FPGA Pin ; Ringback Voltage on Fall at FPGA Pin ; 10-90 Rise Time at FPGA Pin ; 90-10 Fall Time at FPGA Pin ; Monotonic Rise at FPGA Pin ; Monotonic Fall at FPGA Pin ; Steady State Voh at Far-end ; Steady State Vol at Far-end ; Voh Max at Far-end ; Vol Min at Far-end ; Ringback Voltage on Rise at Far-end ; Ringback Voltage on Fall at Far-end ; 10-90 Rise Time at Far-end ; 90-10 Fall Time at Far-end ; Monotonic Rise at Far-end ; Monotonic Fall at Far-end ;
+--------------+--------------+---------------------+---------------------+------------------------------+------------------------------+---------------------+---------------------+--------------------------------------+--------------------------------------+-----------------------------+-----------------------------+----------------------------+----------------------------+-----------------------------+-----------------------------+--------------------+--------------------+-------------------------------------+-------------------------------------+----------------------------+----------------------------+---------------------------+---------------------------+
; LEDR[0]      ; 3.3-V LVTTL  ; 0 s                 ; 0 s                 ; 3.46 V                       ; 5.04e-07 V                   ; 3.65 V              ; -0.0209 V           ; 0.391 V                              ; 0.09 V                               ; 2.79e-10 s                  ; 3.95e-10 s                  ; No                         ; Yes                        ; 3.46 V                      ; 5.04e-07 V                  ; 3.65 V             ; -0.0209 V          ; 0.391 V                             ; 0.09 V                              ; 2.79e-10 s                 ; 3.95e-10 s                 ; No                        ; Yes                       ;
; LEDR[1]      ; 3.3-V LVTTL  ; 0 s                 ; 0 s                 ; 3.46 V                       ; 5.04e-07 V                   ; 3.64 V              ; -0.0201 V           ; 0.391 V                              ; 0.088 V                              ; 2.79e-10 s                  ; 3.95e-10 s                  ; No                         ; Yes                        ; 3.46 V                      ; 5.04e-07 V                  ; 3.64 V             ; -0.0201 V          ; 0.391 V                             ; 0.088 V                             ; 2.79e-10 s                 ; 3.95e-10 s                 ; No                        ; Yes                       ;
; LEDR[2]      ; 3.3-V LVTTL  ; 0 s                 ; 0 s                 ; 3.46 V                       ; 5.04e-07 V                   ; 3.65 V              ; -0.0209 V           ; 0.391 V                              ; 0.09 V                               ; 2.79e-10 s                  ; 3.95e-10 s                  ; No                         ; Yes                        ; 3.46 V                      ; 5.04e-07 V                  ; 3.65 V             ; -0.0209 V          ; 0.391 V                             ; 0.09 V                              ; 2.79e-10 s                 ; 3.95e-10 s                 ; No                        ; Yes                       ;
; LEDR[3]      ; 3.3-V LVTTL  ; 0 s                 ; 0 s                 ; 3.46 V                       ; 5.04e-07 V                   ; 3.64 V              ; -0.0201 V           ; 0.391 V                              ; 0.088 V                              ; 2.79e-10 s                  ; 3.95e-10 s                  ; No                         ; Yes                        ; 3.46 V                      ; 5.04e-07 V                  ; 3.64 V             ; -0.0201 V          ; 0.391 V                             ; 0.088 V                             ; 2.79e-10 s                 ; 3.95e-10 s                 ; No                        ; Yes                       ;
; LEDR[4]      ; 3.3-V LVTTL  ; 0 s                 ; 0 s                 ; 3.46 V                       ; 5.04e-07 V                   ; 3.65 V              ; -0.0209 V           ; 0.391 V                              ; 0.09 V                               ; 2.79e-10 s                  ; 3.95e-10 s                  ; No                         ; Yes                        ; 3.46 V                      ; 5.04e-07 V                  ; 3.65 V             ; -0.0209 V          ; 0.391 V                             ; 0.09 V                              ; 2.79e-10 s                 ; 3.95e-10 s                 ; No                        ; Yes                       ;
; LEDR[5]      ; 3.3-V LVTTL  ; 0 s                 ; 0 s                 ; 3.46 V                       ; 5.04e-07 V                   ; 3.65 V              ; -0.0209 V           ; 0.391 V                              ; 0.09 V                               ; 2.79e-10 s                  ; 3.95e-10 s                  ; No                         ; Yes                        ; 3.46 V                      ; 5.04e-07 V                  ; 3.65 V             ; -0.0209 V          ; 0.391 V                             ; 0.09 V                              ; 2.79e-10 s                 ; 3.95e-10 s                 ; No                        ; Yes                       ;
; LEDR[6]      ; 3.3-V LVTTL  ; 0 s                 ; 0 s                 ; 3.46 V                       ; 5.04e-07 V                   ; 3.65 V              ; -0.0209 V           ; 0.391 V                              ; 0.09 V                               ; 2.79e-10 s                  ; 3.95e-10 s                  ; No                         ; Yes                        ; 3.46 V                      ; 5.04e-07 V                  ; 3.65 V             ; -0.0209 V          ; 0.391 V                             ; 0.09 V                              ; 2.79e-10 s                 ; 3.95e-10 s                 ; No                        ; Yes                       ;
; LEDR[7]      ; 3.3-V LVTTL  ; 0 s                 ; 0 s                 ; 3.46 V                       ; 5.04e-07 V                   ; 3.64 V              ; -0.0201 V           ; 0.391 V                              ; 0.088 V                              ; 2.79e-10 s                  ; 3.95e-10 s                  ; No                         ; Yes                        ; 3.46 V                      ; 5.04e-07 V                  ; 3.64 V             ; -0.0201 V          ; 0.391 V                             ; 0.088 V                             ; 2.79e-10 s                 ; 3.95e-10 s                 ; No                        ; Yes                       ;
; LEDR[8]      ; 3.3-V LVTTL  ; 0 s                 ; 0 s                 ; 3.46 V                       ; 5.04e-07 V                   ; 3.64 V              ; -0.0201 V           ; 0.391 V                              ; 0.088 V                              ; 2.79e-10 s                  ; 3.95e-10 s                  ; No                         ; Yes                        ; 3.46 V                      ; 5.04e-07 V                  ; 3.64 V             ; -0.0201 V          ; 0.391 V                             ; 0.088 V                             ; 2.79e-10 s                 ; 3.95e-10 s                 ; No                        ; Yes                       ;
; LEDR[9]      ; 3.3-V LVTTL  ; 0 s                 ; 0 s                 ; 3.46 V                       ; 5.04e-07 V                   ; 3.65 V              ; -0.0209 V           ; 0.391 V                              ; 0.09 V                               ; 2.79e-10 s                  ; 3.95e-10 s                  ; No                         ; Yes                        ; 3.46 V                      ; 5.04e-07 V                  ; 3.65 V             ; -0.0209 V          ; 0.391 V                             ; 0.09 V                              ; 2.79e-10 s                 ; 3.95e-10 s                 ; No                        ; Yes                       ;
; oTx_Serial   ; 3.3-V LVTTL  ; 0 s                 ; 0 s                 ; 3.46 V                       ; 5.04e-07 V                   ; 3.64 V              ; -0.0201 V           ; 0.391 V                              ; 0.088 V                              ; 2.79e-10 s                  ; 3.95e-10 s                  ; No                         ; Yes                        ; 3.46 V                      ; 5.04e-07 V                  ; 3.64 V             ; -0.0201 V          ; 0.391 V                             ; 0.088 V                             ; 2.79e-10 s                 ; 3.95e-10 s                 ; No                        ; Yes                       ;
; clk_1hz      ; 3.3-V LVTTL  ; 0 s                 ; 0 s                 ; 3.46 V                       ; 5.04e-07 V                   ; 3.65 V              ; -0.0209 V           ; 0.391 V                              ; 0.09 V                               ; 2.79e-10 s                  ; 3.95e-10 s                  ; No                         ; Yes                        ; 3.46 V                      ; 5.04e-07 V                  ; 3.65 V             ; -0.0209 V          ; 0.391 V                             ; 0.09 V                              ; 2.79e-10 s                 ; 3.95e-10 s                 ; No                        ; Yes                       ;
; xor_tot      ; 3.3-V LVTTL  ; 0 s                 ; 0 s                 ; 3.46 V                       ; 5.04e-07 V                   ; 3.64 V              ; -0.0201 V           ; 0.391 V                              ; 0.088 V                              ; 2.79e-10 s                  ; 3.95e-10 s                  ; No                         ; Yes                        ; 3.46 V                      ; 5.04e-07 V                  ; 3.64 V             ; -0.0201 V          ; 0.391 V                             ; 0.088 V                             ; 2.79e-10 s                 ; 3.95e-10 s                 ; No                        ; Yes                       ;
; xor_tot2     ; 2.5 V        ; 0 s                 ; 0 s                 ; 2.62 V                       ; 9.94e-08 V                   ; 2.78 V              ; -0.0444 V           ; 0.25 V                               ; 0.107 V                              ; 2.67e-10 s                  ; 2.75e-10 s                  ; No                         ; Yes                        ; 2.62 V                      ; 9.94e-08 V                  ; 2.78 V             ; -0.0444 V          ; 0.25 V                              ; 0.107 V                             ; 2.67e-10 s                 ; 2.75e-10 s                 ; No                        ; Yes                       ;
; ~ALTERA_TDO~ ; 2.5 V        ; 0 s                 ; 0 s                 ; 2.62 V                       ; 1.68e-07 V                   ; 2.73 V              ; -0.0395 V           ; 0.361 V                              ; 0.109 V                              ; 3.11e-10 s                  ; 4.41e-10 s                  ; No                         ; Yes                        ; 2.62 V                      ; 1.68e-07 V                  ; 2.73 V             ; -0.0395 V          ; 0.361 V                             ; 0.109 V                             ; 3.11e-10 s                 ; 4.41e-10 s                 ; No                        ; Yes                       ;
+--------------+--------------+---------------------+---------------------+------------------------------+------------------------------+---------------------+---------------------+--------------------------------------+--------------------------------------+-----------------------------+-----------------------------+----------------------------+----------------------------+-----------------------------+-----------------------------+--------------------+--------------------+-------------------------------------+-------------------------------------+----------------------------+----------------------------+---------------------------+---------------------------+


+---------------------------------------------------------------------------+
; Setup Transfers                                                           ;
+---------------+---------------+----------+----------+----------+----------+
; From Clock    ; To Clock      ; RR Paths ; FR Paths ; RF Paths ; FF Paths ;
+---------------+---------------+----------+----------+----------+----------+
; MAX10_CLK1_50 ; MAX10_CLK1_50 ; 7769     ; 0        ; 0        ; 0        ;
+---------------+---------------+----------+----------+----------+----------+
Entries labeled "false path" only account for clock-to-clock false paths and not path-based false paths. As a result, actual path counts may be lower than reported.


+---------------------------------------------------------------------------+
; Hold Transfers                                                            ;
+---------------+---------------+----------+----------+----------+----------+
; From Clock    ; To Clock      ; RR Paths ; FR Paths ; RF Paths ; FF Paths ;
+---------------+---------------+----------+----------+----------+----------+
; MAX10_CLK1_50 ; MAX10_CLK1_50 ; 7769     ; 0        ; 0        ; 0        ;
+---------------+---------------+----------+----------+----------+----------+
Entries labeled "false path" only account for clock-to-clock false paths and not path-based false paths. As a result, actual path counts may be lower than reported.


+---------------------------------------------------------------------------+
; Recovery Transfers                                                        ;
+---------------+---------------+----------+----------+----------+----------+
; From Clock    ; To Clock      ; RR Paths ; FR Paths ; RF Paths ; FF Paths ;
+---------------+---------------+----------+----------+----------+----------+
; MAX10_CLK1_50 ; MAX10_CLK1_50 ; 119      ; 0        ; 0        ; 0        ;
+---------------+---------------+----------+----------+----------+----------+
Entries labeled "false path" only account for clock-to-clock false paths and not path-based false paths. As a result, actual path counts may be lower than reported.


+---------------------------------------------------------------------------+
; Removal Transfers                                                         ;
+---------------+---------------+----------+----------+----------+----------+
; From Clock    ; To Clock      ; RR Paths ; FR Paths ; RF Paths ; FF Paths ;
+---------------+---------------+----------+----------+----------+----------+
; MAX10_CLK1_50 ; MAX10_CLK1_50 ; 119      ; 0        ; 0        ; 0        ;
+---------------+---------------+----------+----------+----------+----------+
Entries labeled "false path" only account for clock-to-clock false paths and not path-based false paths. As a result, actual path counts may be lower than reported.


---------------
; Report TCCS ;
---------------
No dedicated SERDES Transmitter circuitry present in device or used in design


---------------
; Report RSKM ;
---------------
No non-DPA dedicated SERDES Receiver circuitry present in device or used in design


+------------------------------------------------+
; Unconstrained Paths Summary                    ;
+---------------------------------+-------+------+
; Property                        ; Setup ; Hold ;
+---------------------------------+-------+------+
; Illegal Clocks                  ; 0     ; 0    ;
; Unconstrained Clocks            ; 0     ; 0    ;
; Unconstrained Input Ports       ; 2     ; 2    ;
; Unconstrained Input Port Paths  ; 2     ; 2    ;
; Unconstrained Output Ports      ; 14    ; 14   ;
; Unconstrained Output Port Paths ; 35    ; 35   ;
+---------------------------------+-------+------+


+----------------------------------------------------+
; Clock Status Summary                               ;
+---------------+---------------+------+-------------+
; Target        ; Clock         ; Type ; Status      ;
+---------------+---------------+------+-------------+
; MAX10_CLK1_50 ; MAX10_CLK1_50 ; Base ; Constrained ;
+---------------+---------------+------+-------------+


+---------------------------------------------------------------------------------------------------+
; Unconstrained Input Ports                                                                         ;
+------------+--------------------------------------------------------------------------------------+
; Input Port ; Comment                                                                              ;
+------------+--------------------------------------------------------------------------------------+
; KEY[0]     ; No input delay, min/max delays, false-path exceptions, or max skew assignments found ;
; KEY[1]     ; No input delay, min/max delays, false-path exceptions, or max skew assignments found ;
+------------+--------------------------------------------------------------------------------------+


+-----------------------------------------------------------------------------------------------------+
; Unconstrained Output Ports                                                                          ;
+-------------+---------------------------------------------------------------------------------------+
; Output Port ; Comment                                                                               ;
+-------------+---------------------------------------------------------------------------------------+
; LEDR[0]     ; No output delay, min/max delays, false-path exceptions, or max skew assignments found ;
; LEDR[1]     ; No output delay, min/max delays, false-path exceptions, or max skew assignments found ;
; LEDR[2]     ; No output delay, min/max delays, false-path exceptions, or max skew assignments found ;
; LEDR[3]     ; No output delay, min/max delays, false-path exceptions, or max skew assignments found ;
; LEDR[4]     ; No output delay, min/max delays, false-path exceptions, or max skew assignments found ;
; LEDR[5]     ; No output delay, min/max delays, false-path exceptions, or max skew assignments found ;
; LEDR[6]     ; No output delay, min/max delays, false-path exceptions, or max skew assignments found ;
; LEDR[7]     ; No output delay, min/max delays, false-path exceptions, or max skew assignments found ;
; LEDR[8]     ; No output delay, min/max delays, false-path exceptions, or max skew assignments found ;
; LEDR[9]     ; No output delay, min/max delays, false-path exceptions, or max skew assignments found ;
; clk_1hz     ; No output delay, min/max delays, false-path exceptions, or max skew assignments found ;
; oTx_Serial  ; No output delay, min/max delays, false-path exceptions, or max skew assignments found ;
; xor_tot     ; No output delay, min/max delays, false-path exceptions, or max skew assignments found ;
; xor_tot2    ; No output delay, min/max delays, false-path exceptions, or max skew assignments found ;
+-------------+---------------------------------------------------------------------------------------+


+---------------------------------------------------------------------------------------------------+
; Unconstrained Input Ports                                                                         ;
+------------+--------------------------------------------------------------------------------------+
; Input Port ; Comment                                                                              ;
+------------+--------------------------------------------------------------------------------------+
; KEY[0]     ; No input delay, min/max delays, false-path exceptions, or max skew assignments found ;
; KEY[1]     ; No input delay, min/max delays, false-path exceptions, or max skew assignments found ;
+------------+--------------------------------------------------------------------------------------+


+-----------------------------------------------------------------------------------------------------+
; Unconstrained Output Ports                                                                          ;
+-------------+---------------------------------------------------------------------------------------+
; Output Port ; Comment                                                                               ;
+-------------+---------------------------------------------------------------------------------------+
; LEDR[0]     ; No output delay, min/max delays, false-path exceptions, or max skew assignments found ;
; LEDR[1]     ; No output delay, min/max delays, false-path exceptions, or max skew assignments found ;
; LEDR[2]     ; No output delay, min/max delays, false-path exceptions, or max skew assignments found ;
; LEDR[3]     ; No output delay, min/max delays, false-path exceptions, or max skew assignments found ;
; LEDR[4]     ; No output delay, min/max delays, false-path exceptions, or max skew assignments found ;
; LEDR[5]     ; No output delay, min/max delays, false-path exceptions, or max skew assignments found ;
; LEDR[6]     ; No output delay, min/max delays, false-path exceptions, or max skew assignments found ;
; LEDR[7]     ; No output delay, min/max delays, false-path exceptions, or max skew assignments found ;
; LEDR[8]     ; No output delay, min/max delays, false-path exceptions, or max skew assignments found ;
; LEDR[9]     ; No output delay, min/max delays, false-path exceptions, or max skew assignments found ;
; clk_1hz     ; No output delay, min/max delays, false-path exceptions, or max skew assignments found ;
; oTx_Serial  ; No output delay, min/max delays, false-path exceptions, or max skew assignments found ;
; xor_tot     ; No output delay, min/max delays, false-path exceptions, or max skew assignments found ;
; xor_tot2    ; No output delay, min/max delays, false-path exceptions, or max skew assignments found ;
+-------------+---------------------------------------------------------------------------------------+


+--------------------------+
; Timing Analyzer Messages ;
+--------------------------+
Info: *******************************************************************
Info: Running Quartus Prime Timing Analyzer
    Info: Version 23.1std.0 Build 991 11/28/2023 SC Lite Edition
    Info: Processing started: Sat Aug 30 09:56:48 2025
Info: Command: quartus_sta PE2526 -c PE2526
Info: qsta_default_script.tcl version: #1
Warning (20013): Ignored 24 assignments for entity "UART" -- entity does not exist in design
    Warning (20014): Assignment for entity set_instance_assignment -name PARTITION_HIERARCHY root_partition -to | -entity UART -section_id Top was ignored
    Warning (20014): Assignment for entity set_global_assignment -name PARTITION_NETLIST_TYPE SOURCE -entity UART -section_id Top was ignored
    Warning (20014): Assignment for entity set_global_assignment -name PARTITION_FITTER_PRESERVATION_LEVEL PLACEMENT_AND_ROUTING -entity UART -section_id Top was ignored
    Warning (20014): Assignment for entity set_global_assignment -name PARTITION_PRESERVE_HIGH_SPEED_TILES ON -entity UART -section_id Top was ignored
    Warning (20014): Assignment for entity set_global_assignment -name PARTITION_IGNORE_SOURCE_FILE_CHANGES OFF -entity UART -section_id Top was ignored
    Warning (20014): Assignment for entity set_global_assignment -name PARTITION_ALWAYS_USE_QXP_NETLIST OFF -entity UART -section_id Top was ignored
    Warning (20014): Assignment for entity set_global_assignment -name PARTITION_COLOR 16764057 -entity UART -section_id Top was ignored
    Warning (20014): Assignment for entity set_global_assignment -name PARTITION_IMPORT_ASSIGNMENTS ON -entity UART -section_id Top was ignored
    Warning (20014): Assignment for entity set_global_assignment -name PARTITION_IMPORT_EXISTING_ASSIGNMENTS REPLACE_CONFLICTING -entity UART -section_id Top was ignored
    Warning (20014): Assignment for entity set_global_assignment -name PARTITION_IMPORT_EXISTING_LOGICLOCK_REGIONS UPDATE_CONFLICTING -entity UART -section_id Top was ignored
    Warning (20014): Assignment for entity set_global_assignment -name PARTITION_IMPORT_PIN_ASSIGNMENTS ON -entity UART -section_id Top was ignored
    Warning (20014): Assignment for entity set_global_assignment -name PARTITION_IMPORT_PROMOTE_ASSIGNMENTS ON -entity UART -section_id Top was ignored
    Warning (20014): Assignment for entity set_global_assignment -name PARTITION_TYPE STANDARD_PARTITION -entity UART -section_id Top was ignored
    Warning (20014): Assignment for entity set_global_assignment -name ALLOW_MULTIPLE_PERSONAS OFF -entity UART -section_id Top was ignored
    Warning (20014): Assignment for entity set_global_assignment -name PARTITION_ASD_REGION_ID 1 -entity UART -section_id Top was ignored
    Warning (20014): Assignment for entity set_global_assignment -name CROSS_BOUNDARY_OPTIMIZATIONS OFF -entity UART -section_id Top was ignored
    Warning (20014): Assignment for entity set_global_assignment -name PROPAGATE_CONSTANTS_ON_INPUTS ON -entity UART -section_id Top was ignored
    Warning (20014): Assignment for entity set_global_assignment -name PROPAGATE_INVERSIONS_ON_INPUTS ON -entity UART -section_id Top was ignored
    Warning (20014): Assignment for entity set_global_assignment -name REMOVE_LOGIC_ON_UNCONNECTED_OUTPUTS ON -entity UART -section_id Top was ignored
    Warning (20014): Assignment for entity set_global_assignment -name MERGE_EQUIVALENT_INPUTS ON -entity UART -section_id Top was ignored
    Warning (20014): Assignment for entity set_global_assignment -name MERGE_EQUIVALENT_BIDIRS ON -entity UART -section_id Top was ignored
    Warning (20014): Assignment for entity set_global_assignment -name ABSORB_PATHS_FROM_OUTPUTS_TO_INPUTS ON -entity UART -section_id Top was ignored
    Warning (20014): Assignment for entity set_global_assignment -name PARTITION_EXTRACT_HARD_BLOCK_NODES ON -entity UART -section_id Top was ignored
    Warning (20014): Assignment for entity set_global_assignment -name PARTITION_ENABLE_STRICT_PRESERVATION OFF -entity UART -section_id Top was ignored
Warning (18236): Number of processors has not been specified which may cause overloading on shared machines.  Set the global assignment NUM_PARALLEL_PROCESSORS in your QSF to an appropriate value for best performance.
Info (20030): Parallel compilation is enabled and will use 4 of the 4 processors detected
Info (21077): Low junction temperature is 0 degrees C
Info (21077): High junction temperature is 85 degrees C
Critical Warning (332012): Synopsys Design Constraints File file not found: 'PE2526.sdc'. A Synopsys Design Constraints File is required by the Timing Analyzer to get proper timing constraints. Without it, the Compiler will not properly optimize the design.
Info (332142): No user constrained base clocks found in the design. Calling "derive_clocks -period 1.0"
Info (332105): Deriving Clocks
    Info (332105): create_clock -period 1.000 -name MAX10_CLK1_50 MAX10_CLK1_50
Info (332143): No user constrained clock uncertainty found in the design. Calling "derive_clock_uncertainty"
Info (332123): Deriving Clock Uncertainty. Please refer to report_sdc in the Timing Analyzer to see clock uncertainties.
Info: Found TIMING_ANALYZER_REPORT_SCRIPT_INCLUDE_DEFAULT_ANALYSIS = ON
Info: Analyzing Slow 1200mV 85C Model
Info: Can't run Report Timing Closure Recommendations. The current device family is not supported.
Critical Warning (332148): Timing requirements not met
Info (332146): Worst-case setup slack is -3.210
    Info (332119):     Slack       End Point TNS Clock 
    Info (332119): ========= =================== =====================
    Info (332119):    -3.210            -547.047 MAX10_CLK1_50 
Info (332146): Worst-case hold slack is 0.310
    Info (332119):     Slack       End Point TNS Clock 
    Info (332119): ========= =================== =====================
    Info (332119):     0.310               0.000 MAX10_CLK1_50 
Info (332146): Worst-case recovery slack is -0.819
    Info (332119):     Slack       End Point TNS Clock 
    Info (332119): ========= =================== =====================
    Info (332119):    -0.819             -51.670 MAX10_CLK1_50 
Info (332146): Worst-case removal slack is 0.643
    Info (332119):     Slack       End Point TNS Clock 
    Info (332119): ========= =================== =====================
    Info (332119):     0.643               0.000 MAX10_CLK1_50 
Info (332146): Worst-case minimum pulse width slack is -3.000
    Info (332119):     Slack       End Point TNS Clock 
    Info (332119): ========= =================== =====================
    Info (332119):    -3.000            -379.088 MAX10_CLK1_50 
Info: Analyzing Slow 1200mV 0C Model
Info (334003): Started post-fitting delay annotation
Warning (334000): Timing characteristics of device 10M50DAF484C6GES are preliminary
Info (334004): Delay annotation completed successfully
Info (332123): Deriving Clock Uncertainty. Please refer to report_sdc in the Timing Analyzer to see clock uncertainties.
Critical Warning (332148): Timing requirements not met
Info (332146): Worst-case setup slack is -2.843
    Info (332119):     Slack       End Point TNS Clock 
    Info (332119): ========= =================== =====================
    Info (332119):    -2.843            -476.611 MAX10_CLK1_50 
Info (332146): Worst-case hold slack is 0.281
    Info (332119):     Slack       End Point TNS Clock 
    Info (332119): ========= =================== =====================
    Info (332119):     0.281               0.000 MAX10_CLK1_50 
Info (332146): Worst-case recovery slack is -0.650
    Info (332119):     Slack       End Point TNS Clock 
    Info (332119): ========= =================== =====================
    Info (332119):    -0.650             -36.292 MAX10_CLK1_50 
Info (332146): Worst-case removal slack is 0.595
    Info (332119):     Slack       End Point TNS Clock 
    Info (332119): ========= =================== =====================
    Info (332119):     0.595               0.000 MAX10_CLK1_50 
Info (332146): Worst-case minimum pulse width slack is -3.000
    Info (332119):     Slack       End Point TNS Clock 
    Info (332119): ========= =================== =====================
    Info (332119):    -3.000            -371.044 MAX10_CLK1_50 
Info: Analyzing Fast 1200mV 0C Model
Info (332123): Deriving Clock Uncertainty. Please refer to report_sdc in the Timing Analyzer to see clock uncertainties.
Critical Warning (332148): Timing requirements not met
Info (332146): Worst-case setup slack is -0.977
    Info (332119):     Slack       End Point TNS Clock 
    Info (332119): ========= =================== =====================
    Info (332119):    -0.977            -132.126 MAX10_CLK1_50 
Info (332146): Worst-case hold slack is 0.142
    Info (332119):     Slack       End Point TNS Clock 
    Info (332119): ========= =================== =====================
    Info (332119):     0.142               0.000 MAX10_CLK1_50 
Info (332146): Worst-case recovery slack is 0.108
    Info (332119):     Slack       End Point TNS Clock 
    Info (332119): ========= =================== =====================
    Info (332119):     0.108               0.000 MAX10_CLK1_50 
Info (332146): Worst-case removal slack is 0.301
    Info (332119):     Slack       End Point TNS Clock 
    Info (332119): ========= =================== =====================
    Info (332119):     0.301               0.000 MAX10_CLK1_50 
Info (332146): Worst-case minimum pulse width slack is -3.000
    Info (332119):     Slack       End Point TNS Clock 
    Info (332119): ========= =================== =====================
    Info (332119):    -3.000            -321.015 MAX10_CLK1_50 
Info (332102): Design is not fully constrained for setup requirements
Info (332102): Design is not fully constrained for hold requirements
Info: Quartus Prime Timing Analyzer was successful. 0 errors, 31 warnings
    Info: Peak virtual memory: 4913 megabytes
    Info: Processing ended: Sat Aug 30 09:56:51 2025
    Info: Elapsed time: 00:00:03
    Info: Total CPU time (on all processors): 00:00:03


